{"/home/evms/housnkuh_app/server/src/config/config.ts": {"path":"/home/evms/housnkuh_app/server/src/config/config.ts","statementMap":{"0":{"start":{"line":1,"column":0},"end":{"line":11,"column":2}},"1":{"start":{"line":4,"column":4},"end":{"line":6,"column":5}},"2":{"start":{"line":5,"column":6},"end":{"line":5,"column":83}},"3":{"start":{"line":7,"column":4},"end":{"line":7,"column":102}},"4":{"start":{"line":8,"column":4},"end":{"line":8,"column":55}}},"fnMap":{"0":{"name":"(anonymous_0)","decl":{"start":{"line":3,"column":40},"end":{"line":3,"column":43}},"loc":{"start":{"line":3,"column":45},"end":{"line":9,"column":3}}}},"branchMap":{"0":{"loc":{"start":{"line":2,"column":12},"end":{"line":2,"column":73}},"type":"binary-expr","locations":[{"start":{"line":2,"column":12},"end":{"line":2,"column":33}},{"start":{"line":2,"column":37},"end":{"line":2,"column":73}}]},"1":{"loc":{"start":{"line":3,"column":13},"end":{"line":9,"column":6}},"type":"binary-expr","locations":[{"start":{"line":3,"column":13},"end":{"line":3,"column":35}},{"start":{"line":3,"column":39},"end":{"line":9,"column":6}}]},"2":{"loc":{"start":{"line":4,"column":4},"end":{"line":6,"column":5}},"type":"if","locations":[{"start":{"line":4,"column":4},"end":{"line":6,"column":5}}]},"3":{"loc":{"start":{"line":10,"column":8},"end":{"line":10,"column":32}},"type":"binary-expr","locations":[{"start":{"line":10,"column":8},"end":{"line":10,"column":24}},{"start":{"line":10,"column":28},"end":{"line":10,"column":32}}]}},"s":{"0":6,"1":6,"2":0,"3":6,"4":6},"f":{"0":6},"b":{"0":[6,6],"1":[6,6],"2":[0],"3":[6,6]}}
,"/home/evms/housnkuh_app/server/src/config/db.ts": {"path":"/home/evms/housnkuh_app/server/src/config/db.ts","statementMap":{"0":{"start":{"line":1,"column":0},"end":{"line":1,"column":32}},"1":{"start":{"line":2,"column":0},"end":{"line":2,"column":30}},"2":{"start":{"line":5,"column":2},"end":{"line":21,"column":3}},"3":{"start":{"line":7,"column":4},"end":{"line":11,"column":7}},"4":{"start":{"line":13,"column":4},"end":{"line":13,"column":67}},"5":{"start":{"line":16,"column":4},"end":{"line":16,"column":37}},"6":{"start":{"line":19,"column":4},"end":{"line":19,"column":67}},"7":{"start":{"line":20,"column":4},"end":{"line":20,"column":20}},"8":{"start":{"line":25,"column":2},"end":{"line":72,"column":3}},"9":{"start":{"line":26,"column":17},"end":{"line":26,"column":39}},"10":{"start":{"line":29,"column":4},"end":{"line":32,"column":6}},"11":{"start":{"line":34,"column":4},"end":{"line":37,"column":6}},"12":{"start":{"line":39,"column":4},"end":{"line":42,"column":6}},"13":{"start":{"line":44,"column":4},"end":{"line":47,"column":6}},"14":{"start":{"line":50,"column":4},"end":{"line":57,"column":6}},"15":{"start":{"line":60,"column":4},"end":{"line":67,"column":6}},"16":{"start":{"line":69,"column":4},"end":{"line":69,"column":60}},"17":{"start":{"line":71,"column":4},"end":{"line":71,"column":75}},"18":{"start":{"line":76,"column":0},"end":{"line":80,"column":1}},"19":{"start":{"line":77,"column":2},"end":{"line":79,"column":5}},"20":{"start":{"line":78,"column":4},"end":{"line":78,"column":94}},"21":{"start":{"line":82,"column":0},"end":{"line":82,"column":25}}},"fnMap":{"0":{"name":"connectDB","decl":{"start":{"line":4,"column":15},"end":{"line":4,"column":24}},"loc":{"start":{"line":4,"column":24},"end":{"line":22,"column":1}}},"1":{"name":"createPerformanceIndexes","decl":{"start":{"line":24,"column":15},"end":{"line":24,"column":39}},"loc":{"start":{"line":24,"column":39},"end":{"line":73,"column":1}}},"2":{"name":"(anonymous_3)","decl":{"start":{"line":77,"column":24},"end":{"line":77,"column":25}},"loc":{"start":{"line":77,"column":79},"end":{"line":79,"column":3}}}},"branchMap":{"0":{"loc":{"start":{"line":76,"column":0},"end":{"line":80,"column":1}},"type":"if","locations":[{"start":{"line":76,"column":0},"end":{"line":80,"column":1}}]}},"s":{"0":1,"1":1,"2":1,"3":1,"4":0,"5":0,"6":0,"7":0,"8":0,"9":0,"10":0,"11":0,"12":0,"13":0,"14":0,"15":0,"16":0,"17":0,"18":1,"19":0,"20":0,"21":1},"f":{"0":1,"1":0,"2":0},"b":{"0":[0]}}
,"/home/evms/housnkuh_app/server/src/controllers/adminController.ts": {"path":"/home/evms/housnkuh_app/server/src/controllers/adminController.ts","statementMap":{"0":{"start":{"line":4,"column":0},"end":{"line":4,"column":34}},"1":{"start":{"line":5,"column":0},"end":{"line":5,"column":42}},"2":{"start":{"line":6,"column":0},"end":{"line":6,"column":40}},"3":{"start":{"line":7,"column":0},"end":{"line":7,"column":42}},"4":{"start":{"line":8,"column":0},"end":{"line":8,"column":54}},"5":{"start":{"line":10,"column":0},"end":{"line":10,"column":64}},"6":{"start":{"line":11,"column":0},"end":{"line":11,"column":58}},"7":{"start":{"line":12,"column":0},"end":{"line":12,"column":65}},"8":{"start":{"line":13,"column":0},"end":{"line":13,"column":62}},"9":{"start":{"line":14,"column":0},"end":{"line":14,"column":52}},"10":{"start":{"line":15,"column":0},"end":{"line":15,"column":51}},"11":{"start":{"line":16,"column":0},"end":{"line":16,"column":60}},"12":{"start":{"line":19,"column":40},"end":{"line":38,"column":1}},"13":{"start":{"line":20,"column":2},"end":{"line":37,"column":3}},"14":{"start":{"line":21,"column":24},"end":{"line":24,"column":44}},"15":{"start":{"line":26,"column":4},"end":{"line":30,"column":7}},"16":{"start":{"line":32,"column":4},"end":{"line":32,"column":73}},"17":{"start":{"line":33,"column":4},"end":{"line":36,"column":7}},"18":{"start":{"line":19,"column":13},"end":{"line":19,"column":40}},"19":{"start":{"line":41,"column":46},"end":{"line":63,"column":1}},"20":{"start":{"line":42,"column":2},"end":{"line":62,"column":3}},"21":{"start":{"line":43,"column":21},"end":{"line":43,"column":31}},"22":{"start":{"line":45,"column":24},"end":{"line":49,"column":44}},"23":{"start":{"line":51,"column":4},"end":{"line":55,"column":7}},"24":{"start":{"line":57,"column":4},"end":{"line":57,"column":82}},"25":{"start":{"line":58,"column":4},"end":{"line":61,"column":7}},"26":{"start":{"line":41,"column":13},"end":{"line":41,"column":46}},"27":{"start":{"line":66,"column":36},"end":{"line":159,"column":1}},"28":{"start":{"line":67,"column":2},"end":{"line":158,"column":3}},"29":{"start":{"line":69,"column":21},"end":{"line":146,"column":6}},"30":{"start":{"line":84,"column":12},"end":{"line":126,"column":10}},"31":{"start":{"line":112,"column":34},"end":{"line":112,"column":76}},"32":{"start":{"line":113,"column":12},"end":{"line":113,"column":56}},"33":{"start":{"line":116,"column":34},"end":{"line":116,"column":76}},"34":{"start":{"line":117,"column":12},"end":{"line":117,"column":73}},"35":{"start":{"line":128,"column":8},"end":{"line":143,"column":10}},"36":{"start":{"line":148,"column":4},"end":{"line":151,"column":7}},"37":{"start":{"line":153,"column":4},"end":{"line":153,"column":71}},"38":{"start":{"line":154,"column":4},"end":{"line":157,"column":7}},"39":{"start":{"line":66,"column":13},"end":{"line":66,"column":36}},"40":{"start":{"line":162,"column":42},"end":{"line":197,"column":1}},"41":{"start":{"line":163,"column":2},"end":{"line":196,"column":3}},"42":{"start":{"line":164,"column":19},"end":{"line":164,"column":29}},"43":{"start":{"line":166,"column":17},"end":{"line":166,"column":40}},"44":{"start":{"line":168,"column":4},"end":{"line":174,"column":5}},"45":{"start":{"line":169,"column":6},"end":{"line":172,"column":9}},"46":{"start":{"line":173,"column":6},"end":{"line":173,"column":13}},"47":{"start":{"line":177,"column":4},"end":{"line":184,"column":5}},"48":{"start":{"line":178,"column":6},"end":{"line":178,"column":39}},"49":{"start":{"line":181,"column":6},"end":{"line":181,"column":42}},"50":{"start":{"line":182,"column":6},"end":{"line":182,"column":47}},"51":{"start":{"line":183,"column":6},"end":{"line":183,"column":24}},"52":{"start":{"line":186,"column":4},"end":{"line":189,"column":7}},"53":{"start":{"line":191,"column":4},"end":{"line":191,"column":73}},"54":{"start":{"line":192,"column":4},"end":{"line":195,"column":7}},"55":{"start":{"line":162,"column":13},"end":{"line":162,"column":42}},"56":{"start":{"line":200,"column":34},"end":{"line":231,"column":1}},"57":{"start":{"line":201,"column":2},"end":{"line":230,"column":3}},"58":{"start":{"line":202,"column":4},"end":{"line":202,"column":47}},"59":{"start":{"line":205,"column":23},"end":{"line":205,"column":97}},"60":{"start":{"line":206,"column":4},"end":{"line":206,"column":57}},"61":{"start":{"line":207,"column":4},"end":{"line":209,"column":7}},"62":{"start":{"line":208,"column":6},"end":{"line":208,"column":144}},"63":{"start":{"line":211,"column":37},"end":{"line":215,"column":58}},"64":{"start":{"line":217,"column":4},"end":{"line":217,"column":87}},"65":{"start":{"line":219,"column":4},"end":{"line":223,"column":7}},"66":{"start":{"line":225,"column":4},"end":{"line":225,"column":74}},"67":{"start":{"line":226,"column":4},"end":{"line":229,"column":7}},"68":{"start":{"line":200,"column":13},"end":{"line":200,"column":34}},"69":{"start":{"line":234,"column":39},"end":{"line":262,"column":1}},"70":{"start":{"line":235,"column":2},"end":{"line":261,"column":3}},"71":{"start":{"line":237,"column":33},"end":{"line":247,"column":77}},"72":{"start":{"line":249,"column":4},"end":{"line":249,"column":77}},"73":{"start":{"line":251,"column":4},"end":{"line":254,"column":7}},"74":{"start":{"line":256,"column":4},"end":{"line":256,"column":74}},"75":{"start":{"line":257,"column":4},"end":{"line":260,"column":7}},"76":{"start":{"line":234,"column":13},"end":{"line":234,"column":39}},"77":{"start":{"line":265,"column":37},"end":{"line":453,"column":1}},"78":{"start":{"line":266,"column":2},"end":{"line":452,"column":3}},"79":{"start":{"line":267,"column":23},"end":{"line":267,"column":33}},"80":{"start":{"line":268,"column":74},"end":{"line":268,"column":82}},"81":{"start":{"line":270,"column":4},"end":{"line":270,"column":125}},"82":{"start":{"line":273,"column":41},"end":{"line":273,"column":71}},"83":{"start":{"line":275,"column":4},"end":{"line":282,"column":5}},"84":{"start":{"line":276,"column":6},"end":{"line":276,"column":89}},"85":{"start":{"line":277,"column":6},"end":{"line":280,"column":9}},"86":{"start":{"line":281,"column":6},"end":{"line":281,"column":13}},"87":{"start":{"line":285,"column":28},"end":{"line":285,"column":91}},"88":{"start":{"line":286,"column":4},"end":{"line":292,"column":5}},"89":{"start":{"line":287,"column":6},"end":{"line":290,"column":9}},"90":{"start":{"line":291,"column":6},"end":{"line":291,"column":13}},"91":{"start":{"line":294,"column":17},"end":{"line":294,"column":44}},"92":{"start":{"line":295,"column":4},"end":{"line":302,"column":7}},"93":{"start":{"line":304,"column":4},"end":{"line":310,"column":5}},"94":{"start":{"line":305,"column":6},"end":{"line":308,"column":9}},"95":{"start":{"line":309,"column":6},"end":{"line":309,"column":13}},"96":{"start":{"line":313,"column":4},"end":{"line":320,"column":5}},"97":{"start":{"line":314,"column":6},"end":{"line":314,"column":134}},"98":{"start":{"line":315,"column":6},"end":{"line":318,"column":9}},"99":{"start":{"line":319,"column":6},"end":{"line":319,"column":13}},"100":{"start":{"line":323,"column":4},"end":{"line":323,"column":71}},"101":{"start":{"line":326,"column":36},"end":{"line":326,"column":94}},"102":{"start":{"line":327,"column":4},"end":{"line":333,"column":9}},"103":{"start":{"line":327,"column":95},"end":{"line":333,"column":6}},"104":{"start":{"line":336,"column":24},"end":{"line":340,"column":6}},"105":{"start":{"line":342,"column":4},"end":{"line":346,"column":7}},"106":{"start":{"line":345,"column":38},"end":{"line":345,"column":62}},"107":{"start":{"line":348,"column":4},"end":{"line":370,"column":5}},"108":{"start":{"line":350,"column":29},"end":{"line":351,"column":null}},"109":{"start":{"line":351,"column":8},"end":{"line":351,"column":64}},"110":{"start":{"line":351,"column":39},"end":{"line":351,"column":63}},"111":{"start":{"line":354,"column":33},"end":{"line":360,"column":9}},"112":{"start":{"line":355,"column":8},"end":{"line":355,"column":50}},"113":{"start":{"line":356,"column":26},"end":{"line":360,"column":8}},"114":{"start":{"line":362,"column":6},"end":{"line":362,"column":73}},"115":{"start":{"line":364,"column":6},"end":{"line":368,"column":9}},"116":{"start":{"line":369,"column":6},"end":{"line":369,"column":13}},"117":{"start":{"line":373,"column":48},"end":{"line":373,"column":78}},"118":{"start":{"line":375,"column":24},"end":{"line":380,"column":null}},"119":{"start":{"line":383,"column":4},"end":{"line":389,"column":5}},"120":{"start":{"line":384,"column":6},"end":{"line":387,"column":9}},"121":{"start":{"line":388,"column":6},"end":{"line":388,"column":13}},"122":{"start":{"line":392,"column":4},"end":{"line":399,"column":6}},"123":{"start":{"line":402,"column":23},"end":{"line":402,"column":61}},"124":{"start":{"line":405,"column":28},"end":{"line":419,"column":6}},"125":{"start":{"line":406,"column":25},"end":{"line":406,"column":56}},"126":{"start":{"line":407,"column":28},"end":{"line":409,"column":25}},"127":{"start":{"line":411,"column":6},"end":{"line":418,"column":8}},"128":{"start":{"line":422,"column":23},"end":{"line":431,"column":6}},"129":{"start":{"line":433,"column":4},"end":{"line":433,"column":92}},"130":{"start":{"line":436,"column":4},"end":{"line":436,"column":57}},"131":{"start":{"line":437,"column":4},"end":{"line":437,"column":22}},"132":{"start":{"line":439,"column":4},"end":{"line":445,"column":7}},"133":{"start":{"line":447,"column":4},"end":{"line":447,"column":62}},"134":{"start":{"line":448,"column":4},"end":{"line":451,"column":7}},"135":{"start":{"line":265,"column":13},"end":{"line":265,"column":37}},"136":{"start":{"line":456,"column":36},"end":{"line":487,"column":1}},"137":{"start":{"line":457,"column":2},"end":{"line":486,"column":3}},"138":{"start":{"line":458,"column":23},"end":{"line":458,"column":33}},"139":{"start":{"line":459,"column":23},"end":{"line":459,"column":31}},"140":{"start":{"line":461,"column":17},"end":{"line":461,"column":44}},"141":{"start":{"line":462,"column":4},"end":{"line":468,"column":5}},"142":{"start":{"line":463,"column":6},"end":{"line":466,"column":9}},"143":{"start":{"line":467,"column":6},"end":{"line":467,"column":13}},"144":{"start":{"line":471,"column":4},"end":{"line":471,"column":57}},"145":{"start":{"line":472,"column":4},"end":{"line":472,"column":22}},"146":{"start":{"line":476,"column":4},"end":{"line":479,"column":7}},"147":{"start":{"line":481,"column":4},"end":{"line":481,"column":60}},"148":{"start":{"line":482,"column":4},"end":{"line":485,"column":7}},"149":{"start":{"line":456,"column":13},"end":{"line":456,"column":36}},"150":{"start":{"line":490,"column":27},"end":{"line":522,"column":1}},"151":{"start":{"line":491,"column":2},"end":{"line":521,"column":3}},"152":{"start":{"line":492,"column":18},"end":{"line":494,"column":30}},"153":{"start":{"line":497,"column":27},"end":{"line":509,"column":7}},"154":{"start":{"line":497,"column":46},"end":{"line":509,"column":6}},"155":{"start":{"line":511,"column":4},"end":{"line":514,"column":7}},"156":{"start":{"line":516,"column":4},"end":{"line":516,"column":56}},"157":{"start":{"line":517,"column":4},"end":{"line":520,"column":7}},"158":{"start":{"line":490,"column":13},"end":{"line":490,"column":27}},"159":{"start":{"line":525,"column":39},"end":{"line":548,"column":1}},"160":{"start":{"line":526,"column":2},"end":{"line":547,"column":3}},"161":{"start":{"line":527,"column":21},"end":{"line":527,"column":49}},"162":{"start":{"line":529,"column":4},"end":{"line":540,"column":7}},"163":{"start":{"line":542,"column":4},"end":{"line":542,"column":74}},"164":{"start":{"line":543,"column":4},"end":{"line":546,"column":7}},"165":{"start":{"line":525,"column":13},"end":{"line":525,"column":39}},"166":{"start":{"line":551,"column":34},"end":{"line":594,"column":1}},"167":{"start":{"line":552,"column":2},"end":{"line":593,"column":3}},"168":{"start":{"line":553,"column":23},"end":{"line":553,"column":61}},"169":{"start":{"line":556,"column":18},"end":{"line":556,"column":45}},"170":{"start":{"line":557,"column":23},"end":{"line":557,"column":57}},"171":{"start":{"line":558,"column":22},"end":{"line":558,"column":50}},"172":{"start":{"line":561,"column":26},"end":{"line":577,"column":7}},"173":{"start":{"line":561,"column":56},"end":{"line":577,"column":6}},"174":{"start":{"line":579,"column":4},"end":{"line":586,"column":7}},"175":{"start":{"line":588,"column":4},"end":{"line":588,"column":69}},"176":{"start":{"line":589,"column":4},"end":{"line":592,"column":7}},"177":{"start":{"line":551,"column":13},"end":{"line":551,"column":34}},"178":{"start":{"line":597,"column":36},"end":{"line":615,"column":1}},"179":{"start":{"line":598,"column":2},"end":{"line":614,"column":3}},"180":{"start":{"line":599,"column":23},"end":{"line":599,"column":61}},"181":{"start":{"line":601,"column":25},"end":{"line":601,"column":59}},"182":{"start":{"line":603,"column":4},"end":{"line":607,"column":7}},"183":{"start":{"line":609,"column":4},"end":{"line":609,"column":60}},"184":{"start":{"line":610,"column":4},"end":{"line":613,"column":7}},"185":{"start":{"line":597,"column":13},"end":{"line":597,"column":36}},"186":{"start":{"line":618,"column":42},"end":{"line":701,"column":1}},"187":{"start":{"line":619,"column":2},"end":{"line":700,"column":3}},"188":{"start":{"line":620,"column":50},"end":{"line":620,"column":58}},"189":{"start":{"line":621,"column":23},"end":{"line":621,"column":83}},"190":{"start":{"line":624,"column":4},"end":{"line":636,"column":5}},"191":{"start":{"line":625,"column":19},"end":{"line":625,"column":40}},"192":{"start":{"line":626,"column":20},"end":{"line":626,"column":30}},"193":{"start":{"line":627,"column":6},"end":{"line":627,"column":33}},"194":{"start":{"line":629,"column":6},"end":{"line":635,"column":7}},"195":{"start":{"line":630,"column":8},"end":{"line":633,"column":11}},"196":{"start":{"line":634,"column":8},"end":{"line":634,"column":15}},"197":{"start":{"line":639,"column":4},"end":{"line":645,"column":5}},"198":{"start":{"line":640,"column":6},"end":{"line":643,"column":9}},"199":{"start":{"line":644,"column":6},"end":{"line":644,"column":13}},"200":{"start":{"line":647,"column":21},"end":{"line":647,"column":49}},"201":{"start":{"line":648,"column":20},"end":{"line":648,"column":53}},"202":{"start":{"line":649,"column":20},"end":{"line":649,"column":53}},"203":{"start":{"line":651,"column":4},"end":{"line":656,"column":6}},"204":{"start":{"line":659,"column":20},"end":{"line":659,"column":62}},"205":{"start":{"line":660,"column":27},"end":{"line":662,"column":107}},"206":{"start":{"line":664,"column":4},"end":{"line":682,"column":5}},"207":{"start":{"line":666,"column":22},"end":{"line":669,"column":8}},"208":{"start":{"line":672,"column":52},"end":{"line":672,"column":84}},"209":{"start":{"line":673,"column":6},"end":{"line":681,"column":9}},"210":{"start":{"line":674,"column":8},"end":{"line":680,"column":11}},"211":{"start":{"line":679,"column":10},"end":{"line":679,"column":87}},"212":{"start":{"line":684,"column":4},"end":{"line":693,"column":7}},"213":{"start":{"line":695,"column":4},"end":{"line":695,"column":80}},"214":{"start":{"line":696,"column":4},"end":{"line":699,"column":7}},"215":{"start":{"line":618,"column":13},"end":{"line":618,"column":42}},"216":{"start":{"line":706,"column":34},"end":{"line":729,"column":1}},"217":{"start":{"line":707,"column":2},"end":{"line":728,"column":3}},"218":{"start":{"line":708,"column":19},"end":{"line":708,"column":59}},"219":{"start":{"line":710,"column":4},"end":{"line":721,"column":5}},"220":{"start":{"line":711,"column":6},"end":{"line":715,"column":9}},"221":{"start":{"line":717,"column":6},"end":{"line":720,"column":9}},"222":{"start":{"line":723,"column":4},"end":{"line":723,"column":58}},"223":{"start":{"line":724,"column":4},"end":{"line":727,"column":7}},"224":{"start":{"line":706,"column":13},"end":{"line":706,"column":34}},"225":{"start":{"line":732,"column":35},"end":{"line":835,"column":1}},"226":{"start":{"line":733,"column":2},"end":{"line":834,"column":3}},"227":{"start":{"line":734,"column":21},"end":{"line":734,"column":49}},"228":{"start":{"line":735,"column":16},"end":{"line":735,"column":26}},"229":{"start":{"line":738,"column":26},"end":{"line":738,"column":30}},"230":{"start":{"line":739,"column":22},"end":{"line":739,"column":27}},"231":{"start":{"line":740,"column":23},"end":{"line":740,"column":39}},"232":{"start":{"line":742,"column":4},"end":{"line":766,"column":5}},"233":{"start":{"line":743,"column":26},"end":{"line":743,"column":69}},"234":{"start":{"line":744,"column":6},"end":{"line":747,"column":7}},"235":{"start":{"line":745,"column":33},"end":{"line":745,"column":89}},"236":{"start":{"line":746,"column":8},"end":{"line":746,"column":51}},"237":{"start":{"line":749,"column":23},"end":{"line":749,"column":60}},"238":{"start":{"line":751,"column":6},"end":{"line":765,"column":7}},"239":{"start":{"line":752,"column":8},"end":{"line":758,"column":10}},"240":{"start":{"line":759,"column":8},"end":{"line":759,"column":35}},"241":{"start":{"line":762,"column":33},"end":{"line":762,"column":70}},"242":{"start":{"line":763,"column":8},"end":{"line":763,"column":44}},"243":{"start":{"line":764,"column":8},"end":{"line":764,"column":34}},"244":{"start":{"line":775,"column":8},"end":{"line":785,"column":6}},"245":{"start":{"line":788,"column":23},"end":{"line":788,"column":52}},"246":{"start":{"line":791,"column":20},"end":{"line":820,"column":6}},"247":{"start":{"line":809,"column":53},"end":{"line":813,"column":8}},"248":{"start":{"line":822,"column":4},"end":{"line":826,"column":7}},"249":{"start":{"line":829,"column":4},"end":{"line":829,"column":60}},"250":{"start":{"line":830,"column":4},"end":{"line":833,"column":7}},"251":{"start":{"line":732,"column":13},"end":{"line":732,"column":35}},"252":{"start":{"line":838,"column":38},"end":{"line":881,"column":1}},"253":{"start":{"line":839,"column":2},"end":{"line":880,"column":3}},"254":{"start":{"line":840,"column":25},"end":{"line":840,"column":35}},"255":{"start":{"line":841,"column":34},"end":{"line":841,"column":42}},"256":{"start":{"line":843,"column":19},"end":{"line":843,"column":48}},"257":{"start":{"line":844,"column":4},"end":{"line":850,"column":5}},"258":{"start":{"line":845,"column":6},"end":{"line":848,"column":9}},"259":{"start":{"line":849,"column":6},"end":{"line":849,"column":13}},"260":{"start":{"line":852,"column":4},"end":{"line":858,"column":5}},"261":{"start":{"line":853,"column":6},"end":{"line":856,"column":9}},"262":{"start":{"line":857,"column":6},"end":{"line":857,"column":13}},"263":{"start":{"line":860,"column":4},"end":{"line":860,"column":49}},"264":{"start":{"line":861,"column":4},"end":{"line":861,"column":24}},"265":{"start":{"line":863,"column":4},"end":{"line":873,"column":7}},"266":{"start":{"line":875,"column":4},"end":{"line":875,"column":60}},"267":{"start":{"line":876,"column":4},"end":{"line":879,"column":7}},"268":{"start":{"line":838,"column":13},"end":{"line":838,"column":38}},"269":{"start":{"line":884,"column":42},"end":{"line":918,"column":1}},"270":{"start":{"line":885,"column":2},"end":{"line":917,"column":3}},"271":{"start":{"line":886,"column":45},"end":{"line":886,"column":53}},"272":{"start":{"line":888,"column":4},"end":{"line":894,"column":5}},"273":{"start":{"line":889,"column":6},"end":{"line":892,"column":9}},"274":{"start":{"line":893,"column":6},"end":{"line":893,"column":13}},"275":{"start":{"line":896,"column":19},"end":{"line":903,"column":null}},"276":{"start":{"line":906,"column":4},"end":{"line":910,"column":7}},"277":{"start":{"line":912,"column":4},"end":{"line":912,"column":65}},"278":{"start":{"line":913,"column":4},"end":{"line":916,"column":7}},"279":{"start":{"line":884,"column":13},"end":{"line":884,"column":42}},"280":{"start":{"line":921,"column":38},"end":{"line":945,"column":1}},"281":{"start":{"line":922,"column":2},"end":{"line":944,"column":3}},"282":{"start":{"line":923,"column":19},"end":{"line":923,"column":68}},"283":{"start":{"line":925,"column":4},"end":{"line":937,"column":5}},"284":{"start":{"line":926,"column":6},"end":{"line":931,"column":9}},"285":{"start":{"line":933,"column":6},"end":{"line":936,"column":9}},"286":{"start":{"line":939,"column":4},"end":{"line":939,"column":61}},"287":{"start":{"line":940,"column":4},"end":{"line":943,"column":7}},"288":{"start":{"line":921,"column":13},"end":{"line":921,"column":38}},"289":{"start":{"line":948,"column":40},"end":{"line":972,"column":1}},"290":{"start":{"line":949,"column":2},"end":{"line":971,"column":3}},"291":{"start":{"line":950,"column":19},"end":{"line":950,"column":65}},"292":{"start":{"line":952,"column":4},"end":{"line":964,"column":5}},"293":{"start":{"line":953,"column":6},"end":{"line":958,"column":9}},"294":{"start":{"line":960,"column":6},"end":{"line":963,"column":9}},"295":{"start":{"line":966,"column":4},"end":{"line":966,"column":64}},"296":{"start":{"line":967,"column":4},"end":{"line":970,"column":7}},"297":{"start":{"line":948,"column":13},"end":{"line":948,"column":40}},"298":{"start":{"line":975,"column":35},"end":{"line":1009,"column":1}},"299":{"start":{"line":976,"column":2},"end":{"line":1008,"column":3}},"300":{"start":{"line":977,"column":25},"end":{"line":977,"column":35}},"301":{"start":{"line":979,"column":4},"end":{"line":985,"column":5}},"302":{"start":{"line":980,"column":6},"end":{"line":983,"column":9}},"303":{"start":{"line":984,"column":6},"end":{"line":984,"column":13}},"304":{"start":{"line":987,"column":19},"end":{"line":987,"column":68}},"305":{"start":{"line":989,"column":4},"end":{"line":1001,"column":5}},"306":{"start":{"line":990,"column":6},"end":{"line":995,"column":9}},"307":{"start":{"line":997,"column":6},"end":{"line":1000,"column":9}},"308":{"start":{"line":1003,"column":4},"end":{"line":1003,"column":57}},"309":{"start":{"line":1004,"column":4},"end":{"line":1007,"column":7}},"310":{"start":{"line":975,"column":13},"end":{"line":975,"column":35}},"311":{"start":{"line":1012,"column":38},"end":{"line":1027,"column":1}},"312":{"start":{"line":1013,"column":2},"end":{"line":1026,"column":3}},"313":{"start":{"line":1014,"column":19},"end":{"line":1014,"column":48}},"314":{"start":{"line":1016,"column":4},"end":{"line":1019,"column":7}},"315":{"start":{"line":1021,"column":4},"end":{"line":1021,"column":63}},"316":{"start":{"line":1022,"column":4},"end":{"line":1025,"column":7}},"317":{"start":{"line":1012,"column":13},"end":{"line":1012,"column":38}},"318":{"start":{"line":1030,"column":40},"end":{"line":1079,"column":1}},"319":{"start":{"line":1031,"column":2},"end":{"line":1078,"column":3}},"320":{"start":{"line":1032,"column":25},"end":{"line":1032,"column":35}},"321":{"start":{"line":1033,"column":29},"end":{"line":1033,"column":37}},"322":{"start":{"line":1035,"column":4},"end":{"line":1041,"column":5}},"323":{"start":{"line":1036,"column":6},"end":{"line":1039,"column":9}},"324":{"start":{"line":1040,"column":6},"end":{"line":1040,"column":13}},"325":{"start":{"line":1043,"column":4},"end":{"line":1049,"column":5}},"326":{"start":{"line":1044,"column":6},"end":{"line":1047,"column":9}},"327":{"start":{"line":1048,"column":6},"end":{"line":1048,"column":13}},"328":{"start":{"line":1051,"column":19},"end":{"line":1051,"column":48}},"329":{"start":{"line":1052,"column":4},"end":{"line":1058,"column":5}},"330":{"start":{"line":1053,"column":6},"end":{"line":1056,"column":9}},"331":{"start":{"line":1057,"column":6},"end":{"line":1057,"column":13}},"332":{"start":{"line":1061,"column":4},"end":{"line":1061,"column":54}},"333":{"start":{"line":1062,"column":4},"end":{"line":1062,"column":53}},"334":{"start":{"line":1064,"column":4},"end":{"line":1064,"column":24}},"335":{"start":{"line":1066,"column":4},"end":{"line":1071,"column":7}},"336":{"start":{"line":1073,"column":4},"end":{"line":1073,"column":62}},"337":{"start":{"line":1074,"column":4},"end":{"line":1077,"column":7}},"338":{"start":{"line":1030,"column":13},"end":{"line":1030,"column":40}},"339":{"start":{"line":1082,"column":31},"end":{"line":1103,"column":1}},"340":{"start":{"line":1083,"column":2},"end":{"line":1102,"column":3}},"341":{"start":{"line":1084,"column":25},"end":{"line":1084,"column":70}},"342":{"start":{"line":1086,"column":4},"end":{"line":1089,"column":7}},"343":{"start":{"line":1091,"column":4},"end":{"line":1091,"column":55}},"344":{"start":{"line":1092,"column":4},"end":{"line":1101,"column":7}},"345":{"start":{"line":1082,"column":13},"end":{"line":1082,"column":31}},"346":{"start":{"line":1105,"column":36},"end":{"line":1121,"column":1}},"347":{"start":{"line":1106,"column":2},"end":{"line":1120,"column":3}},"348":{"start":{"line":1107,"column":25},"end":{"line":1107,"column":67}},"349":{"start":{"line":1109,"column":4},"end":{"line":1112,"column":7}},"350":{"start":{"line":1114,"column":4},"end":{"line":1114,"column":56}},"351":{"start":{"line":1115,"column":4},"end":{"line":1119,"column":7}},"352":{"start":{"line":1105,"column":13},"end":{"line":1105,"column":36}},"353":{"start":{"line":1123,"column":34},"end":{"line":1156,"column":1}},"354":{"start":{"line":1124,"column":2},"end":{"line":1155,"column":3}},"355":{"start":{"line":1125,"column":26},"end":{"line":1125,"column":36}},"356":{"start":{"line":1127,"column":4},"end":{"line":1133,"column":5}},"357":{"start":{"line":1128,"column":6},"end":{"line":1131,"column":9}},"358":{"start":{"line":1132,"column":6},"end":{"line":1132,"column":13}},"359":{"start":{"line":1135,"column":28},"end":{"line":1135,"column":78}},"360":{"start":{"line":1137,"column":4},"end":{"line":1143,"column":5}},"361":{"start":{"line":1138,"column":6},"end":{"line":1141,"column":9}},"362":{"start":{"line":1142,"column":6},"end":{"line":1142,"column":13}},"363":{"start":{"line":1145,"column":4},"end":{"line":1148,"column":7}},"364":{"start":{"line":1150,"column":4},"end":{"line":1150,"column":58}},"365":{"start":{"line":1151,"column":4},"end":{"line":1154,"column":7}},"366":{"start":{"line":1123,"column":13},"end":{"line":1123,"column":34}},"367":{"start":{"line":1159,"column":37},"end":{"line":1179,"column":1}},"368":{"start":{"line":1160,"column":2},"end":{"line":1178,"column":3}},"369":{"start":{"line":1161,"column":20},"end":{"line":1161,"column":62}},"370":{"start":{"line":1162,"column":23},"end":{"line":1162,"column":70}},"371":{"start":{"line":1164,"column":4},"end":{"line":1171,"column":7}},"372":{"start":{"line":1173,"column":4},"end":{"line":1173,"column":61}},"373":{"start":{"line":1174,"column":4},"end":{"line":1177,"column":7}},"374":{"start":{"line":1159,"column":13},"end":{"line":1159,"column":37}},"375":{"start":{"line":1181,"column":34},"end":{"line":1212,"column":1}},"376":{"start":{"line":1182,"column":2},"end":{"line":1211,"column":3}},"377":{"start":{"line":1183,"column":28},"end":{"line":1183,"column":37}},"378":{"start":{"line":1184,"column":21},"end":{"line":1184,"column":53}},"379":{"start":{"line":1187,"column":4},"end":{"line":1197,"column":5}},"380":{"start":{"line":1188,"column":6},"end":{"line":1188,"column":63}},"381":{"start":{"line":1189,"column":11},"end":{"line":1197,"column":5}},"382":{"start":{"line":1190,"column":6},"end":{"line":1190,"column":64}},"383":{"start":{"line":1192,"column":6},"end":{"line":1195,"column":9}},"384":{"start":{"line":1196,"column":6},"end":{"line":1196,"column":13}},"385":{"start":{"line":1199,"column":4},"end":{"line":1204,"column":7}},"386":{"start":{"line":1206,"column":4},"end":{"line":1206,"column":58}},"387":{"start":{"line":1207,"column":4},"end":{"line":1210,"column":7}},"388":{"start":{"line":1181,"column":13},"end":{"line":1181,"column":34}},"389":{"start":{"line":1214,"column":34},"end":{"line":1241,"column":1}},"390":{"start":{"line":1215,"column":2},"end":{"line":1240,"column":3}},"391":{"start":{"line":1216,"column":21},"end":{"line":1216,"column":31}},"392":{"start":{"line":1218,"column":4},"end":{"line":1224,"column":5}},"393":{"start":{"line":1219,"column":6},"end":{"line":1222,"column":9}},"394":{"start":{"line":1223,"column":6},"end":{"line":1223,"column":13}},"395":{"start":{"line":1226,"column":24},"end":{"line":1226,"column":48}},"396":{"start":{"line":1227,"column":20},"end":{"line":1227,"column":70}},"397":{"start":{"line":1229,"column":4},"end":{"line":1233,"column":7}},"398":{"start":{"line":1235,"column":4},"end":{"line":1235,"column":58}},"399":{"start":{"line":1236,"column":4},"end":{"line":1239,"column":7}},"400":{"start":{"line":1214,"column":13},"end":{"line":1214,"column":34}},"401":{"start":{"line":1244,"column":31},"end":{"line":1263,"column":1}},"402":{"start":{"line":1245,"column":2},"end":{"line":1262,"column":3}},"403":{"start":{"line":1246,"column":25},"end":{"line":1246,"column":58}},"404":{"start":{"line":1247,"column":23},"end":{"line":1247,"column":59}},"405":{"start":{"line":1249,"column":4},"end":{"line":1255,"column":7}},"406":{"start":{"line":1257,"column":4},"end":{"line":1257,"column":55}},"407":{"start":{"line":1258,"column":4},"end":{"line":1261,"column":7}},"408":{"start":{"line":1244,"column":13},"end":{"line":1244,"column":31}},"409":{"start":{"line":1265,"column":31},"end":{"line":1289,"column":1}},"410":{"start":{"line":1266,"column":2},"end":{"line":1288,"column":3}},"411":{"start":{"line":1267,"column":32},"end":{"line":1267,"column":41}},"412":{"start":{"line":1268,"column":21},"end":{"line":1268,"column":52}},"413":{"start":{"line":1271,"column":4},"end":{"line":1275,"column":5}},"414":{"start":{"line":1272,"column":6},"end":{"line":1272,"column":101}},"415":{"start":{"line":1274,"column":6},"end":{"line":1274,"column":57}},"416":{"start":{"line":1277,"column":4},"end":{"line":1281,"column":7}},"417":{"start":{"line":1283,"column":4},"end":{"line":1283,"column":55}},"418":{"start":{"line":1284,"column":4},"end":{"line":1287,"column":7}},"419":{"start":{"line":1265,"column":13},"end":{"line":1265,"column":31}},"420":{"start":{"line":1291,"column":28},"end":{"line":1325,"column":1}},"421":{"start":{"line":1292,"column":2},"end":{"line":1324,"column":3}},"422":{"start":{"line":1293,"column":24},"end":{"line":1293,"column":34}},"423":{"start":{"line":1295,"column":4},"end":{"line":1301,"column":5}},"424":{"start":{"line":1296,"column":6},"end":{"line":1299,"column":9}},"425":{"start":{"line":1300,"column":6},"end":{"line":1300,"column":13}},"426":{"start":{"line":1303,"column":21},"end":{"line":1303,"column":58}},"427":{"start":{"line":1305,"column":4},"end":{"line":1311,"column":5}},"428":{"start":{"line":1306,"column":6},"end":{"line":1309,"column":9}},"429":{"start":{"line":1310,"column":6},"end":{"line":1310,"column":13}},"430":{"start":{"line":1313,"column":4},"end":{"line":1317,"column":7}},"431":{"start":{"line":1319,"column":4},"end":{"line":1319,"column":49}},"432":{"start":{"line":1320,"column":4},"end":{"line":1323,"column":7}},"433":{"start":{"line":1291,"column":13},"end":{"line":1291,"column":28}},"434":{"start":{"line":1327,"column":29},"end":{"line":1342,"column":1}},"435":{"start":{"line":1328,"column":2},"end":{"line":1341,"column":3}},"436":{"start":{"line":1329,"column":20},"end":{"line":1329,"column":57}},"437":{"start":{"line":1331,"column":4},"end":{"line":1334,"column":7}},"438":{"start":{"line":1336,"column":4},"end":{"line":1336,"column":52}},"439":{"start":{"line":1337,"column":4},"end":{"line":1340,"column":7}},"440":{"start":{"line":1327,"column":13},"end":{"line":1327,"column":29}},"441":{"start":{"line":1345,"column":37},"end":{"line":1361,"column":1}},"442":{"start":{"line":1346,"column":2},"end":{"line":1360,"column":3}},"443":{"start":{"line":1347,"column":21},"end":{"line":1347,"column":49}},"444":{"start":{"line":1348,"column":29},"end":{"line":1348,"column":59}},"445":{"start":{"line":1350,"column":4},"end":{"line":1353,"column":7}},"446":{"start":{"line":1355,"column":4},"end":{"line":1355,"column":61}},"447":{"start":{"line":1356,"column":4},"end":{"line":1359,"column":7}},"448":{"start":{"line":1345,"column":13},"end":{"line":1345,"column":37}},"449":{"start":{"line":1363,"column":40},"end":{"line":1391,"column":1}},"450":{"start":{"line":1364,"column":2},"end":{"line":1390,"column":3}},"451":{"start":{"line":1365,"column":27},"end":{"line":1365,"column":35}},"452":{"start":{"line":1366,"column":23},"end":{"line":1366,"column":39}},"453":{"start":{"line":1368,"column":4},"end":{"line":1374,"column":5}},"454":{"start":{"line":1369,"column":6},"end":{"line":1372,"column":9}},"455":{"start":{"line":1373,"column":6},"end":{"line":1373,"column":13}},"456":{"start":{"line":1376,"column":21},"end":{"line":1376,"column":49}},"457":{"start":{"line":1377,"column":4},"end":{"line":1377,"column":83}},"458":{"start":{"line":1379,"column":4},"end":{"line":1383,"column":7}},"459":{"start":{"line":1385,"column":4},"end":{"line":1385,"column":62}},"460":{"start":{"line":1386,"column":4},"end":{"line":1389,"column":7}},"461":{"start":{"line":1363,"column":13},"end":{"line":1363,"column":40}},"462":{"start":{"line":1394,"column":38},"end":{"line":1439,"column":1}},"463":{"start":{"line":1395,"column":2},"end":{"line":1438,"column":3}},"464":{"start":{"line":1404,"column":8},"end":{"line":1411,"column":6}},"465":{"start":{"line":1413,"column":23},"end":{"line":1413,"column":70}},"466":{"start":{"line":1415,"column":4},"end":{"line":1431,"column":7}},"467":{"start":{"line":1433,"column":4},"end":{"line":1433,"column":62}},"468":{"start":{"line":1434,"column":4},"end":{"line":1437,"column":7}},"469":{"start":{"line":1394,"column":13},"end":{"line":1394,"column":38}},"470":{"start":{"line":1442,"column":41},"end":{"line":1578,"column":1}},"471":{"start":{"line":1443,"column":2},"end":{"line":1577,"column":3}},"472":{"start":{"line":1444,"column":52},"end":{"line":1444,"column":60}},"473":{"start":{"line":1446,"column":4},"end":{"line":1450,"column":7}},"474":{"start":{"line":1452,"column":4},"end":{"line":1458,"column":5}},"475":{"start":{"line":1453,"column":6},"end":{"line":1456,"column":9}},"476":{"start":{"line":1457,"column":6},"end":{"line":1457,"column":13}},"477":{"start":{"line":1460,"column":31},"end":{"line":1460,"column":50}},"478":{"start":{"line":1461,"column":27},"end":{"line":1461,"column":45}},"479":{"start":{"line":1463,"column":4},"end":{"line":1469,"column":5}},"480":{"start":{"line":1464,"column":6},"end":{"line":1467,"column":9}},"481":{"start":{"line":1468,"column":6},"end":{"line":1468,"column":13}},"482":{"start":{"line":1472,"column":20},"end":{"line":1472,"column":48}},"483":{"start":{"line":1473,"column":4},"end":{"line":1473,"column":58}},"484":{"start":{"line":1476,"column":32},"end":{"line":1476,"column":34}},"485":{"start":{"line":1477,"column":4},"end":{"line":1495,"column":5}},"486":{"start":{"line":1479,"column":27},"end":{"line":1492,"column":8}},"487":{"start":{"line":1481,"column":22},"end":{"line":1481,"column":26}},"488":{"start":{"line":1482,"column":8},"end":{"line":1490,"column":9}},"489":{"start":{"line":1483,"column":10},"end":{"line":1483,"column":63}},"490":{"start":{"line":1484,"column":15},"end":{"line":1490,"column":9}},"491":{"start":{"line":1485,"column":10},"end":{"line":1485,"column":72}},"492":{"start":{"line":1486,"column":15},"end":{"line":1490,"column":9}},"493":{"start":{"line":1487,"column":10},"end":{"line":1487,"column":45}},"494":{"start":{"line":1488,"column":15},"end":{"line":1490,"column":9}},"495":{"start":{"line":1489,"column":10},"end":{"line":1489,"column":65}},"496":{"start":{"line":1491,"column":8},"end":{"line":1491,"column":40}},"497":{"start":{"line":1494,"column":6},"end":{"line":1494,"column":77}},"498":{"start":{"line":1494,"column":58},"end":{"line":1494,"column":74}},"499":{"start":{"line":1497,"column":4},"end":{"line":1497,"column":87}},"500":{"start":{"line":1500,"column":27},"end":{"line":1500,"column":57}},"501":{"start":{"line":1501,"column":4},"end":{"line":1501,"column":80}},"502":{"start":{"line":1502,"column":4},"end":{"line":1502,"column":145}},"503":{"start":{"line":1502,"column":88},"end":{"line":1502,"column":141}},"504":{"start":{"line":1504,"column":22},"end":{"line":1504,"column":66}},"505":{"start":{"line":1505,"column":4},"end":{"line":1505,"column":87}},"506":{"start":{"line":1508,"column":4},"end":{"line":1511,"column":5}},"507":{"start":{"line":1509,"column":6},"end":{"line":1509,"column":110}},"508":{"start":{"line":1510,"column":6},"end":{"line":1510,"column":35}},"509":{"start":{"line":1513,"column":4},"end":{"line":1513,"column":82}},"510":{"start":{"line":1514,"column":4},"end":{"line":1514,"column":138}},"511":{"start":{"line":1514,"column":81},"end":{"line":1514,"column":134}},"512":{"start":{"line":1517,"column":33},"end":{"line":1525,"column":43}},"513":{"start":{"line":1528,"column":32},"end":{"line":1528,"column":49}},"514":{"start":{"line":1529,"column":4},"end":{"line":1535,"column":7}},"515":{"start":{"line":1530,"column":6},"end":{"line":1534,"column":9}},"516":{"start":{"line":1531,"column":8},"end":{"line":1533,"column":9}},"517":{"start":{"line":1532,"column":10},"end":{"line":1532,"column":67}},"518":{"start":{"line":1538,"column":40},"end":{"line":1564,"column":6}},"519":{"start":{"line":1539,"column":26},"end":{"line":1539,"column":75}},"520":{"start":{"line":1541,"column":26},"end":{"line":1541,"column":30}},"521":{"start":{"line":1542,"column":6},"end":{"line":1557,"column":7}},"522":{"start":{"line":1544,"column":34},"end":{"line":1547,"column":null}},"523":{"start":{"line":1545,"column":10},"end":{"line":1546,"column":null}},"524":{"start":{"line":1546,"column":12},"end":{"line":1546,"column":91}},"525":{"start":{"line":1550,"column":8},"end":{"line":1556,"column":9}},"526":{"start":{"line":1551,"column":34},"end":{"line":1554,"column":77}},"527":{"start":{"line":1552,"column":29},"end":{"line":1552,"column":81}},"528":{"start":{"line":1553,"column":28},"end":{"line":1553,"column":41}},"529":{"start":{"line":1554,"column":29},"end":{"line":1554,"column":73}},"530":{"start":{"line":1555,"column":10},"end":{"line":1555,"column":42}},"531":{"start":{"line":1559,"column":6},"end":{"line":1563,"column":8}},"532":{"start":{"line":1566,"column":4},"end":{"line":1569,"column":7}},"533":{"start":{"line":1572,"column":4},"end":{"line":1572,"column":66}},"534":{"start":{"line":1573,"column":4},"end":{"line":1576,"column":7}},"535":{"start":{"line":1442,"column":13},"end":{"line":1442,"column":41}},"536":{"start":{"line":1581,"column":39},"end":{"line":1716,"column":1}},"537":{"start":{"line":1582,"column":2},"end":{"line":1715,"column":3}},"538":{"start":{"line":1583,"column":42},"end":{"line":1583,"column":51}},"539":{"start":{"line":1586,"column":4},"end":{"line":1592,"column":5}},"540":{"start":{"line":1587,"column":6},"end":{"line":1590,"column":9}},"541":{"start":{"line":1591,"column":6},"end":{"line":1591,"column":13}},"542":{"start":{"line":1594,"column":31},"end":{"line":1594,"column":60}},"543":{"start":{"line":1595,"column":27},"end":{"line":1595,"column":55}},"544":{"start":{"line":1597,"column":4},"end":{"line":1603,"column":5}},"545":{"start":{"line":1598,"column":6},"end":{"line":1601,"column":9}},"546":{"start":{"line":1602,"column":6},"end":{"line":1602,"column":13}},"547":{"start":{"line":1606,"column":20},"end":{"line":1606,"column":48}},"548":{"start":{"line":1607,"column":4},"end":{"line":1607,"column":58}},"549":{"start":{"line":1610,"column":31},"end":{"line":1610,"column":33}},"550":{"start":{"line":1611,"column":4},"end":{"line":1613,"column":5}},"551":{"start":{"line":1612,"column":6},"end":{"line":1612,"column":31}},"552":{"start":{"line":1616,"column":24},"end":{"line":1616,"column":65}},"553":{"start":{"line":1619,"column":33},"end":{"line":1631,"column":43}},"554":{"start":{"line":1634,"column":32},"end":{"line":1634,"column":41}},"555":{"start":{"line":1635,"column":4},"end":{"line":1641,"column":7}},"556":{"start":{"line":1636,"column":6},"end":{"line":1640,"column":9}},"557":{"start":{"line":1637,"column":8},"end":{"line":1639,"column":9}},"558":{"start":{"line":1638,"column":10},"end":{"line":1638,"column":67}},"559":{"start":{"line":1644,"column":32},"end":{"line":1680,"column":null}},"560":{"start":{"line":1646,"column":28},"end":{"line":1646,"column":77}},"561":{"start":{"line":1648,"column":32},"end":{"line":1648,"column":36}},"562":{"start":{"line":1649,"column":8},"end":{"line":1672,"column":9}},"563":{"start":{"line":1651,"column":36},"end":{"line":1654,"column":null}},"564":{"start":{"line":1652,"column":12},"end":{"line":1653,"column":null}},"565":{"start":{"line":1653,"column":14},"end":{"line":1653,"column":93}},"566":{"start":{"line":1657,"column":10},"end":{"line":1671,"column":11}},"567":{"start":{"line":1658,"column":36},"end":{"line":1669,"column":59}},"568":{"start":{"line":1661,"column":16},"end":{"line":1661,"column":72}},"569":{"start":{"line":1661,"column":38},"end":{"line":1661,"column":72}},"570":{"start":{"line":1662,"column":16},"end":{"line":1662,"column":101}},"571":{"start":{"line":1662,"column":53},"end":{"line":1662,"column":101}},"572":{"start":{"line":1664,"column":34},"end":{"line":1664,"column":99}},"573":{"start":{"line":1665,"column":32},"end":{"line":1665,"column":51}},"574":{"start":{"line":1666,"column":16},"end":{"line":1666,"column":89}},"575":{"start":{"line":1667,"column":16},"end":{"line":1667,"column":31}},"576":{"start":{"line":1669,"column":30},"end":{"line":1669,"column":55}},"577":{"start":{"line":1670,"column":12},"end":{"line":1670,"column":48}},"578":{"start":{"line":1674,"column":8},"end":{"line":1679,"column":10}},"579":{"start":{"line":1684,"column":22},"end":{"line":1684,"column":68}},"580":{"start":{"line":1684,"column":55},"end":{"line":1684,"column":67}},"581":{"start":{"line":1685,"column":24},"end":{"line":1685,"column":71}},"582":{"start":{"line":1685,"column":57},"end":{"line":1685,"column":70}},"583":{"start":{"line":1687,"column":4},"end":{"line":1707,"column":7}},"584":{"start":{"line":1710,"column":4},"end":{"line":1710,"column":66}},"585":{"start":{"line":1711,"column":4},"end":{"line":1714,"column":7}},"586":{"start":{"line":1581,"column":13},"end":{"line":1581,"column":39}},"587":{"start":{"line":1719,"column":37},"end":{"line":1818,"column":1}},"588":{"start":{"line":1720,"column":2},"end":{"line":1817,"column":3}},"589":{"start":{"line":1721,"column":26},"end":{"line":1721,"column":36}},"590":{"start":{"line":1722,"column":65},"end":{"line":1722,"column":73}},"591":{"start":{"line":1725,"column":4},"end":{"line":1731,"column":5}},"592":{"start":{"line":1726,"column":6},"end":{"line":1729,"column":9}},"593":{"start":{"line":1730,"column":6},"end":{"line":1730,"column":13}},"594":{"start":{"line":1733,"column":22},"end":{"line":1733,"column":50}},"595":{"start":{"line":1734,"column":4},"end":{"line":1740,"column":5}},"596":{"start":{"line":1735,"column":6},"end":{"line":1738,"column":9}},"597":{"start":{"line":1739,"column":6},"end":{"line":1739,"column":13}},"598":{"start":{"line":1743,"column":4},"end":{"line":1776,"column":5}},"599":{"start":{"line":1744,"column":21},"end":{"line":1744,"column":54}},"600":{"start":{"line":1745,"column":19},"end":{"line":1745,"column":46}},"601":{"start":{"line":1747,"column":6},"end":{"line":1753,"column":7}},"602":{"start":{"line":1748,"column":8},"end":{"line":1751,"column":11}},"603":{"start":{"line":1752,"column":8},"end":{"line":1752,"column":15}},"604":{"start":{"line":1756,"column":6},"end":{"line":1756,"column":57}},"605":{"start":{"line":1757,"column":6},"end":{"line":1759,"column":7}},"606":{"start":{"line":1758,"column":8},"end":{"line":1758,"column":60}},"607":{"start":{"line":1760,"column":6},"end":{"line":1762,"column":7}},"608":{"start":{"line":1761,"column":8},"end":{"line":1761,"column":64}},"609":{"start":{"line":1764,"column":6},"end":{"line":1764,"column":24}},"610":{"start":{"line":1766,"column":6},"end":{"line":1774,"column":9}},"611":{"start":{"line":1775,"column":6},"end":{"line":1775,"column":13}},"612":{"start":{"line":1779,"column":21},"end":{"line":1779,"column":54}},"613":{"start":{"line":1780,"column":4},"end":{"line":1786,"column":5}},"614":{"start":{"line":1781,"column":6},"end":{"line":1784,"column":9}},"615":{"start":{"line":1785,"column":6},"end":{"line":1785,"column":13}},"616":{"start":{"line":1789,"column":4},"end":{"line":1789,"column":44}},"617":{"start":{"line":1790,"column":4},"end":{"line":1797,"column":5}},"618":{"start":{"line":1792,"column":6},"end":{"line":1796,"column":9}},"619":{"start":{"line":1793,"column":8},"end":{"line":1795,"column":9}},"620":{"start":{"line":1794,"column":10},"end":{"line":1794,"column":78}},"621":{"start":{"line":1799,"column":4},"end":{"line":1799,"column":26}},"622":{"start":{"line":1801,"column":4},"end":{"line":1809,"column":7}},"623":{"start":{"line":1812,"column":4},"end":{"line":1812,"column":61}},"624":{"start":{"line":1813,"column":4},"end":{"line":1816,"column":7}},"625":{"start":{"line":1719,"column":13},"end":{"line":1719,"column":37}},"626":{"start":{"line":1821,"column":42},"end":{"line":1989,"column":1}},"627":{"start":{"line":1822,"column":2},"end":{"line":1988,"column":3}},"628":{"start":{"line":1823,"column":26},"end":{"line":1823,"column":36}},"629":{"start":{"line":1824,"column":65},"end":{"line":1824,"column":73}},"630":{"start":{"line":1827,"column":4},"end":{"line":1833,"column":5}},"631":{"start":{"line":1828,"column":6},"end":{"line":1831,"column":9}},"632":{"start":{"line":1832,"column":6},"end":{"line":1832,"column":13}},"633":{"start":{"line":1835,"column":22},"end":{"line":1835,"column":50}},"634":{"start":{"line":1836,"column":4},"end":{"line":1842,"column":5}},"635":{"start":{"line":1837,"column":6},"end":{"line":1840,"column":9}},"636":{"start":{"line":1841,"column":6},"end":{"line":1841,"column":13}},"637":{"start":{"line":1845,"column":4},"end":{"line":1944,"column":5}},"638":{"start":{"line":1846,"column":21},"end":{"line":1846,"column":54}},"639":{"start":{"line":1847,"column":19},"end":{"line":1847,"column":46}},"640":{"start":{"line":1849,"column":6},"end":{"line":1855,"column":7}},"641":{"start":{"line":1850,"column":8},"end":{"line":1853,"column":11}},"642":{"start":{"line":1854,"column":8},"end":{"line":1854,"column":15}},"643":{"start":{"line":1858,"column":6},"end":{"line":1891,"column":7}},"644":{"start":{"line":1859,"column":25},"end":{"line":1859,"column":60}},"645":{"start":{"line":1860,"column":8},"end":{"line":1866,"column":9}},"646":{"start":{"line":1861,"column":10},"end":{"line":1864,"column":13}},"647":{"start":{"line":1865,"column":10},"end":{"line":1865,"column":17}},"648":{"start":{"line":1869,"column":25},"end":{"line":1869,"column":78}},"649":{"start":{"line":1870,"column":24},"end":{"line":1870,"column":43}},"650":{"start":{"line":1871,"column":8},"end":{"line":1871,"column":56}},"651":{"start":{"line":1873,"column":37},"end":{"line":1882,"column":10}},"652":{"start":{"line":1884,"column":8},"end":{"line":1890,"column":9}},"653":{"start":{"line":1885,"column":10},"end":{"line":1888,"column":13}},"654":{"start":{"line":1889,"column":10},"end":{"line":1889,"column":17}},"655":{"start":{"line":1894,"column":6},"end":{"line":1894,"column":59}},"656":{"start":{"line":1895,"column":6},"end":{"line":1895,"column":57}},"657":{"start":{"line":1896,"column":6},"end":{"line":1896,"column":51}},"658":{"start":{"line":1899,"column":27},"end":{"line":1913,"column":8}},"659":{"start":{"line":1908,"column":24},"end":{"line":1908,"column":43}},"660":{"start":{"line":1909,"column":12},"end":{"line":1909,"column":99}},"661":{"start":{"line":1910,"column":12},"end":{"line":1910,"column":23}},"662":{"start":{"line":1915,"column":23},"end":{"line":1915,"column":48}},"663":{"start":{"line":1916,"column":6},"end":{"line":1916,"column":28}},"664":{"start":{"line":1918,"column":6},"end":{"line":1918,"column":24}},"665":{"start":{"line":1921,"column":6},"end":{"line":1927,"column":9}},"666":{"start":{"line":1929,"column":6},"end":{"line":1929,"column":88}},"667":{"start":{"line":1931,"column":6},"end":{"line":1942,"column":9}},"668":{"start":{"line":1943,"column":6},"end":{"line":1943,"column":13}},"669":{"start":{"line":1947,"column":21},"end":{"line":1947,"column":54}},"670":{"start":{"line":1948,"column":4},"end":{"line":1954,"column":5}},"671":{"start":{"line":1949,"column":6},"end":{"line":1952,"column":9}},"672":{"start":{"line":1953,"column":6},"end":{"line":1953,"column":13}},"673":{"start":{"line":1957,"column":4},"end":{"line":1957,"column":44}},"674":{"start":{"line":1958,"column":4},"end":{"line":1958,"column":34}},"675":{"start":{"line":1960,"column":4},"end":{"line":1966,"column":5}},"676":{"start":{"line":1961,"column":6},"end":{"line":1965,"column":9}},"677":{"start":{"line":1962,"column":8},"end":{"line":1964,"column":9}},"678":{"start":{"line":1963,"column":10},"end":{"line":1963,"column":78}},"679":{"start":{"line":1968,"column":4},"end":{"line":1968,"column":26}},"680":{"start":{"line":1970,"column":4},"end":{"line":1980,"column":7}},"681":{"start":{"line":1983,"column":4},"end":{"line":1983,"column":68}},"682":{"start":{"line":1984,"column":4},"end":{"line":1987,"column":7}},"683":{"start":{"line":1821,"column":13},"end":{"line":1821,"column":42}},"684":{"start":{"line":1998,"column":34},"end":{"line":2109,"column":1}},"685":{"start":{"line":1999,"column":2},"end":{"line":2108,"column":3}},"686":{"start":{"line":2000,"column":35},"end":{"line":2000,"column":44}},"687":{"start":{"line":2002,"column":4},"end":{"line":2002,"column":78}},"688":{"start":{"line":2005,"column":18},"end":{"line":2005,"column":102}},"689":{"start":{"line":2006,"column":16},"end":{"line":2006,"column":66}},"690":{"start":{"line":2008,"column":4},"end":{"line":2008,"column":50}},"691":{"start":{"line":2011,"column":16},"end":{"line":2011,"column":26}},"692":{"start":{"line":2015,"column":25},"end":{"line":2019,"column":null}},"693":{"start":{"line":2022,"column":4},"end":{"line":2022,"column":86}},"694":{"start":{"line":2023,"column":4},"end":{"line":2023,"column":80}},"695":{"start":{"line":2024,"column":4},"end":{"line":2026,"column":7}},"696":{"start":{"line":2025,"column":6},"end":{"line":2025,"column":114}},"697":{"start":{"line":2029,"column":4},"end":{"line":2029,"column":145}},"698":{"start":{"line":2032,"column":26},"end":{"line":2046,"column":6}},"699":{"start":{"line":2033,"column":23},"end":{"line":2033,"column":65}},"700":{"start":{"line":2034,"column":25},"end":{"line":2036,"column":11}},"701":{"start":{"line":2038,"column":6},"end":{"line":2045,"column":8}},"702":{"start":{"line":2049,"column":25},"end":{"line":2049,"column":92}},"703":{"start":{"line":2049,"column":61},"end":{"line":2049,"column":88}},"704":{"start":{"line":2050,"column":27},"end":{"line":2050,"column":91}},"705":{"start":{"line":2052,"column":4},"end":{"line":2052,"column":109}},"706":{"start":{"line":2054,"column":17},"end":{"line":2054,"column":34}},"707":{"start":{"line":2055,"column":28},"end":{"line":2055,"column":40}},"708":{"start":{"line":2056,"column":30},"end":{"line":2056,"column":44}},"709":{"start":{"line":2059,"column":23},"end":{"line":2059,"column":66}},"710":{"start":{"line":2062,"column":33},"end":{"line":2062,"column":80}},"711":{"start":{"line":2063,"column":32},"end":{"line":2063,"column":83}},"712":{"start":{"line":2066,"column":26},"end":{"line":2066,"column":105}},"713":{"start":{"line":2069,"column":22},"end":{"line":2069,"column":48}},"714":{"start":{"line":2070,"column":27},"end":{"line":2070,"column":72}},"715":{"start":{"line":2071,"column":28},"end":{"line":2071,"column":73}},"716":{"start":{"line":2072,"column":35},"end":{"line":2072,"column":121}},"717":{"start":{"line":2075,"column":27},"end":{"line":2081,"column":7}},"718":{"start":{"line":2075,"column":58},"end":{"line":2081,"column":6}},"719":{"start":{"line":2083,"column":4},"end":{"line":2101,"column":7}},"720":{"start":{"line":2103,"column":4},"end":{"line":2103,"column":60}},"721":{"start":{"line":2104,"column":4},"end":{"line":2107,"column":7}},"722":{"start":{"line":1998,"column":13},"end":{"line":1998,"column":34}},"723":{"start":{"line":2114,"column":32},"end":{"line":2221,"column":1}},"724":{"start":{"line":2115,"column":2},"end":{"line":2220,"column":3}},"725":{"start":{"line":2116,"column":108},"end":{"line":2116,"column":117}},"726":{"start":{"line":2119,"column":20},"end":{"line":2119,"column":48}},"727":{"start":{"line":2120,"column":21},"end":{"line":2120,"column":50}},"728":{"start":{"line":2121,"column":22},"end":{"line":2121,"column":36}},"729":{"start":{"line":2122,"column":20},"end":{"line":2122,"column":39}},"730":{"start":{"line":2123,"column":25},"end":{"line":2123,"column":41}},"731":{"start":{"line":2126,"column":18},"end":{"line":2126,"column":102}},"732":{"start":{"line":2127,"column":16},"end":{"line":2127,"column":66}},"733":{"start":{"line":2132,"column":31},"end":{"line":2165,"column":6}},"734":{"start":{"line":2168,"column":23},"end":{"line":2168,"column":41}},"735":{"start":{"line":2169,"column":4},"end":{"line":2174,"column":5}},"736":{"start":{"line":2170,"column":6},"end":{"line":2173,"column":8}},"737":{"start":{"line":2171,"column":8},"end":{"line":2172,"column":null}},"738":{"start":{"line":2177,"column":4},"end":{"line":2186,"column":7}},"739":{"start":{"line":2178,"column":19},"end":{"line":2178,"column":36}},"740":{"start":{"line":2179,"column":19},"end":{"line":2179,"column":36}},"741":{"start":{"line":2181,"column":6},"end":{"line":2183,"column":7}},"742":{"start":{"line":2182,"column":8},"end":{"line":2182,"column":87}},"743":{"start":{"line":2185,"column":6},"end":{"line":2185,"column":59}},"744":{"start":{"line":2189,"column":23},"end":{"line":2189,"column":42}},"745":{"start":{"line":2190,"column":23},"end":{"line":2190,"column":47}},"746":{"start":{"line":2191,"column":26},"end":{"line":2191,"column":79}},"747":{"start":{"line":2194,"column":18},"end":{"line":2202,"column":7}},"748":{"start":{"line":2194,"column":52},"end":{"line":2202,"column":6}},"749":{"start":{"line":2204,"column":4},"end":{"line":2212,"column":7}},"750":{"start":{"line":2215,"column":4},"end":{"line":2215,"column":59}},"751":{"start":{"line":2216,"column":4},"end":{"line":2219,"column":7}},"752":{"start":{"line":2114,"column":13},"end":{"line":2114,"column":32}},"753":{"start":{"line":2226,"column":40},"end":{"line":2260,"column":1}},"754":{"start":{"line":2227,"column":2},"end":{"line":2259,"column":3}},"755":{"start":{"line":2228,"column":28},"end":{"line":2228,"column":38}},"756":{"start":{"line":2229,"column":23},"end":{"line":2229,"column":41}},"757":{"start":{"line":2230,"column":24},"end":{"line":2230,"column":43}},"758":{"start":{"line":2232,"column":4},"end":{"line":2238,"column":5}},"759":{"start":{"line":2233,"column":6},"end":{"line":2236,"column":9}},"760":{"start":{"line":2237,"column":6},"end":{"line":2237,"column":13}},"761":{"start":{"line":2241,"column":27},"end":{"line":2241,"column":96}},"762":{"start":{"line":2244,"column":29},"end":{"line":2244,"column":94}},"763":{"start":{"line":2246,"column":4},"end":{"line":2252,"column":7}},"764":{"start":{"line":2254,"column":4},"end":{"line":2254,"column":67}},"765":{"start":{"line":2255,"column":4},"end":{"line":2258,"column":7}},"766":{"start":{"line":2226,"column":13},"end":{"line":2226,"column":40}},"767":{"start":{"line":2265,"column":33},"end":{"line":2322,"column":1}},"768":{"start":{"line":2266,"column":2},"end":{"line":2321,"column":3}},"769":{"start":{"line":2275,"column":8},"end":{"line":2275,"column":17}},"770":{"start":{"line":2280,"column":4},"end":{"line":2307,"column":5}},"771":{"start":{"line":2282,"column":25},"end":{"line":2282,"column":59}},"772":{"start":{"line":2283,"column":26},"end":{"line":2283,"column":61}},"773":{"start":{"line":2285,"column":6},"end":{"line":2285,"column":89}},"774":{"start":{"line":2286,"column":6},"end":{"line":2286,"column":99}},"775":{"start":{"line":2287,"column":11},"end":{"line":2307,"column":5}},"776":{"start":{"line":2289,"column":30},"end":{"line":2289,"column":63}},"777":{"start":{"line":2290,"column":31},"end":{"line":2290,"column":65}},"778":{"start":{"line":2291,"column":28},"end":{"line":2291,"column":59}},"779":{"start":{"line":2292,"column":29},"end":{"line":2292,"column":61}},"780":{"start":{"line":2294,"column":6},"end":{"line":2299,"column":8}},"781":{"start":{"line":2300,"column":6},"end":{"line":2300,"column":172}},"782":{"start":{"line":2302,"column":6},"end":{"line":2305,"column":9}},"783":{"start":{"line":2306,"column":6},"end":{"line":2306,"column":13}},"784":{"start":{"line":2309,"column":4},"end":{"line":2312,"column":7}},"785":{"start":{"line":2314,"column":4},"end":{"line":2314,"column":33}},"786":{"start":{"line":2316,"column":4},"end":{"line":2316,"column":58}},"787":{"start":{"line":2317,"column":4},"end":{"line":2320,"column":7}},"788":{"start":{"line":2265,"column":13},"end":{"line":2265,"column":33}},"789":{"start":{"line":2327,"column":32},"end":{"line":2345,"column":1}},"790":{"start":{"line":2328,"column":2},"end":{"line":2344,"column":3}},"791":{"start":{"line":2329,"column":28},"end":{"line":2329,"column":37}},"792":{"start":{"line":2330,"column":25},"end":{"line":2330,"column":55}},"793":{"start":{"line":2332,"column":19},"end":{"line":2332,"column":70}},"794":{"start":{"line":2334,"column":4},"end":{"line":2337,"column":7}},"795":{"start":{"line":2339,"column":4},"end":{"line":2339,"column":58}},"796":{"start":{"line":2340,"column":4},"end":{"line":2343,"column":7}},"797":{"start":{"line":2327,"column":13},"end":{"line":2327,"column":32}},"798":{"start":{"line":2350,"column":34},"end":{"line":2365,"column":1}},"799":{"start":{"line":2351,"column":2},"end":{"line":2364,"column":3}},"800":{"start":{"line":2352,"column":4},"end":{"line":2352,"column":49}},"801":{"start":{"line":2354,"column":4},"end":{"line":2357,"column":7}},"802":{"start":{"line":2359,"column":4},"end":{"line":2359,"column":59}},"803":{"start":{"line":2360,"column":4},"end":{"line":2363,"column":7}},"804":{"start":{"line":2350,"column":13},"end":{"line":2350,"column":34}},"805":{"start":{"line":2370,"column":35},"end":{"line":2398,"column":1}},"806":{"start":{"line":2371,"column":2},"end":{"line":2397,"column":3}},"807":{"start":{"line":2372,"column":28},"end":{"line":2372,"column":37}},"808":{"start":{"line":2373,"column":16},"end":{"line":2373,"column":26}},"809":{"start":{"line":2374,"column":23},"end":{"line":2374,"column":78}},"810":{"start":{"line":2375,"column":24},"end":{"line":2375,"column":82}},"811":{"start":{"line":2377,"column":4},"end":{"line":2383,"column":5}},"812":{"start":{"line":2378,"column":6},"end":{"line":2381,"column":9}},"813":{"start":{"line":2382,"column":6},"end":{"line":2382,"column":13}},"814":{"start":{"line":2385,"column":21},"end":{"line":2385,"column":86}},"815":{"start":{"line":2387,"column":4},"end":{"line":2390,"column":7}},"816":{"start":{"line":2392,"column":4},"end":{"line":2392,"column":61}},"817":{"start":{"line":2393,"column":4},"end":{"line":2396,"column":7}},"818":{"start":{"line":2370,"column":13},"end":{"line":2370,"column":35}},"819":{"start":{"line":2403,"column":41},"end":{"line":2435,"column":1}},"820":{"start":{"line":2404,"column":2},"end":{"line":2434,"column":3}},"821":{"start":{"line":2405,"column":28},"end":{"line":2405,"column":36}},"822":{"start":{"line":2408,"column":26},"end":{"line":2408,"column":77}},"823":{"start":{"line":2408,"column":27},"end":{"line":2408,"column":68}},"824":{"start":{"line":2410,"column":19},"end":{"line":2412,"column":null}},"825":{"start":{"line":2415,"column":4},"end":{"line":2427,"column":5}},"826":{"start":{"line":2416,"column":6},"end":{"line":2420,"column":9}},"827":{"start":{"line":2422,"column":6},"end":{"line":2426,"column":9}},"828":{"start":{"line":2429,"column":4},"end":{"line":2429,"column":66}},"829":{"start":{"line":2430,"column":4},"end":{"line":2433,"column":7}},"830":{"start":{"line":2403,"column":13},"end":{"line":2403,"column":41}},"831":{"start":{"line":2440,"column":43},"end":{"line":2486,"column":1}},"832":{"start":{"line":2441,"column":2},"end":{"line":2485,"column":3}},"833":{"start":{"line":2442,"column":65},"end":{"line":2442,"column":74}},"834":{"start":{"line":2446,"column":4},"end":{"line":2467,"column":5}},"835":{"start":{"line":2448,"column":6},"end":{"line":2453,"column":8}},"836":{"start":{"line":2456,"column":18},"end":{"line":2456,"column":28}},"837":{"start":{"line":2457,"column":30},"end":{"line":2457,"column":70}},"838":{"start":{"line":2458,"column":22},"end":{"line":2458,"column":35}},"839":{"start":{"line":2459,"column":6},"end":{"line":2459,"column":61}},"840":{"start":{"line":2461,"column":6},"end":{"line":2466,"column":8}},"841":{"start":{"line":2469,"column":4},"end":{"line":2478,"column":7}},"842":{"start":{"line":2473,"column":75},"end":{"line":2473,"column":98}},"843":{"start":{"line":2475,"column":56},"end":{"line":2475,"column":79}},"844":{"start":{"line":2480,"column":4},"end":{"line":2480,"column":70}},"845":{"start":{"line":2481,"column":4},"end":{"line":2484,"column":7}},"846":{"start":{"line":2440,"column":13},"end":{"line":2440,"column":43}},"847":{"start":{"line":2491,"column":38},"end":{"line":2548,"column":1}},"848":{"start":{"line":2492,"column":2},"end":{"line":2547,"column":3}},"849":{"start":{"line":2493,"column":57},"end":{"line":2493,"column":66}},"850":{"start":{"line":2495,"column":4},"end":{"line":2495,"column":104}},"851":{"start":{"line":2498,"column":4},"end":{"line":2504,"column":5}},"852":{"start":{"line":2499,"column":6},"end":{"line":2502,"column":9}},"853":{"start":{"line":2503,"column":6},"end":{"line":2503,"column":13}},"854":{"start":{"line":2506,"column":25},"end":{"line":2510,"column":null}},"855":{"start":{"line":2513,"column":4},"end":{"line":2513,"column":86}},"856":{"start":{"line":2514,"column":4},"end":{"line":2516,"column":7}},"857":{"start":{"line":2515,"column":6},"end":{"line":2515,"column":188}},"858":{"start":{"line":2519,"column":27},"end":{"line":2519,"column":74}},"859":{"start":{"line":2519,"column":55},"end":{"line":2519,"column":73}},"860":{"start":{"line":2520,"column":26},"end":{"line":2520,"column":72}},"861":{"start":{"line":2520,"column":54},"end":{"line":2520,"column":71}},"862":{"start":{"line":2522,"column":35},"end":{"line":2522,"column":115}},"863":{"start":{"line":2522,"column":85},"end":{"line":2522,"column":111}},"864":{"start":{"line":2523,"column":34},"end":{"line":2523,"column":113}},"865":{"start":{"line":2523,"column":83},"end":{"line":2523,"column":109}},"866":{"start":{"line":2525,"column":4},"end":{"line":2529,"column":7}},"867":{"start":{"line":2531,"column":4},"end":{"line":2540,"column":7}},"868":{"start":{"line":2542,"column":4},"end":{"line":2542,"column":65}},"869":{"start":{"line":2543,"column":4},"end":{"line":2546,"column":7}},"870":{"start":{"line":2491,"column":13},"end":{"line":2491,"column":38}},"871":{"start":{"line":2553,"column":35},"end":{"line":2587,"column":1}},"872":{"start":{"line":2554,"column":2},"end":{"line":2586,"column":3}},"873":{"start":{"line":2555,"column":23},"end":{"line":2555,"column":32}},"874":{"start":{"line":2556,"column":25},"end":{"line":2556,"column":65}},"875":{"start":{"line":2558,"column":21},"end":{"line":2558,"column":75}},"876":{"start":{"line":2561,"column":54},"end":{"line":2561,"column":56}},"877":{"start":{"line":2563,"column":4},"end":{"line":2569,"column":7}},"878":{"start":{"line":2564,"column":23},"end":{"line":2564,"column":71}},"879":{"start":{"line":2565,"column":6},"end":{"line":2567,"column":7}},"880":{"start":{"line":2566,"column":8},"end":{"line":2566,"column":39}},"881":{"start":{"line":2568,"column":6},"end":{"line":2568,"column":47}},"882":{"start":{"line":2571,"column":4},"end":{"line":2579,"column":7}},"883":{"start":{"line":2576,"column":78},"end":{"line":2576,"column":107}},"884":{"start":{"line":2577,"column":69},"end":{"line":2577,"column":92}},"885":{"start":{"line":2581,"column":4},"end":{"line":2581,"column":61}},"886":{"start":{"line":2582,"column":4},"end":{"line":2585,"column":7}},"887":{"start":{"line":2553,"column":13},"end":{"line":2553,"column":35}},"888":{"start":{"line":2592,"column":37},"end":{"line":2615,"column":1}},"889":{"start":{"line":2593,"column":2},"end":{"line":2614,"column":3}},"890":{"start":{"line":2594,"column":23},"end":{"line":2594,"column":32}},"891":{"start":{"line":2595,"column":28},"end":{"line":2595,"column":68}},"892":{"start":{"line":2597,"column":33},"end":{"line":2597,"column":92}},"893":{"start":{"line":2599,"column":4},"end":{"line":2607,"column":7}},"894":{"start":{"line":2604,"column":68},"end":{"line":2604,"column":92}},"895":{"start":{"line":2609,"column":4},"end":{"line":2609,"column":63}},"896":{"start":{"line":2610,"column":4},"end":{"line":2613,"column":7}},"897":{"start":{"line":2592,"column":13},"end":{"line":2592,"column":37}}},"fnMap":{"0":{"name":"(anonymous_10)","decl":{"start":{"line":19,"column":40},"end":{"line":19,"column":45}},"loc":{"start":{"line":19,"column":93},"end":{"line":38,"column":1}}},"1":{"name":"(anonymous_11)","decl":{"start":{"line":41,"column":46},"end":{"line":41,"column":51}},"loc":{"start":{"line":41,"column":99},"end":{"line":63,"column":1}}},"2":{"name":"(anonymous_12)","decl":{"start":{"line":66,"column":36},"end":{"line":66,"column":41}},"loc":{"start":{"line":66,"column":89},"end":{"line":159,"column":1}}},"3":{"name":"(anonymous_13)","decl":{"start":{"line":71,"column":6},"end":{"line":71,"column":11}},"loc":{"start":{"line":71,"column":17},"end":{"line":144,"column":7}}},"4":{"name":"(anonymous_14)","decl":{"start":{"line":111,"column":11},"end":{"line":111,"column":16}},"loc":{"start":{"line":111,"column":22},"end":{"line":114,"column":11}}},"5":{"name":"(anonymous_15)","decl":{"start":{"line":115,"column":11},"end":{"line":115,"column":16}},"loc":{"start":{"line":115,"column":22},"end":{"line":118,"column":11}}},"6":{"name":"(anonymous_16)","decl":{"start":{"line":162,"column":42},"end":{"line":162,"column":47}},"loc":{"start":{"line":162,"column":95},"end":{"line":197,"column":1}}},"7":{"name":"(anonymous_17)","decl":{"start":{"line":200,"column":34},"end":{"line":200,"column":39}},"loc":{"start":{"line":200,"column":87},"end":{"line":231,"column":1}}},"8":{"name":"(anonymous_18)","decl":{"start":{"line":207,"column":23},"end":{"line":207,"column":29}},"loc":{"start":{"line":207,"column":32},"end":{"line":209,"column":5}}},"9":{"name":"(anonymous_19)","decl":{"start":{"line":234,"column":39},"end":{"line":234,"column":44}},"loc":{"start":{"line":234,"column":92},"end":{"line":262,"column":1}}},"10":{"name":"(anonymous_20)","decl":{"start":{"line":265,"column":37},"end":{"line":265,"column":42}},"loc":{"start":{"line":265,"column":90},"end":{"line":453,"column":1}}},"11":{"name":"(anonymous_21)","decl":{"start":{"line":327,"column":81},"end":{"line":327,"column":82}},"loc":{"start":{"line":327,"column":95},"end":{"line":333,"column":6}}},"12":{"name":"(anonymous_22)","decl":{"start":{"line":345,"column":32},"end":{"line":345,"column":33}},"loc":{"start":{"line":345,"column":38},"end":{"line":345,"column":62}}},"13":{"name":"(anonymous_23)","decl":{"start":{"line":350,"column":56},"end":{"line":350,"column":58}},"loc":{"start":{"line":351,"column":8},"end":{"line":351,"column":64}}},"14":{"name":"(anonymous_24)","decl":{"start":{"line":351,"column":26},"end":{"line":351,"column":27}},"loc":{"start":{"line":351,"column":39},"end":{"line":351,"column":63}}},"15":{"name":"(anonymous_25)","decl":{"start":{"line":354,"column":64},"end":{"line":354,"column":65}},"loc":{"start":{"line":355,"column":8},"end":{"line":355,"column":50}}},"16":{"name":"(anonymous_26)","decl":{"start":{"line":356,"column":12},"end":{"line":356,"column":13}},"loc":{"start":{"line":356,"column":26},"end":{"line":360,"column":8}}},"17":{"name":"(anonymous_27)","decl":{"start":{"line":405,"column":44},"end":{"line":405,"column":45}},"loc":{"start":{"line":405,"column":56},"end":{"line":419,"column":5}}},"18":{"name":"(anonymous_28)","decl":{"start":{"line":456,"column":36},"end":{"line":456,"column":41}},"loc":{"start":{"line":456,"column":89},"end":{"line":487,"column":1}}},"19":{"name":"(anonymous_29)","decl":{"start":{"line":490,"column":27},"end":{"line":490,"column":32}},"loc":{"start":{"line":490,"column":80},"end":{"line":522,"column":1}}},"20":{"name":"(anonymous_30)","decl":{"start":{"line":497,"column":37},"end":{"line":497,"column":41}},"loc":{"start":{"line":497,"column":46},"end":{"line":509,"column":6}}},"21":{"name":"(anonymous_31)","decl":{"start":{"line":525,"column":39},"end":{"line":525,"column":44}},"loc":{"start":{"line":525,"column":92},"end":{"line":548,"column":1}}},"22":{"name":"(anonymous_32)","decl":{"start":{"line":551,"column":34},"end":{"line":551,"column":39}},"loc":{"start":{"line":551,"column":87},"end":{"line":594,"column":1}}},"23":{"name":"(anonymous_33)","decl":{"start":{"line":561,"column":41},"end":{"line":561,"column":42}},"loc":{"start":{"line":561,"column":56},"end":{"line":577,"column":6}}},"24":{"name":"(anonymous_34)","decl":{"start":{"line":597,"column":36},"end":{"line":597,"column":41}},"loc":{"start":{"line":597,"column":89},"end":{"line":615,"column":1}}},"25":{"name":"(anonymous_35)","decl":{"start":{"line":618,"column":42},"end":{"line":618,"column":47}},"loc":{"start":{"line":618,"column":95},"end":{"line":701,"column":1}}},"26":{"name":"(anonymous_36)","decl":{"start":{"line":673,"column":22},"end":{"line":673,"column":28}},"loc":{"start":{"line":673,"column":31},"end":{"line":681,"column":7}}},"27":{"name":"(anonymous_37)","decl":{"start":{"line":678,"column":17},"end":{"line":678,"column":18}},"loc":{"start":{"line":678,"column":30},"end":{"line":680,"column":9}}},"28":{"name":"(anonymous_38)","decl":{"start":{"line":706,"column":34},"end":{"line":706,"column":39}},"loc":{"start":{"line":706,"column":87},"end":{"line":729,"column":1}}},"29":{"name":"(anonymous_39)","decl":{"start":{"line":732,"column":35},"end":{"line":732,"column":40}},"loc":{"start":{"line":732,"column":88},"end":{"line":835,"column":1}}},"30":{"name":"(anonymous_40)","decl":{"start":{"line":809,"column":47},"end":{"line":809,"column":48}},"loc":{"start":{"line":809,"column":53},"end":{"line":813,"column":8}}},"31":{"name":"(anonymous_41)","decl":{"start":{"line":838,"column":38},"end":{"line":838,"column":43}},"loc":{"start":{"line":838,"column":91},"end":{"line":881,"column":1}}},"32":{"name":"(anonymous_42)","decl":{"start":{"line":884,"column":42},"end":{"line":884,"column":47}},"loc":{"start":{"line":884,"column":95},"end":{"line":918,"column":1}}},"33":{"name":"(anonymous_43)","decl":{"start":{"line":921,"column":38},"end":{"line":921,"column":43}},"loc":{"start":{"line":921,"column":91},"end":{"line":945,"column":1}}},"34":{"name":"(anonymous_44)","decl":{"start":{"line":948,"column":40},"end":{"line":948,"column":45}},"loc":{"start":{"line":948,"column":93},"end":{"line":972,"column":1}}},"35":{"name":"(anonymous_45)","decl":{"start":{"line":975,"column":35},"end":{"line":975,"column":40}},"loc":{"start":{"line":975,"column":88},"end":{"line":1009,"column":1}}},"36":{"name":"(anonymous_46)","decl":{"start":{"line":1012,"column":38},"end":{"line":1012,"column":43}},"loc":{"start":{"line":1012,"column":91},"end":{"line":1027,"column":1}}},"37":{"name":"(anonymous_47)","decl":{"start":{"line":1030,"column":40},"end":{"line":1030,"column":45}},"loc":{"start":{"line":1030,"column":93},"end":{"line":1079,"column":1}}},"38":{"name":"(anonymous_48)","decl":{"start":{"line":1082,"column":31},"end":{"line":1082,"column":36}},"loc":{"start":{"line":1082,"column":84},"end":{"line":1103,"column":1}}},"39":{"name":"(anonymous_49)","decl":{"start":{"line":1105,"column":36},"end":{"line":1105,"column":41}},"loc":{"start":{"line":1105,"column":89},"end":{"line":1121,"column":1}}},"40":{"name":"(anonymous_50)","decl":{"start":{"line":1123,"column":34},"end":{"line":1123,"column":39}},"loc":{"start":{"line":1123,"column":87},"end":{"line":1156,"column":1}}},"41":{"name":"(anonymous_51)","decl":{"start":{"line":1159,"column":37},"end":{"line":1159,"column":42}},"loc":{"start":{"line":1159,"column":90},"end":{"line":1179,"column":1}}},"42":{"name":"(anonymous_52)","decl":{"start":{"line":1181,"column":34},"end":{"line":1181,"column":39}},"loc":{"start":{"line":1181,"column":87},"end":{"line":1212,"column":1}}},"43":{"name":"(anonymous_53)","decl":{"start":{"line":1214,"column":34},"end":{"line":1214,"column":39}},"loc":{"start":{"line":1214,"column":87},"end":{"line":1241,"column":1}}},"44":{"name":"(anonymous_54)","decl":{"start":{"line":1244,"column":31},"end":{"line":1244,"column":36}},"loc":{"start":{"line":1244,"column":84},"end":{"line":1263,"column":1}}},"45":{"name":"(anonymous_55)","decl":{"start":{"line":1265,"column":31},"end":{"line":1265,"column":36}},"loc":{"start":{"line":1265,"column":84},"end":{"line":1289,"column":1}}},"46":{"name":"(anonymous_56)","decl":{"start":{"line":1291,"column":28},"end":{"line":1291,"column":33}},"loc":{"start":{"line":1291,"column":81},"end":{"line":1325,"column":1}}},"47":{"name":"(anonymous_57)","decl":{"start":{"line":1327,"column":29},"end":{"line":1327,"column":34}},"loc":{"start":{"line":1327,"column":82},"end":{"line":1342,"column":1}}},"48":{"name":"(anonymous_58)","decl":{"start":{"line":1345,"column":37},"end":{"line":1345,"column":42}},"loc":{"start":{"line":1345,"column":90},"end":{"line":1361,"column":1}}},"49":{"name":"(anonymous_59)","decl":{"start":{"line":1363,"column":40},"end":{"line":1363,"column":45}},"loc":{"start":{"line":1363,"column":93},"end":{"line":1391,"column":1}}},"50":{"name":"(anonymous_60)","decl":{"start":{"line":1394,"column":38},"end":{"line":1394,"column":43}},"loc":{"start":{"line":1394,"column":91},"end":{"line":1439,"column":1}}},"51":{"name":"(anonymous_61)","decl":{"start":{"line":1442,"column":41},"end":{"line":1442,"column":46}},"loc":{"start":{"line":1442,"column":94},"end":{"line":1578,"column":1}}},"52":{"name":"(anonymous_62)","decl":{"start":{"line":1479,"column":46},"end":{"line":1479,"column":50}},"loc":{"start":{"line":1479,"column":53},"end":{"line":1492,"column":7}}},"53":{"name":"(anonymous_63)","decl":{"start":{"line":1494,"column":46},"end":{"line":1494,"column":53}},"loc":{"start":{"line":1494,"column":58},"end":{"line":1494,"column":74}}},"54":{"name":"(anonymous_64)","decl":{"start":{"line":1502,"column":82},"end":{"line":1502,"column":83}},"loc":{"start":{"line":1502,"column":88},"end":{"line":1502,"column":141}}},"55":{"name":"(anonymous_65)","decl":{"start":{"line":1514,"column":75},"end":{"line":1514,"column":76}},"loc":{"start":{"line":1514,"column":81},"end":{"line":1514,"column":134}}},"56":{"name":"(anonymous_66)","decl":{"start":{"line":1529,"column":33},"end":{"line":1529,"column":41}},"loc":{"start":{"line":1529,"column":44},"end":{"line":1535,"column":5}}},"57":{"name":"(anonymous_67)","decl":{"start":{"line":1530,"column":32},"end":{"line":1530,"column":33}},"loc":{"start":{"line":1530,"column":49},"end":{"line":1534,"column":7}}},"58":{"name":"(anonymous_68)","decl":{"start":{"line":1538,"column":56},"end":{"line":1538,"column":64}},"loc":{"start":{"line":1538,"column":67},"end":{"line":1564,"column":5}}},"59":{"name":"(anonymous_69)","decl":{"start":{"line":1544,"column":62},"end":{"line":1544,"column":70}},"loc":{"start":{"line":1545,"column":10},"end":{"line":1546,"column":null}}},"60":{"name":"(anonymous_70)","decl":{"start":{"line":1545,"column":33},"end":{"line":1545,"column":34}},"loc":{"start":{"line":1546,"column":12},"end":{"line":1546,"column":91}}},"61":{"name":"(anonymous_71)","decl":{"start":{"line":1552,"column":17},"end":{"line":1552,"column":25}},"loc":{"start":{"line":1552,"column":29},"end"
[...]
":4},"end":{"line":34,"column":5}},"type":"if","locations":[{"start":{"line":32,"column":4},"end":{"line":34,"column":5}}]},"1":{"loc":{"start":{"line":37,"column":4},"end":{"line":40,"column":5}},"type":"if","locations":[{"start":{"line":37,"column":4},"end":{"line":40,"column":5}}]},"2":{"loc":{"start":{"line":50,"column":16},"end":{"line":50,"column":45}},"type":"binary-expr","locations":[{"start":{"line":50,"column":16},"end":{"line":50,"column":26}},{"start":{"line":50,"column":30},"end":{"line":50,"column":45}}]},"3":{"loc":{"start":{"line":66,"column":6},"end":{"line":69,"column":7}},"type":"if","locations":[{"start":{"line":66,"column":6},"end":{"line":69,"column":7}}]},"4":{"loc":{"start":{"line":83,"column":6},"end":{"line":86,"column":7}},"type":"if","locations":[{"start":{"line":83,"column":6},"end":{"line":86,"column":7}}]},"5":{"loc":{"start":{"line":125,"column":10},"end":{"line":125,"column":77}},"type":"cond-expr","locations":[{"start":{"line":125,"column":52},"end":{"line":125,"column":71}},{"start":{"line":125,"column":74},"end":{"line":125,"column":77}}]},"6":{"loc":{"start":{"line":125,"column":10},"end":{"line":125,"column":49}},"type":"binary-expr","locations":[{"start":{"line":125,"column":10},"end":{"line":125,"column":33}},{"start":{"line":125,"column":37},"end":{"line":125,"column":49}}]},"7":{"loc":{"start":{"line":131,"column":6},"end":{"line":134,"column":7}},"type":"if","locations":[{"start":{"line":131,"column":6},"end":{"line":134,"column":7}}]},"8":{"loc":{"start":{"line":180,"column":2},"end":{"line":182,"column":3}},"type":"if","locations":[{"start":{"line":180,"column":2},"end":{"line":182,"column":3}}]}},"s":{"0":10,"1":10,"2":10,"3":10,"4":0,"5":0,"6":0,"7":0,"8":0,"9":0,"10":0,"11":0,"12":0,"13":0,"14":0,"15":0,"16":0,"17":0,"18":0,"19":88,"20":88,"21":0,"22":0,"23":0,"24":88,"25":0,"26":0,"27":0,"28":0,"29":0,"30":0,"31":0,"32":0,"33":0,"34":10,"35":0,"36":0,"37":0,"38":0,"39":0,"40":0,"41":0,"42":0,"43":0,"44":0,"45":0,"46":0,"47":0,"48":0,"49":22,"50":0,"51":0,"52":10,"53":10,"54":0,"55":0,"56":0,"57":10},"f":{"0":10,"1":0,"2":0,"3":0,"4":88,"5":0,"6":0,"7":0,"8":0,"9":0,"10":0,"11":0,"12":22,"13":0,"14":0,"15":0},"b":{"0":[0],"1":[0],"2":[0,0],"3":[0],"4":[0],"5":[0,0],"6":[0,0],"7":[0],"8":[0]}}
,"/home/evms/housnkuh_app/server/src/utils/seedTags.ts": {"path":"/home/evms/housnkuh_app/server/src/utils/seedTags.ts","statementMap":{"0":{"start":{"line":1,"column":0},"end":{"line":1,"column":36}},"1":{"start":{"line":4,"column":20},"end":{"line":201,"column":2}},"2":{"start":{"line":203,"column":24},"end":{"line":276,"column":1}},"3":{"start":{"line":204,"column":2},"end":{"line":275,"column":3}},"4":{"start":{"line":205,"column":4},"end":{"line":205,"column":40}},"5":{"start":{"line":207,"column":23},"end":{"line":207,"column":24}},"6":{"start":{"line":208,"column":23},"end":{"line":208,"column":24}},"7":{"start":{"line":211,"column":28},"end":{"line":211,"column":60}},"8":{"start":{"line":211,"column":51},"end":{"line":211,"column":59}},"9":{"start":{"line":212,"column":32},"end":{"line":214,"column":13}},"10":{"start":{"line":216,"column":26},"end":{"line":216,"column":75}},"11":{"start":{"line":216,"column":65},"end":{"line":216,"column":73}},"12":{"start":{"line":219,"column":4},"end":{"line":247,"column":5}},"13":{"start":{"line":220,"column":6},"end":{"line":246,"column":7}},"14":{"start":{"line":221,"column":8},"end":{"line":243,"column":9}},"15":{"start":{"line":223,"column":23},"end":{"line":233,"column":34}},"16":{"start":{"line":226,"column":62},"end":{"line":228,"column":16}},"17":{"start":{"line":229,"column":14},"end":{"line":229,"column":50}},"18":{"start":{"line":235,"column":25},"end":{"line":238,"column":12}},"19":{"start":{"line":239,"column":10},"end":{"line":239,"column":30}},"20":{"start":{"line":240,"column":10},"end":{"line":240,"column":25}},"21":{"start":{"line":242,"column":10},"end":{"line":242,"column":25}},"22":{"start":{"line":245,"column":8},"end":{"line":245,"column":73}},"23":{"start":{"line":249,"column":4},"end":{"line":249,"column":55}},"24":{"start":{"line":250,"column":4},"end":{"line":250,"column":60}},"25":{"start":{"line":253,"column":26},"end":{"line":253,"column":52}},"26":{"start":{"line":254,"column":4},"end":{"line":254,"column":61}},"27":{"start":{"line":256,"column":4},"end":{"line":269,"column":5}},"28":{"start":{"line":258,"column":22},"end":{"line":258,"column":47}},"29":{"start":{"line":259,"column":29},"end":{"line":263,"column":12}},"30":{"start":{"line":260,"column":8},"end":{"line":260,"column":54}},"31":{"start":{"line":260,"column":32},"end":{"line":260,"column":54}},"32":{"start":{"line":261,"column":8},"end":{"line":261,"column":28}},"33":{"start":{"line":262,"column":8},"end":{"line":262,"column":19}},"34":{"start":{"line":265,"column":6},"end":{"line":265,"column":42}},"35":{"start":{"line":266,"column":6},"end":{"line":268,"column":9}},"36":{"start":{"line":267,"column":8},"end":{"line":267,"column":55}},"37":{"start":{"line":271,"column":4},"end":{"line":271,"column":46}},"38":{"start":{"line":273,"column":4},"end":{"line":273,"column":50}},"39":{"start":{"line":274,"column":4},"end":{"line":274,"column":16}},"40":{"start":{"line":203,"column":13},"end":{"line":203,"column":24}}},"fnMap":{"0":{"name":"(anonymous_0)","decl":{"start":{"line":203,"column":24},"end":{"line":203,"column":29}},"loc":{"start":{"line":203,"column":50},"end":{"line":276,"column":1}}},"1":{"name":"(anonymous_1)","decl":{"start":{"line":211,"column":44},"end":{"line":211,"column":47}},"loc":{"start":{"line":211,"column":51},"end":{"line":211,"column":59}}},"2":{"name":"(anonymous_2)","decl":{"start":{"line":216,"column":58},"end":{"line":216,"column":61}},"loc":{"start":{"line":216,"column":65},"end":{"line":216,"column":73}}},"3":{"name":"(anonymous_3)","decl":{"start":{"line":225,"column":32},"end":{"line":225,"column":33}},"loc":{"start":{"line":225,"column":42},"end":{"line":230,"column":13}}},"4":{"name":"(anonymous_4)","decl":{"start":{"line":259,"column":44},"end":{"line":259,"column":45}},"loc":{"start":{"line":259,"column":62},"end":{"line":263,"column":7}}},"5":{"name":"(anonymous_5)","decl":{"start":{"line":266,"column":45},"end":{"line":266,"column":46}},"loc":{"start":{"line":266,"column":67},"end":{"line":268,"column":7}}}},"branchMap":{"0":{"loc":{"start":{"line":221,"column":8},"end":{"line":243,"column":9}},"type":"if","locations":[{"start":{"line":221,"column":8},"end":{"line":243,"column":9}},{"start":{"line":241,"column":15},"end":{"line":243,"column":9}}]},"1":{"loc":{"start":{"line":229,"column":21},"end":{"line":229,"column":49}},"type":"binary-expr","locations":[{"start":{"line":229,"column":21},"end":{"line":229,"column":40}},{"start":{"line":229,"column":44},"end":{"line":229,"column":49}}]},"2":{"loc":{"start":{"line":256,"column":4},"end":{"line":269,"column":5}},"type":"if","locations":[{"start":{"line":256,"column":4},"end":{"line":269,"column":5}}]},"3":{"loc":{"start":{"line":260,"column":8},"end":{"line":260,"column":54}},"type":"if","locations":[{"start":{"line":260,"column":8},"end":{"line":260,"column":54}}]}},"s":{"0":1,"1":1,"2":1,"3":1,"4":1,"5":1,"6":1,"7":1,"8":27,"9":1,"10":1,"11":0,"12":1,"13":27,"14":27,"15":27,"16":6,"17":6,"18":27,"19":27,"20":27,"21":0,"22":0,"23":1,"24":1,"25":1,"26":1,"27":1,"28":1,"29":1,"30":10,"31":2,"32":10,"33":10,"34":1,"35":1,"36":2,"37":1,"38":0,"39":0,"40":1},"f":{"0":1,"1":27,"2":0,"3":6,"4":10,"5":2},"b":{"0":[27,0],"1":[6,0],"2":[1],"3":[2]}}
,"/home/evms/housnkuh_app/server/src/utils/validation.ts": {"path":"/home/evms/housnkuh_app/server/src/utils/validation.ts","statementMap":{"0":{"start":{"line":2,"column":0},"end":{"line":2,"column":33}},"1":{"start":{"line":5,"column":13},"end":{"line":13,"column":11}},"2":{"start":{"line":24,"column":31},"end":{"line":66,"column":1}},"3":{"start":{"line":25,"column":2},"end":{"line":27,"column":3}},"4":{"start":{"line":26,"column":4},"end":{"line":26,"column":58}},"5":{"start":{"line":29,"column":25},"end":{"line":29,"column":39}},"6":{"start":{"line":31,"column":2},"end":{"line":33,"column":3}},"7":{"start":{"line":32,"column":4},"end":{"line":32,"column":58}},"8":{"start":{"line":35,"column":2},"end":{"line":40,"column":3}},"9":{"start":{"line":36,"column":4},"end":{"line":39,"column":6}},"10":{"start":{"line":43,"column":27},"end":{"line":43,"column":65}},"11":{"start":{"line":46,"column":29},"end":{"line":51,"column":4}},"12":{"start":{"line":53,"column":2},"end":{"line":60,"column":3}},"13":{"start":{"line":54,"column":4},"end":{"line":59,"column":5}},"14":{"start":{"line":55,"column":6},"end":{"line":58,"column":8}},"15":{"start":{"line":62,"column":2},"end":{"line":65,"column":4}},"16":{"start":{"line":24,"column":13},"end":{"line":24,"column":31}},"17":{"start":{"line":75,"column":40},"end":{"line":130,"column":1}},"18":{"start":{"line":79,"column":2},"end":{"line":81,"column":3}},"19":{"start":{"line":80,"column":4},"end":{"line":80,"column":51}},"20":{"start":{"line":83,"column":51},"end":{"line":83,"column":53}},"21":{"start":{"line":84,"column":27},"end":{"line":84,"column":29}},"22":{"start":{"line":86,"column":2},"end":{"line":117,"column":3}},"23":{"start":{"line":88,"column":4},"end":{"line":91,"column":5}},"24":{"start":{"line":89,"column":6},"end":{"line":89,"column":58}},"25":{"start":{"line":90,"column":6},"end":{"line":90,"column":15}},"26":{"start":{"line":94,"column":4},"end":{"line":97,"column":5}},"27":{"start":{"line":95,"column":6},"end":{"line":95,"column":80}},"28":{"start":{"line":96,"column":6},"end":{"line":96,"column":15}},"29":{"start":{"line":100,"column":4},"end":{"line":103,"column":5}},"30":{"start":{"line":101,"column":6},"end":{"line":101,"column":86}},"31":{"start":{"line":102,"column":6},"end":{"line":102,"column":15}},"32":{"start":{"line":105,"column":4},"end":{"line":108,"column":5}},"33":{"start":{"line":106,"column":6},"end":{"line":106,"column":78}},"34":{"start":{"line":107,"column":6},"end":{"line":107,"column":15}},"35":{"start":{"line":110,"column":4},"end":{"line":113,"column":5}},"36":{"start":{"line":111,"column":6},"end":{"line":111,"column":83}},"37":{"start":{"line":112,"column":6},"end":{"line":112,"column":15}},"38":{"start":{"line":116,"column":4},"end":{"line":116,"column":65}},"39":{"start":{"line":119,"column":2},"end":{"line":124,"column":3}},"40":{"start":{"line":120,"column":4},"end":{"line":123,"column":6}},"41":{"start":{"line":126,"column":2},"end":{"line":129,"column":4}},"42":{"start":{"line":75,"column":13},"end":{"line":75,"column":40}},"43":{"start":{"line":138,"column":35},"end":{"line":217,"column":1}},"44":{"start":{"line":139,"column":2},"end":{"line":144,"column":3}},"45":{"start":{"line":140,"column":4},"end":{"line":143,"column":6}},"46":{"start":{"line":147,"column":25},"end":{"line":152,"column":4}},"47":{"start":{"line":154,"column":2},"end":{"line":161,"column":3}},"48":{"start":{"line":155,"column":4},"end":{"line":160,"column":5}},"49":{"start":{"line":156,"column":6},"end":{"line":159,"column":8}},"50":{"start":{"line":164,"column":2},"end":{"line":169,"column":3}},"51":{"start":{"line":165,"column":4},"end":{"line":168,"column":6}},"52":{"start":{"line":172,"column":2},"end":{"line":186,"column":3}},"53":{"start":{"line":173,"column":4},"end":{"line":178,"column":5}},"54":{"start":{"line":174,"column":6},"end":{"line":177,"column":8}},"55":{"start":{"line":180,"column":4},"end":{"line":185,"column":5}},"56":{"start":{"line":181,"column":6},"end":{"line":184,"column":8}},"57":{"start":{"line":189,"column":2},"end":{"line":196,"column":3}},"58":{"start":{"line":192,"column":4},"end":{"line":195,"column":6}},"59":{"start":{"line":199,"column":2},"end":{"line":204,"column":3}},"60":{"start":{"line":200,"column":4},"end":{"line":203,"column":6}},"61":{"start":{"line":206,"column":21},"end":{"line":206,"column":56}},"62":{"start":{"line":207,"column":2},"end":{"line":214,"column":3}},"63":{"start":{"line":208,"column":4},"end":{"line":213,"column":5}},"64":{"start":{"line":209,"column":6},"end":{"line":212,"column":8}},"65":{"start":{"line":216,"column":2},"end":{"line":216,"column":27}},"66":{"start":{"line":138,"column":13},"end":{"line":138,"column":35}},"67":{"start":{"line":220,"column":29},"end":{"line":223,"column":1}},"68":{"start":{"line":221,"column":21},"end":{"line":221,"column":49}},"69":{"start":{"line":222,"column":2},"end":{"line":222,"column":32}},"70":{"start":{"line":220,"column":13},"end":{"line":220,"column":29}},"71":{"start":{"line":226,"column":27},"end":{"line":229,"column":1}},"72":{"start":{"line":227,"column":19},"end":{"line":227,"column":28}},"73":{"start":{"line":228,"column":2},"end":{"line":228,"column":28}},"74":{"start":{"line":226,"column":13},"end":{"line":226,"column":27}},"75":{"start":{"line":232,"column":35},"end":{"line":237,"column":1}},"76":{"start":{"line":234,"column":21},"end":{"line":234,"column":51}},"77":{"start":{"line":235,"column":21},"end":{"line":235,"column":53}},"78":{"start":{"line":236,"column":2},"end":{"line":236,"column":37}},"79":{"start":{"line":232,"column":13},"end":{"line":232,"column":35}}},"fnMap":{"0":{"name":"(anonymous_0)","decl":{"start":{"line":24,"column":31},"end":{"line":24,"column":32}},"loc":{"start":{"line":24,"column":88},"end":{"line":66,"column":1}}},"1":{"name":"(anonymous_1)","decl":{"start":{"line":75,"column":40},"end":{"line":75,"column":null}},"loc":{"start":{"line":78,"column":37},"end":{"line":130,"column":1}}},"2":{"name":"(anonymous_2)","decl":{"start":{"line":138,"column":35},"end":{"line":138,"column":36}},"loc":{"start":{"line":138,"column":85},"end":{"line":217,"column":1}}},"3":{"name":"(anonymous_3)","decl":{"start":{"line":220,"column":29},"end":{"line":220,"column":30}},"loc":{"start":{"line":220,"column":56},"end":{"line":223,"column":1}}},"4":{"name":"(anonymous_4)","decl":{"start":{"line":226,"column":27},"end":{"line":226,"column":28}},"loc":{"start":{"line":226,"column":52},"end":{"line":229,"column":1}}},"5":{"name":"(anonymous_5)","decl":{"start":{"line":232,"column":35},"end":{"line":232,"column":36}},"loc":{"start":{"line":232,"column":62},"end":{"line":237,"column":1}}}},"branchMap":{"0":{"loc":{"start":{"line":25,"column":2},"end":{"line":27,"column":3}},"type":"if","locations":[{"start":{"line":25,"column":2},"end":{"line":27,"column":3}}]},"1":{"loc":{"start":{"line":31,"column":2},"end":{"line":33,"column":3}},"type":"if","locations":[{"start":{"line":31,"column":2},"end":{"line":33,"column":3}}]},"2":{"loc":{"start":{"line":35,"column":2},"end":{"line":40,"column":3}},"type":"if","locations":[{"start":{"line":35,"column":2},"end":{"line":40,"column":3}}]},"3":{"loc":{"start":{"line":54,"column":4},"end":{"line":59,"column":5}},"type":"if","locations":[{"start":{"line":54,"column":4},"end":{"line":59,"column":5}}]},"4":{"loc":{"start":{"line":79,"column":2},"end":{"line":81,"column":3}},"type":"if","locations":[{"start":{"line":79,"column":2},"end":{"line":81,"column":3}}]},"5":{"loc":{"start":{"line":88,"column":4},"end":{"line":91,"column":5}},"type":"if","locations":[{"start":{"line":88,"column":4},"end":{"line":91,"column":5}}]},"6":{"loc":{"start":{"line":94,"column":4},"end":{"line":97,"column":5}},"type":"if","locations":[{"start":{"line":94,"column":4},"end":{"line":97,"column":5}}]},"7":{"loc":{"start":{"line":100,"column":4},"end":{"line":103,"column":5}},"type":"if","locations":[{"start":{"line":100,"column":4},"end":{"line":103,"column":5}}]},"8":{"loc":{"start":{"line":100,"column":8},"end":{"line":100,"column":49}},"type":"binary-expr","locations":[{"start":{"line":100,"column":8},"end":{"line":100,"column":33}},{"start":{"line":100,"column":37},"end":{"line":100,"column":49}}]},"9":{"loc":{"start":{"line":105,"column":4},"end":{"line":108,"column":5}},"type":"if","locations":[{"start":{"line":105,"column":4},"end":{"line":108,"column":5}}]},"10":{"loc":{"start":{"line":110,"column":4},"end":{"line":113,"column":5}},"type":"if","locations":[{"start":{"line":110,"column":4},"end":{"line":113,"column":5}}]},"11":{"loc":{"start":{"line":119,"column":2},"end":{"line":124,"column":3}},"type":"if","locations":[{"start":{"line":119,"column":2},"end":{"line":124,"column":3}}]},"12":{"loc":{"start":{"line":139,"column":2},"end":{"line":144,"column":3}},"type":"if","locations":[{"start":{"line":139,"column":2},"end":{"line":144,"column":3}}]},"13":{"loc":{"start":{"line":139,"column":6},"end":{"line":139,"column":53}},"type":"binary-expr","locations":[{"start":{"line":139,"column":6},"end":{"line":139,"column":18}},{"start":{"line":139,"column":22},"end":{"line":139,"column":53}}]},"14":{"loc":{"start":{"line":155,"column":4},"end":{"line":160,"column":5}},"type":"if","locations":[{"start":{"line":155,"column":4},"end":{"line":160,"column":5}}]},"15":{"loc":{"start":{"line":164,"column":2},"end":{"line":169,"column":3}},"type":"if","locations":[{"start":{"line":164,"column":2},"end":{"line":169,"column":3}}]},"16":{"loc":{"start":{"line":173,"column":4},"end":{"line":178,"column":5}},"type":"if","locations":[{"start":{"line":173,"column":4},"end":{"line":178,"column":5}}]},"17":{"loc":{"start":{"line":173,"column":8},"end":{"line":173,"column":96}},"type":"binary-expr","locations":[{"start":{"line":173,"column":8},"end":{"line":173,"column":25}},{"start":{"line":173,"column":29},"end":{"line":173,"column":96}}]},"18":{"loc":{"start":{"line":180,"column":4},"end":{"line":185,"column":5}},"type":"if","locations":[{"start":{"line":180,"column":4},"end":{"line":185,"column":5}}]},"19":{"loc":{"start":{"line":180,"column":8},"end":{"line":180,"column":74}},"type":"binary-expr","locations":[{"start":{"line":180,"column":8},"end":{"line":180,"column":47}},{"start":{"line":180,"column":51},"end":{"line":180,"column":74}}]},"20":{"loc":{"start":{"line":189,"column":2},"end":{"line":196,"column":3}},"type":"if","locations":[{"start":{"line":189,"column":2},"end":{"line":196,"column":3}}]},"21":{"loc":{"start":{"line":189,"column":6},"end":{"line":191,"column":37}},"type":"binary-expr","locations":[{"start":{"line":189,"column":6},"end":{"line":189,"column":52}},{"start":{"line":190,"column":6},"end":{"line":190,"column":36}},{"start":{"line":191,"column":6},"end":{"line":191,"column":37}}]},"22":{"loc":{"start":{"line":199,"column":2},"end":{"line":204,"column":3}},"type":"if","locations":[{"start":{"line":199,"column":2},"end":{"line":204,"column":3}}]},"23":{"loc":{"start":{"line":199,"column":6},"end":{"line":199,"column":73}},"type":"binary-expr","locations":[{"start":{"line":199,"column":6},"end":{"line":199,"column":28}},{"start":{"line":199,"column":32},"end":{"line":199,"column":73}}]},"24":{"loc":{"start":{"line":208,"column":4},"end":{"line":213,"column":5}},"type":"if","locations":[{"start":{"line":208,"column":4},"end":{"line":213,"column":5}}]},"25":{"loc":{"start":{"line":208,"column":8},"end":{"line":208,"column":92}},"type":"binary-expr","locations":[{"start":{"line":208,"column":8},"end":{"line":208,"column":56}},{"start":{"line":208,"column":60},"end":{"line":208,"column":92}}]}},"s":{"0":1,"1":1,"2":1,"3":0,"4":0,"5":0,"6":0,"7":0,"8":0,"9":0,"10":0,"11":0,"12":0,"13":0,"14":0,"15":0,"16":1,"17":1,"18":0,"19":0,"20":0,"21":0,"22":0,"23":0,"24":0,"25":0,"26":0,"27":0,"28":0,"29":0,"30":0,"31":0,"32":0,"33":0,"34":0,"35":0,"36":0,"37":0,"38":0,"39":0,"40":0,"41":0,"42":1,"43":1,"44":1,"45":0,"46":1,"47":1,"48":1,"49":1,"50":0,"51":0,"52":0,"53":0,"54":0,"55":0,"56":0,"57":0,"58":0,"59":0,"60":0,"61":0,"62":0,"63":0,"64":0,"65":0,"66":1,"67":1,"68":1,"69":1,"70":1,"71":1,"72":0,"73":0,"74":1,"75":1,"76":0,"77":0,"78":0,"79":1},"f":{"0":0,"1":0,"2":1,"3":1,"4":0,"5":0},"b":{"0":[0],"1":[0],"2":[0],"3":[0],"4":[0],"5":[0],"6":[0],"7":[0],"8":[0,0],"9":[0],"10":[0],"11":[0],"12":[0],"13":[1,1],"14":[1],"15":[0],"16":[0],"17":[0,0],"18":[0],"19":[0,0],"20":[0],"21":[0,0,0],"22":[0],"23":[0,0],"24":[0],"25":[0,0]}}
}
