TN:
SF:src/config/config.ts
FN:3,(anonymous_0)
FNF:1
FNH:1
FNDA:6,(anonymous_0)
DA:1,6
DA:4,6
DA:5,0
DA:7,6
DA:8,6
LF:5
LH:4
BRDA:2,0,0,6
BRDA:2,0,1,6
BRDA:3,1,0,6
BRDA:3,1,1,6
BRDA:4,2,0,0
BRDA:10,3,0,6
BRDA:10,3,1,6
BRF:7
BRH:6
end_of_record
TN:
SF:src/config/db.ts
FN:4,connectDB
FN:24,createPerformanceIndexes
FN:77,(anonymous_3)
FNF:3
FNH:1
FNDA:1,connectDB
FNDA:0,createPerformanceIndexes
FNDA:0,(anonymous_3)
DA:1,1
DA:2,1
DA:5,1
DA:7,1
DA:13,0
DA:16,0
DA:19,0
DA:20,0
DA:25,0
DA:26,0
DA:29,0
DA:34,0
DA:39,0
DA:44,0
DA:50,0
DA:60,0
DA:69,0
DA:71,0
DA:76,1
DA:77,0
DA:78,0
DA:82,1
LF:22
LH:6
BRDA:76,0,0,0
BRF:1
BRH:0
end_of_record
TN:
SF:src/controllers/adminController.ts
FN:19,(anonymous_10)
FN:41,(anonymous_11)
FN:66,(anonymous_12)
FN:71,(anonymous_13)
FN:111,(anonymous_14)
FN:115,(anonymous_15)
FN:162,(anonymous_16)
FN:200,(anonymous_17)
FN:207,(anonymous_18)
FN:234,(anonymous_19)
FN:265,(anonymous_20)
FN:327,(anonymous_21)
FN:345,(anonymous_22)
FN:350,(anonymous_23)
FN:351,(anonymous_24)
FN:354,(anonymous_25)
FN:356,(anonymous_26)
FN:405,(anonymous_27)
FN:456,(anonymous_28)
FN:490,(anonymous_29)
FN:497,(anonymous_30)
FN:525,(anonymous_31)
FN:551,(anonymous_32)
FN:561,(anonymous_33)
FN:597,(anonymous_34)
FN:618,(anonymous_35)
FN:673,(anonymous_36)
FN:678,(anonymous_37)
FN:706,(anonymous_38)
FN:732,(anonymous_39)
FN:809,(anonymous_40)
FN:838,(anonymous_41)
FN:884,(anonymous_42)
FN:921,(anonymous_43)
FN:948,(anonymous_44)
FN:975,(anonymous_45)
FN:1012,(anonymous_46)
FN:1030,(anonymous_47)
FN:1082,(anonymous_48)
FN:1105,(anonymous_49)
FN:1123,(anonymous_50)
FN:1159,(anonymous_51)
FN:1181,(anonymous_52)
FN:1214,(anonymous_53)
FN:1244,(anonymous_54)
FN:1265,(anonymous_55)
FN:1291,(anonymous_56)
FN:1327,(anonymous_57)
FN:1345,(anonymous_58)
FN:1363,(anonymous_59)
FN:1394,(anonymous_60)
FN:1442,(anonymous_61)
FN:1479,(anonymous_62)
FN:1494,(anonymous_63)
FN:1502,(anonymous_64)
FN:1514,(anonymous_65)
FN:1529,(anonymous_66)
FN:1530,(anonymous_67)
FN:1538,(anonymous_68)
FN:1544,(anonymous_69)
FN:1545,(anonymous_70)
FN:1552,(anonymous_71)
FN:1553,(anonymous_72)
FN:1554,(anonymous_73)
FN:1581,(anonymous_74)
FN:1635,(anonymous_75)
FN:1636,(anonymous_76)
FN:1645,(anonymous_77)
FN:1651,(anonymous_78)
FN:1652,(anonymous_79)
FN:1659,(anonymous_80)
FN:1669,(anonymous_81)
FN:1684,(anonymous_82)
FN:1685,(anonymous_83)
FN:1719,(anonymous_84)
FN:1792,(anonymous_85)
FN:1821,(anonymous_86)
FN:1907,(anonymous_87)
FN:1961,(anonymous_88)
FN:1998,(anonymous_89)
FN:2024,(anonymous_90)
FN:2032,(anonymous_91)
FN:2049,(anonymous_92)
FN:2075,(anonymous_93)
FN:2114,(anonymous_94)
FN:2170,(anonymous_95)
FN:2177,(anonymous_96)
FN:2194,(anonymous_97)
FN:2226,(anonymous_98)
FN:2265,(anonymous_99)
FN:2327,(anonymous_100)
FN:2350,(anonymous_101)
FN:2370,(anonymous_102)
FN:2403,(anonymous_103)
FN:2408,(anonymous_104)
FN:2440,(anonymous_105)
FN:2473,(anonymous_106)
FN:2475,(anonymous_107)
FN:2491,(anonymous_108)
FN:2514,(anonymous_109)
FN:2519,(anonymous_110)
FN:2520,(anonymous_111)
FN:2522,(anonymous_112)
FN:2523,(anonymous_113)
FN:2553,(anonymous_114)
FN:2563,(anonymous_115)
FN:2576,(anonymous_116)
FN:2577,(anonymous_117)
FN:2592,(anonymous_118)
FN:2604,(anonymous_119)
FNF:110
FNH:0
FNDA:0,(anonymous_10)
FNDA:0,(anonymous_11)
FNDA:0,(anonymous_12)
FNDA:0,(anonymous_13)
FNDA:0,(anonymous_14)
FNDA:0,(anonymous_15)
FNDA:0,(anonymous_16)
FNDA:0,(anonymous_17)
FNDA:0,(anonymous_18)
FNDA:0,(anonymous_19)
FNDA:0,(anonymous_20)
FNDA:0,(anonymous_21)
FNDA:0,(anonymous_22)
FNDA:0,(anonymous_23)
FNDA:0,(anonymous_24)
FNDA:0,(anonymous_25)
FNDA:0,(anonymous_26)
FNDA:0,(anonymous_27)
FNDA:0,(anonymous_28)
FNDA:0,(anonymous_29)
FNDA:0,(anonymous_30)
FNDA:0,(anonymous_31)
FNDA:0,(anonymous_32)
FNDA:0,(anonymous_33)
FNDA:0,(anonymous_34)
FNDA:0,(anonymous_35)
FNDA:0,(anonymous_36)
FNDA:0,(anonymous_37)
FNDA:0,(anonymous_38)
FNDA:0,(anonymous_39)
FNDA:0,(anonymous_40)
FNDA:0,(anonymous_41)
FNDA:0,(anonymous_42)
FNDA:0,(anonymous_43)
FNDA:0,(anonymous_44)
FNDA:0,(anonymous_45)
FNDA:0,(anonymous_46)
FNDA:0,(anonymous_47)
FNDA:0,(anonymous_48)
FNDA:0,(anonymous_49)
FNDA:0,(anonymous_50)
FNDA:0,(anonymous_51)
FNDA:0,(anonymous_52)
FNDA:0,(anonymous_53)
FNDA:0,(anonymous_54)
FNDA:0,(anonymous_55)
FNDA:0,(anonymous_56)
FNDA:0,(anonymous_57)
FNDA:0,(anonymous_58)
FNDA:0,(anonymous_59)
FNDA:0,(anonymous_60)
FNDA:0,(anonymous_61)
FNDA:0,(anonymous_62)
FNDA:0,(anonymous_63)
FNDA:0,(anonymous_64)
FNDA:0,(anonymous_65)
FNDA:0,(anonymous_66)
FNDA:0,(anonymous_67)
FNDA:0,(anonymous_68)
FNDA:0,(anonymous_69)
FNDA:0,(anonymous_70)
FNDA:0,(anonymous_71)
FNDA:0,(anonymous_72)
FNDA:0,(anonymous_73)
FNDA:0,(anonymous_74)
FNDA:0,(anonymous_75)
FNDA:0,(anonymous_76)
FNDA:0,(anonymous_77)
FNDA:0,(anonymous_78)
FNDA:0,(anonymous_79)
FNDA:0,(anonymous_80)
FNDA:0,(anonymous_81)
FNDA:0,(anonymous_82)
FNDA:0,(anonymous_83)
FNDA:0,(anonymous_84)
FNDA:0,(anonymous_85)
FNDA:0,(anonymous_86)
FNDA:0,(anonymous_87)
FNDA:0,(anonymous_88)
FNDA:0,(anonymous_89)
FNDA:0,(anonymous_90)
FNDA:0,(anonymous_91)
FNDA:0,(anonymous_92)
FNDA:0,(anonymous_93)
FNDA:0,(anonymous_94)
FNDA:0,(anonymous_95)
FNDA:0,(anonymous_96)
FNDA:0,(anonymous_97)
FNDA:0,(anonymous_98)
FNDA:0,(anonymous_99)
FNDA:0,(anonymous_100)
FNDA:0,(anonymous_101)
FNDA:0,(anonymous_102)
FNDA:0,(anonymous_103)
FNDA:0,(anonymous_104)
FNDA:0,(anonymous_105)
FNDA:0,(anonymous_106)
FNDA:0,(anonymous_107)
FNDA:0,(anonymous_108)
FNDA:0,(anonymous_109)
FNDA:0,(anonymous_110)
FNDA:0,(anonymous_111)
FNDA:0,(anonymous_112)
FNDA:0,(anonymous_113)
FNDA:0,(anonymous_114)
FNDA:0,(anonymous_115)
FNDA:0,(anonymous_116)
FNDA:0,(anonymous_117)
FNDA:0,(anonymous_118)
FNDA:0,(anonymous_119)
DA:4,4
DA:5,4
DA:6,4
DA:7,4
DA:8,4
DA:10,4
DA:11,4
DA:12,4
DA:13,4
DA:14,4
DA:15,4
DA:16,4
DA:19,4
DA:20,0
DA:21,0
DA:26,0
DA:32,0
DA:33,0
DA:41,4
DA:42,0
DA:43,0
DA:45,0
DA:51,0
DA:57,0
DA:58,0
DA:66,4
DA:67,0
DA:69,0
DA:84,0
DA:112,0
DA:113,0
DA:116,0
DA:117,0
DA:128,0
DA:148,0
DA:153,0
DA:154,0
DA:162,4
DA:163,0
DA:164,0
DA:166,0
DA:168,0
DA:169,0
DA:173,0
DA:177,0
DA:178,0
DA:181,0
DA:182,0
DA:183,0
DA:186,0
DA:191,0
DA:192,0
DA:200,4
DA:201,0
DA:202,0
DA:205,0
DA:206,0
DA:207,0
DA:208,0
DA:211,0
DA:217,0
DA:219,0
DA:225,0
DA:226,0
DA:234,4
DA:235,0
DA:237,0
DA:249,0
DA:251,0
DA:256,0
DA:257,0
DA:265,4
DA:266,0
DA:267,0
DA:268,0
DA:270,0
DA:273,0
DA:275,0
DA:276,0
DA:277,0
DA:281,0
DA:285,0
DA:286,0
DA:287,0
DA:291,0
DA:294,0
DA:295,0
DA:304,0
DA:305,0
DA:309,0
DA:313,0
DA:314,0
DA:315,0
DA:319,0
DA:323,0
DA:326,0
DA:327,0
DA:336,0
DA:342,0
DA:345,0
DA:348,0
DA:350,0
DA:351,0
DA:354,0
DA:355,0
DA:356,0
DA:362,0
DA:364,0
DA:369,0
DA:373,0
DA:375,0
DA:383,0
DA:384,0
DA:388,0
DA:392,0
DA:402,0
DA:405,0
DA:406,0
DA:407,0
DA:411,0
DA:422,0
DA:433,0
DA:436,0
DA:437,0
DA:439,0
DA:447,0
DA:448,0
DA:456,4
DA:457,0
DA:458,0
DA:459,0
DA:461,0
DA:462,0
DA:463,0
DA:467,0
DA:471,0
DA:472,0
DA:476,0
DA:481,0
DA:482,0
DA:490,4
DA:491,0
DA:492,0
DA:497,0
DA:511,0
DA:516,0
DA:517,0
DA:525,4
DA:526,0
DA:527,0
DA:529,0
DA:542,0
DA:543,0
DA:551,4
DA:552,0
DA:553,0
DA:556,0
DA:557,0
DA:558,0
DA:561,0
DA:579,0
DA:588,0
DA:589,0
DA:597,4
DA:598,0
DA:599,0
DA:601,0
DA:603,0
DA:609,0
DA:610,0
DA:618,4
DA:619,0
DA:620,0
DA:621,0
DA:624,0
DA:625,0
DA:626,0
DA:627,0
DA:629,0
DA:630,0
DA:634,0
DA:639,0
DA:640,0
DA:644,0
DA:647,0
DA:648,0
DA:649,0
DA:651,0
DA:659,0
DA:660,0
DA:664,0
DA:666,0
DA:672,0
DA:673,0
DA:674,0
DA:679,0
DA:684,0
DA:695,0
DA:696,0
DA:706,4
DA:707,0
DA:708,0
DA:710,0
DA:711,0
DA:717,0
DA:723,0
DA:724,0
DA:732,4
DA:733,0
DA:734,0
DA:735,0
DA:738,0
DA:739,0
DA:740,0
DA:742,0
DA:743,0
DA:744,0
DA:745,0
DA:746,0
DA:749,0
DA:751,0
DA:752,0
DA:759,0
DA:762,0
DA:763,0
DA:764,0
DA:775,0
DA:788,0
DA:791,0
DA:809,0
DA:822,0
DA:829,0
DA:830,0
DA:838,4
DA:839,0
DA:840,0
DA:841,0
DA:843,0
DA:844,0
DA:845,0
DA:849,0
DA:852,0
DA:853,0
DA:857,0
DA:860,0
DA:861,0
DA:863,0
DA:875,0
DA:876,0
DA:884,4
DA:885,0
DA:886,0
DA:888,0
DA:889,0
DA:893,0
DA:896,0
DA:906,0
DA:912,0
DA:913,0
DA:921,4
DA:922,0
DA:923,0
DA:925,0
DA:926,0
DA:933,0
DA:939,0
DA:940,0
DA:948,4
DA:949,0
DA:950,0
DA:952,0
DA:953,0
DA:960,0
DA:966,0
DA:967,0
DA:975,4
DA:976,0
DA:977,0
DA:979,0
DA:980,0
DA:984,0
DA:987,0
DA:989,0
DA:990,0
DA:997,0
DA:1003,0
DA:1004,0
DA:1012,4
DA:1013,0
DA:1014,0
DA:1016,0
DA:1021,0
DA:1022,0
DA:1030,4
DA:1031,0
DA:1032,0
DA:1033,0
DA:1035,0
DA:1036,0
DA:1040,0
DA:1043,0
DA:1044,0
DA:1048,0
DA:1051,0
DA:1052,0
DA:1053,0
DA:1057,0
DA:1061,0
DA:1062,0
DA:1064,0
DA:1066,0
DA:1073,0
DA:1074,0
DA:1082,4
DA:1083,0
DA:1084,0
DA:1086,0
DA:1091,0
DA:1092,0
DA:1105,4
DA:1106,0
DA:1107,0
DA:1109,0
DA:1114,0
DA:1115,0
DA:1123,4
DA:1124,0
DA:1125,0
DA:1127,0
DA:1128,0
DA:1132,0
DA:1135,0
DA:1137,0
DA:1138,0
DA:1142,0
DA:1145,0
DA:1150,0
DA:1151,0
DA:1159,4
DA:1160,0
DA:1161,0
DA:1162,0
DA:1164,0
DA:1173,0
DA:1174,0
DA:1181,4
DA:1182,0
DA:1183,0
DA:1184,0
DA:1187,0
DA:1188,0
DA:1189,0
DA:1190,0
DA:1192,0
DA:1196,0
DA:1199,0
DA:1206,0
DA:1207,0
DA:1214,4
DA:1215,0
DA:1216,0
DA:1218,0
DA:1219,0
DA:1223,0
DA:1226,0
DA:1227,0
DA:1229,0
DA:1235,0
DA:1236,0
DA:1244,4
DA:1245,0
DA:1246,0
DA:1247,0
DA:1249,0
DA:1257,0
DA:1258,0
DA:1265,4
DA:1266,0
DA:1267,0
DA:1268,0
DA:1271,0
DA:1272,0
DA:1274,0
DA:1277,0
DA:1283,0
DA:1284,0
DA:1291,4
DA:1292,0
DA:1293,0
DA:1295,0
DA:1296,0
DA:1300,0
DA:1303,0
DA:1305,0
DA:1306,0
DA:1310,0
DA:1313,0
DA:1319,0
DA:1320,0
DA:1327,4
DA:1328,0
DA:1329,0
DA:1331,0
DA:1336,0
DA:1337,0
DA:1345,4
DA:1346,0
DA:1347,0
DA:1348,0
DA:1350,0
DA:1355,0
DA:1356,0
DA:1363,4
DA:1364,0
DA:1365,0
DA:1366,0
DA:1368,0
DA:1369,0
DA:1373,0
DA:1376,0
DA:1377,0
DA:1379,0
DA:1385,0
DA:1386,0
DA:1394,4
DA:1395,0
DA:1404,0
DA:1413,0
DA:1415,0
DA:1433,0
DA:1434,0
DA:1442,4
DA:1443,0
DA:1444,0
DA:1446,0
DA:1452,0
DA:1453,0
DA:1457,0
DA:1460,0
DA:1461,0
DA:1463,0
DA:1464,0
DA:1468,0
DA:1472,0
DA:1473,0
DA:1476,0
DA:1477,0
DA:1479,0
DA:1481,0
DA:1482,0
DA:1483,0
DA:1484,0
DA:1485,0
DA:1486,0
DA:1487,0
DA:1488,0
DA:1489,0
DA:1491,0
DA:1494,0
DA:1497,0
DA:1500,0
DA:1501,0
DA:1502,0
DA:1504,0
DA:1505,0
DA:1508,0
DA:1509,0
DA:1510,0
DA:1513,0
DA:1514,0
DA:1517,0
DA:1528,0
DA:1529,0
DA:1530,0
DA:1531,0
DA:1532,0
DA:1538,0
DA:1539,0
DA:1541,0
DA:1542,0
DA:1544,0
DA:1545,0
DA:1546,0
DA:1550,0
DA:1551,0
DA:1552,0
DA:1553,0
DA:1554,0
DA:1555,0
DA:1559,0
DA:1566,0
DA:1572,0
DA:1573,0
DA:1581,4
DA:1582,0
DA:1583,0
DA:1586,0
DA:1587,0
DA:1591,0
DA:1594,0
DA:1595,0
DA:1597,0
DA:1598,0
DA:1602,0
DA:1606,0
DA:1607,0
DA:1610,0
DA:1611,0
DA:1612,0
DA:1616,0
DA:1619,0
DA:1634,0
DA:1635,0
DA:1636,0
DA:1637,0
DA:1638,0
DA:1644,0
DA:1646,0
DA:1648,0
DA:1649,0
DA:1651,0
DA:1652,0
DA:1653,0
DA:1657,0
DA:1658,0
DA:1661,0
DA:1662,0
DA:1664,0
DA:1665,0
DA:1666,0
DA:1667,0
DA:1669,0
DA:1670,0
DA:1674,0
DA:1684,0
DA:1685,0
DA:1687,0
DA:1710,0
DA:1711,0
DA:1719,4
DA:1720,0
DA:1721,0
DA:1722,0
DA:1725,0
DA:1726,0
DA:1730,0
DA:1733,0
DA:1734,0
DA:1735,0
DA:1739,0
DA:1743,0
DA:1744,0
DA:1745,0
DA:1747,0
DA:1748,0
DA:1752,0
DA:1756,0
DA:1757,0
DA:1758,0
DA:1760,0
DA:1761,0
DA:1764,0
DA:1766,0
DA:1775,0
DA:1779,0
DA:1780,0
DA:1781,0
DA:1785,0
DA:1789,0
DA:1790,0
DA:1792,0
DA:1793,0
DA:1794,0
DA:1799,0
DA:1801,0
DA:1812,0
DA:1813,0
DA:1821,4
DA:1822,0
DA:1823,0
DA:1824,0
DA:1827,0
DA:1828,0
DA:1832,0
DA:1835,0
DA:1836,0
DA:1837,0
DA:1841,0
DA:1845,0
DA:1846,0
DA:1847,0
DA:1849,0
DA:1850,0
DA:1854,0
DA:1858,0
DA:1859,0
DA:1860,0
DA:1861,0
DA:1865,0
DA:1869,0
DA:1870,0
DA:1871,0
DA:1873,0
DA:1884,0
DA:1885,0
DA:1889,0
DA:1894,0
DA:1895,0
DA:1896,0
DA:1899,0
DA:1908,0
DA:1909,0
DA:1910,0
DA:1915,0
DA:1916,0
DA:1918,0
DA:1921,0
DA:1929,0
DA:1931,0
DA:1943,0
DA:1947,0
DA:1948,0
DA:1949,0
DA:1953,0
DA:1957,0
DA:1958,0
DA:1960,0
DA:1961,0
DA:1962,0
DA:1963,0
DA:1968,0
DA:1970,0
DA:1983,0
DA:1984,0
DA:1998,4
DA:1999,0
DA:2000,0
DA:2002,0
DA:2005,0
DA:2006,0
DA:2008,0
DA:2011,0
DA:2015,0
DA:2022,0
DA:2023,0
DA:2024,0
DA:2025,0
DA:2029,0
DA:2032,0
DA:2033,0
DA:2034,0
DA:2038,0
DA:2049,0
DA:2050,0
DA:2052,0
DA:2054,0
DA:2055,0
DA:2056,0
DA:2059,0
DA:2062,0
DA:2063,0
DA:2066,0
DA:2069,0
DA:2070,0
DA:2071,0
DA:2072,0
DA:2075,0
DA:2083,0
DA:2103,0
DA:2104,0
DA:2114,4
DA:2115,0
DA:2116,0
DA:2119,0
DA:2120,0
DA:2121,0
DA:2122,0
DA:2123,0
DA:2126,0
DA:2127,0
DA:2132,0
DA:2168,0
DA:2169,0
DA:2170,0
DA:2171,0
DA:2177,0
DA:2178,0
DA:2179,0
DA:2181,0
DA:2182,0
DA:2185,0
DA:2189,0
DA:2190,0
DA:2191,0
DA:2194,0
DA:2204,0
DA:2215,0
DA:2216,0
DA:2226,4
DA:2227,0
DA:2228,0
DA:2229,0
DA:2230,0
DA:2232,0
DA:2233,0
DA:2237,0
DA:2241,0
DA:2244,0
DA:2246,0
DA:2254,0
DA:2255,0
DA:2265,4
DA:2266,0
DA:2275,0
DA:2280,0
DA:2282,0
DA:2283,0
DA:2285,0
DA:2286,0
DA:2287,0
DA:2289,0
DA:2290,0
DA:2291,0
DA:2292,0
DA:2294,0
DA:2300,0
DA:2302,0
DA:2306,0
DA:2309,0
DA:2314,0
DA:2316,0
DA:2317,0
DA:2327,4
DA:2328,0
DA:2329,0
DA:2330,0
DA:2332,0
DA:2334,0
DA:2339,0
DA:2340,0
DA:2350,4
DA:2351,0
DA:2352,0
DA:2354,0
DA:2359,0
DA:2360,0
DA:2370,4
DA:2371,0
DA:2372,0
DA:2373,0
DA:2374,0
DA:2375,0
DA:2377,0
DA:2378,0
DA:2382,0
DA:2385,0
DA:2387,0
DA:2392,0
DA:2393,0
DA:2403,4
DA:2404,0
DA:2405,0
DA:2408,0
DA:2410,0
DA:2415,0
DA:2416,0
DA:2422,0
DA:2429,0
DA:2430,0
DA:2440,4
DA:2441,0
DA:2442,0
DA:2446,0
DA:2448,0
DA:2456,0
DA:2457,0
DA:2458,0
DA:2459,0
DA:2461,0
DA:2469,0
DA:2473,0
DA:2475,0
DA:2480,0
DA:2481,0
DA:2491,4
DA:2492,0
DA:2493,0
DA:2495,0
DA:2498,0
DA:2499,0
DA:2503,0
DA:2506,0
DA:2513,0
DA:2514,0
DA:2515,0
DA:2519,0
DA:2520,0
DA:2522,0
DA:2523,0
DA:2525,0
DA:2531,0
DA:2542,0
DA:2543,0
DA:2553,4
DA:2554,0
DA:2555,0
DA:2556,0
DA:2558,0
DA:2561,0
DA:2563,0
DA:2564,0
DA:2565,0
DA:2566,0
DA:2568,0
DA:2571,0
DA:2576,0
DA:2577,0
DA:2581,0
DA:2582,0
DA:2592,4
DA:2593,0
DA:2594,0
DA:2595,0
DA:2597,0
DA:2599,0
DA:2604,0
DA:2609,0
DA:2610,0
LF:828
LH:63
BRDA:168,0,0,0
BRDA:177,1,0,0
BRDA:177,1,1,0
BRDA:208,2,0,0
BRDA:208,2,1,0
BRDA:208,3,0,0
BRDA:208,3,1,0
BRDA:208,4,0,0
BRDA:208,4,1,0
BRDA:208,5,0,0
BRDA:208,5,1,0
BRDA:275,6,0,0
BRDA:275,7,0,0
BRDA:275,7,1,0
BRDA:275,7,2,0
BRDA:286,8,0,0
BRDA:298,9,0,0
BRDA:298,9,1,0
BRDA:298,10,0,0
BRDA:298,10,1,0
BRDA:299,11,0,0
BRDA:299,11,1,0
BRDA:299,12,0,0
BRDA:299,12,1,0
BRDA:299,13,0,0
BRDA:299,13,1,0
BRDA:299,14,0,0
BRDA:299,14,1,0
BRDA:300,15,0,0
BRDA:300,15,1,0
BRDA:300,16,0,0
BRDA:300,16,1,0
BRDA:300,17,0,0
BRDA:300,17,1,0
BRDA:300,18,0,0
BRDA:300,18,1,0
BRDA:301,19,0,0
BRDA:301,19,1,0
BRDA:301,20,0,0
BRDA:301,20,1,0
BRDA:301,21,0,0
BRDA:301,21,1,0
BRDA:301,22,0,0
BRDA:301,22,1,0
BRDA:304,23,0,0
BRDA:304,24,0,0
BRDA:304,24,1,0
BRDA:304,24,2,0
BRDA:313,25,0,0
BRDA:313,26,0,0
BRDA:313,26,1,0
BRDA:331,27,0,0
BRDA:331,27,1,0
BRDA:332,28,0,0
BRDA:332,28,1,0
BRDA:348,29,0,0
BRDA:359,30,0,0
BRDA:359,30,1,0
BRDA:359,31,0,0
BRDA:359,31,1,0
BRDA:380,32,0,0
BRDA:380,32,1,0
BRDA:383,33,0,0
BRDA:386,34,0,0
BRDA:386,34,1,0
BRDA:406,35,0,0
BRDA:406,35,1,0
BRDA:407,36,0,0
BRDA:407,36,1,0
BRDA:407,37,0,0
BRDA:407,37,1,0
BRDA:409,38,0,0
BRDA:409,38,1,0
BRDA:424,39,0,0
BRDA:424,39,1,0
BRDA:424,40,0,0
BRDA:424,40,1,0
BRDA:424,41,0,0
BRDA:424,41,1,0
BRDA:426,42,0,0
BRDA:426,42,1,0
BRDA:444,43,0,0
BRDA:444,43,1,0
BRDA:462,44,0,0
BRDA:462,45,0,0
BRDA:462,45,1,0
BRDA:462,45,2,0
BRDA:499,46,0,0
BRDA:499,46,1,0
BRDA:502,47,0,0
BRDA:502,47,1,0
BRDA:503,48,0,0
BRDA:503,48,1,0
BRDA:507,49,0,0
BRDA:507,49,1,0
BRDA:534,50,0,0
BRDA:534,50,1,0
BRDA:621,51,0,0
BRDA:621,51,1,0
BRDA:621,51,2,0
BRDA:621,52,0,0
BRDA:621,52,1,0
BRDA:621,53,0,0
BRDA:621,53,1,0
BRDA:621,54,0,0
BRDA:621,54,1,0
BRDA:621,55,0,0
BRDA:621,55,1,0
BRDA:624,56,0,0
BRDA:629,57,0,0
BRDA:639,58,0,0
BRDA:639,59,0,0
BRDA:639,59,1,0
BRDA:652,60,0,0
BRDA:652,60,1,0
BRDA:653,61,0,0
BRDA:653,61,1,0
BRDA:655,62,0,0
BRDA:655,62,1,0
BRDA:659,63,0,0
BRDA:659,63,1,0
BRDA:660,64,0,0
BRDA:660,64,1,0
BRDA:660,64,2,0
BRDA:660,64,3,0
BRDA:660,64,4,0
BRDA:660,64,5,0
BRDA:660,64,6,0
BRDA:664,65,0,0
BRDA:664,66,0,0
BRDA:664,66,1,0
BRDA:690,67,0,0
BRDA:690,67,1,0
BRDA:710,68,0,0
BRDA:710,68,1,0
BRDA:719,69,0,0
BRDA:719,69,1,0
BRDA:742,70,0,0
BRDA:742,71,0,0
BRDA:742,71,1,0
BRDA:744,72,0,0
BRDA:751,73,0,0
BRDA:751,73,1,0
BRDA:807,74,0,0
BRDA:807,74,1,0
BRDA:844,75,0,0
BRDA:852,76,0,0
BRDA:865,77,0,0
BRDA:865,77,1,0
BRDA:888,78,0,0
BRDA:888,79,0,0
BRDA:888,79,1,0
BRDA:908,80,0,0
BRDA:908,80,1,0
BRDA:925,81,0,0
BRDA:925,81,1,0
BRDA:935,82,0,0
BRDA:935,82,1,0
BRDA:952,83,0,0
BRDA:952,83,1,0
BRDA:962,84,0,0
BRDA:962,84,1,0
BRDA:979,85,0,0
BRDA:989,86,0,0
BRDA:989,86,1,0
BRDA:999,87,0,0
BRDA:999,87,1,0
BRDA:1035,88,0,0
BRDA:1043,89,0,0
BRDA:1052,90,0,0
BRDA:1052,91,0,0
BRDA:1052,91,1,0
BRDA:1061,92,0,0
BRDA:1061,92,1,0
BRDA:1127,93,0,0
BRDA:1137,94,0,0
BRDA:1184,95,0,0
BRDA:1184,95,1,0
BRDA:1187,96,0,0
BRDA:1187,96,1,0
BRDA:1189,97,0,0
BRDA:1189,97,1,0
BRDA:1218,98,0,0
BRDA:1268,99,0,0
BRDA:1268,99,1,0
BRDA:1271,100,0,0
BRDA:1271,100,1,0
BRDA:1271,101,0,0
BRDA:1271,101,1,0
BRDA:1295,102,0,0
BRDA:1305,103,0,0
BRDA:1333,104,0,0
BRDA:1333,104,1,0
BRDA:1368,105,0,0
BRDA:1377,106,0,0
BRDA:1377,106,1,0
BRDA:1377,107,0,0
BRDA:1377,107,1,0
BRDA:1377,108,0,0
BRDA:1377,108,1,0
BRDA:1377,109,0,0
BRDA:1377,109,1,0
BRDA:1427,110,0,0
BRDA:1427,110,1,0
BRDA:1452,111,0,0
BRDA:1452,112,0,0
BRDA:1452,112,1,0
BRDA:1463,113,0,0
BRDA:1463,114,0,0
BRDA:1463,114,1,0
BRDA:1463,114,2,0
BRDA:1477,115,0,0
BRDA:1477,116,0,0
BRDA:1477,116,1,0
BRDA:1477,116,2,0
BRDA:1477,116,3,0
BRDA:1482,117,0,0
BRDA:1482,117,1,0
BRDA:1482,118,0,0
BRDA:1482,118,1,0
BRDA:1484,119,0,0
BRDA:1484,119,1,0
BRDA:1484,120,0,0
BRDA:1484,120,1,0
BRDA:1486,121,0,0
BRDA:1486,121,1,0
BRDA:1486,122,0,0
BRDA:1486,122,1,0
BRDA:1488,123,0,0
BRDA:1488,124,0,0
BRDA:1488,124,1,0
BRDA:1508,125,0,0
BRDA:1508,126,0,0
BRDA:1508,126,1,0
BRDA:1508,126,2,0
BRDA:1531,127,0,0
BRDA:1531,128,0,0
BRDA:1531,128,1,0
BRDA:1542,129,0,0
BRDA:1546,130,0,0
BRDA:1546,130,1,0
BRDA:1550,131,0,0
BRDA:1552,132,0,0
BRDA:1552,132,1,0
BRDA:1586,133,0,0
BRDA:1586,134,0,0
BRDA:1586,134,1,0
BRDA:1597,135,0,0
BRDA:1597,136,0,0
BRDA:1597,136,1,0
BRDA:1597,136,2,0
BRDA:1611,137,0,0
BRDA:1611,138,0,0
BRDA:1611,138,1,0
BRDA:1637,139,0,0
BRDA:1637,140,0,0
BRDA:1637,140,1,0
BRDA:1649,141,0,0
BRDA:1653,142,0,0
BRDA:1653,142,1,0
BRDA:1657,143,0,0
BRDA:1661,144,0,0
BRDA:1662,145,0,0
BRDA:1662,146,0,0
BRDA:1662,146,1,0
BRDA:1662,147,0,0
BRDA:1662,147,1,0
BRDA:1664,148,0,0
BRDA:1664,148,1,0
BRDA:1666,149,0,0
BRDA:1666,149,1,0
BRDA:1678,150,0,0
BRDA:1678,150,1,0
BRDA:1694,151,0,0
BRDA:1694,151,1,0
BRDA:1700,152,0,0
BRDA:1700,152,1,0
BRDA:1725,153,0,0
BRDA:1734,154,0,0
BRDA:1743,155,0,0
BRDA:1747,156,0,0
BRDA:1747,157,0,0
BRDA:1747,157,1,0
BRDA:1757,158,0,0
BRDA:1760,159,0,0
BRDA:1780,160,0,0
BRDA:1790,161,0,0
BRDA:1793,162,0,0
BRDA:1827,163,0,0
BRDA:1836,164,0,0
BRDA:1845,165,0,0
BRDA:1849,166,0,0
BRDA:1849,167,0,0
BRDA:1849,167,1,0
BRDA:1858,168,0,0
BRDA:1860,169,0,0
BRDA:1869,170,0,0
BRDA:1869,170,1,0
BRDA:1869,171,0,0
BRDA:1869,171,1,0
BRDA:1869,172,0,0
BRDA:1869,172,1,0
BRDA:1884,173,0,0
BRDA:1903,174,0,0
BRDA:1903,174,1,0
BRDA:1905,175,0,0
BRDA:1905,175,1,0
BRDA:1905,175,2,0
BRDA:1905,176,0,0
BRDA:1905,176,1,0
BRDA:1905,177,0,0
BRDA:1905,177,1,0
BRDA:1905,178,0,0
BRDA:1905,178,1,0
BRDA:1905,179,0,0
BRDA:1905,179,1,0
BRDA:1905,180,0,0
BRDA:1905,180,1,0
BRDA:1905,181,0,0
BRDA:1905,181,1,0
BRDA:1909,182,0,0
BRDA:1909,182,1,0
BRDA:1909,183,0,0
BRDA:1909,183,1,0
BRDA:1909,184,0,0
BRDA:1909,184,1,0
BRDA:1925,185,0,0
BRDA:1925,185,1,0
BRDA:1938,186,0,0
BRDA:1938,186,1,0
BRDA:1948,187,0,0
BRDA:1960,188,0,0
BRDA:1962,189,0,0
BRDA:2005,190,0,0
BRDA:2005,190,1,0
BRDA:2006,191,0,0
BRDA:2006,191,1,0
BRDA:2025,192,0,0
BRDA:2025,192,1,0
BRDA:2029,193,0,0
BRDA:2029,193,1,0
BRDA:2033,194,0,0
BRDA:2033,194,1,0
BRDA:2034,195,0,0
BRDA:2034,195,1,0
BRDA:2044,196,0,0
BRDA:2044,196,1,0
BRDA:2050,197,0,0
BRDA:2050,197,1,0
BRDA:2062,198,0,0
BRDA:2062,198,1,0
BRDA:2062,199,0,0
BRDA:2062,199,1,0
BRDA:2062,200,0,0
BRDA:2062,200,1,0
BRDA:2063,201,0,0
BRDA:2063,201,1,0
BRDA:2063,202,0,0
BRDA:2063,202,1,0
BRDA:2063,203,0,0
BRDA:2063,203,1,0
BRDA:2066,204,0,0
BRDA:2066,204,1,0
BRDA:2069,205,0,0
BRDA:2069,205,1,0
BRDA:2070,206,0,0
BRDA:2070,206,1,0
BRDA:2070,207,0,0
BRDA:2070,207,1,0
BRDA:2070,208,0,0
BRDA:2070,208,1,0
BRDA:2071,209,0,0
BRDA:2071,209,1,0
BRDA:2071,210,0,0
BRDA:2071,210,1,0
BRDA:2071,211,0,0
BRDA:2071,211,1,0
BRDA:2072,212,0,0
BRDA:2072,212,1,0
BRDA:2077,213,0,0
BRDA:2077,213,1,0
BRDA:2078,214,0,0
BRDA:2078,214,1,0
BRDA:2079,215,0,0
BRDA:2079,215,1,0
BRDA:2080,216,0,0
BRDA:2080,216,1,0
BRDA:2092,217,0,0
BRDA:2092,217,1,0
BRDA:2092,218,0,0
BRDA:2092,218,1,0
BRDA:2116,219,0,0
BRDA:2116,220,0,0
BRDA:2116,221,0,0
BRDA:2116,222,0,0
BRDA:2116,223,0,0
BRDA:2126,224,0,0
BRDA:2126,224,1,0
BRDA:2127,225,0,0
BRDA:2127,225,1,0
BRDA:2169,226,0,0
BRDA:2171,227,0,0
BRDA:2171,227,1,0
BRDA:2171,228,0,0
BRDA:2171,228,1,0
BRDA:2171,229,0,0
BRDA:2171,229,1,0
BRDA:2172,230,0,0
BRDA:2172,230,1,0
BRDA:2172,231,0,0
BRDA:2172,231,1,0
BRDA:2178,232,0,0
BRDA:2178,232,1,0
BRDA:2179,233,0,0
BRDA:2179,233,1,0
BRDA:2181,234,0,0
BRDA:2181,235,0,0
BRDA:2181,235,1,0
BRDA:2182,236,0,0
BRDA:2182,236,1,0
BRDA:2185,237,0,0
BRDA:2185,237,1,0
BRDA:2196,238,0,0
BRDA:2196,238,1,0
BRDA:2197,239,0,0
BRDA:2197,239,1,0
BRDA:2198,240,0,0
BRDA:2198,240,1,0
BRDA:2199,241,0,0
BRDA:2199,241,1,0
BRDA:2201,242,0,0
BRDA:2201,242,1,0
BRDA:2232,243,0,0
BRDA:2232,244,0,0
BRDA:2232,244,1,0
BRDA:2232,244,2,0
BRDA:2232,244,3,0
BRDA:2272,245,0,0
BRDA:2280,246,0,0
BRDA:2280,246,1,0
BRDA:2280,247,0,0
BRDA:2280,247,1,0
BRDA:2280,247,2,0
BRDA:2287,248,0,0
BRDA:2287,248,1,0
BRDA:2287,249,0,0
BRDA:2287,249,1,0
BRDA:2287,249,2,0
BRDA:2287,249,3,0
BRDA:2329,250,0,0
BRDA:2374,251,0,0
BRDA:2374,251,1,0
BRDA:2375,252,0,0
BRDA:2375,252,1,0
BRDA:2377,253,0,0
BRDA:2377,254,0,0
BRDA:2377,254,1,0
BRDA:2377,254,2,0
BRDA:2377,254,3,0
BRDA:2411,255,0,0
BRDA:2411,255,1,0
BRDA:2412,256,0,0
BRDA:2412,256,1,0
BRDA:2415,257,0,0
BRDA:2415,257,1,0
BRDA:2446,258,0,0
BRDA:2446,258,1,0
BRDA:2446,259,0,0
BRDA:2446,259,1,0
BRDA:2446,259,2,0
BRDA:2446,259,3,0
BRDA:2457,260,0,0
BRDA:2457,260,1,0
BRDA:2474,261,0,0
BRDA:2474,261,1,0
BRDA:2498,262,0,0
BRDA:2498,263,0,0
BRDA:2498,263,1,0
BRDA:2498,263,2,0
BRDA:2498,263,3,0
BRDA:2515,264,0,0
BRDA:2515,264,1,0
BRDA:2556,265,0,0
BRDA:2556,265,1,0
BRDA:2565,266,0,0
BRDA:2595,267,0,0
BRDA:2595,267,1,0
BRDA:2603,268,0,0
BRDA:2603,268,1,0
BRF:489
BRH:0
end_of_record
TN:
SF:src/controllers/authController.ts
FN:9,(anonymous_1)
FN:85,(anonymous_2)
FNF:2
FNH:0
FNDA:0,(anonymous_1)
FNDA:0,(anonymous_2)
DA:3,4
DA:4,4
DA:5,4
DA:6,4
DA:9,4
DA:10,0
DA:11,0
DA:14,0
DA:15,0
DA:19,0
DA:23,0
DA:29,0
DA:30,0
DA:34,0
DA:38,0
DA:40,0
DA:41,0
DA:45,0
DA:49,0
DA:50,0
DA:54,0
DA:58,0
DA:65,0
DA:76,0
DA:77,0
DA:85,4
DA:86,0
DA:88,0
DA:90,0
DA:91,0
DA:95,0
DA:98,0
DA:101,0
DA:102,0
DA:106,0
DA:110,0
DA:111,0
DA:115,0
DA:119,0
DA:120,0
DA:123,0
DA:136,0
DA:138,0
DA:148,0
DA:149,0
LF:45
LH:6
BRDA:14,0,0,0
BRDA:14,1,0,0
BRDA:14,1,1,0
BRDA:29,2,0,0
BRDA:40,3,0,0
BRDA:49,4,0,0
BRDA:90,5,0,0
BRDA:101,6,0,0
BRDA:110,7,0,0
BRDA:110,8,0,0
BRDA:110,8,1,0
BRDA:110,8,2,0
BRDA:110,8,3,0
BRF:13
BRH:0
end_of_record
TN:
SF:src/controllers/contactController.ts
FN:9,(anonymous_1)
FN:53,(anonymous_2)
FN:118,(anonymous_3)
FN:138,(anonymous_4)
FN:172,(anonymous_5)
FN:211,(anonymous_6)
FN:240,(anonymous_7)
FNF:7
FNH:0
FNDA:0,(anonymous_1)
FNDA:0,(anonymous_2)
FNDA:0,(anonymous_3)
FNDA:0,(anonymous_4)
FNDA:0,(anonymous_5)
FNDA:0,(anonymous_6)
FNDA:0,(anonymous_7)
DA:3,4
DA:4,4
DA:9,4
DA:10,0
DA:13,0
DA:14,0
DA:17,0
DA:18,0
DA:21,0
DA:22,0
DA:23,0
DA:27,0
DA:28,0
DA:31,0
DA:32,0
DA:36,0
DA:38,0
DA:39,0
DA:40,0
DA:44,0
DA:53,4
DA:54,0
DA:55,0
DA:58,0
DA:59,0
DA:60,0
DA:61,0
DA:65,0
DA:73,0
DA:74,0
DA:78,0
DA:81,0
DA:91,0
DA:93,0
DA:94,0
DA:100,0
DA:107,0
DA:108,0
DA:118,4
DA:119,0
DA:120,0
DA:121,0
DA:127,0
DA:128,0
DA:138,4
DA:139,0
DA:140,0
DA:142,0
DA:143,0
DA:147,0
DA:151,0
DA:152,0
DA:153,0
DA:156,0
DA:161,0
DA:162,0
DA:172,4
DA:173,0
DA:175,0
DA:181,0
DA:187,0
DA:188,0
DA:192,0
DA:195,0
DA:200,0
DA:201,0
DA:211,4
DA:212,0
DA:213,0
DA:215,0
DA:216,0
DA:220,0
DA:223,0
DA:228,0
DA:229,0
DA:240,4
DA:241,0
DA:245,0
DA:250,0
DA:251,0
LF:80
LH:9
BRDA:13,0,0,0
BRDA:13,1,0,0
BRDA:13,1,1,0
BRDA:17,2,0,0
BRDA:17,2,1,0
BRDA:17,3,0,0
BRDA:17,3,1,0
BRDA:22,4,0,0
BRDA:27,5,0,0
BRDA:27,6,0,0
BRDA:27,6,1,0
BRDA:31,7,0,0
BRDA:31,8,0,0
BRDA:31,8,1,0
BRDA:36,9,0,0
BRDA:36,10,0,0
BRDA:36,10,1,0
BRDA:39,11,0,0
BRDA:46,12,0,0
BRDA:46,12,1,0
BRDA:59,13,0,0
BRDA:73,14,0,0
BRDA:73,15,0,0
BRDA:73,15,1,0
BRDA:93,16,0,0
BRDA:93,16,1,0
BRDA:142,17,0,0
BRDA:151,18,0,0
BRDA:187,19,0,0
BRDA:215,20,0,0
BRF:30
BRH:0
end_of_record
TN:
SF:src/controllers/faqController.ts
FN:7,(anonymous_1)
FN:27,(anonymous_2)
FN:47,(anonymous_3)
FN:73,(anonymous_4)
FN:107,(anonymous_5)
FN:122,(anonymous_6)
FN:150,(anonymous_7)
FN:165,(anonymous_8)
FN:192,(anonymous_9)
FN:223,(anonymous_10)
FN:235,(anonymous_11)
FNF:11
FNH:0
FNDA:0,(anonymous_1)
FNDA:0,(anonymous_2)
FNDA:0,(anonymous_3)
FNDA:0,(anonymous_4)
FNDA:0,(anonymous_5)
FNDA:0,(anonymous_6)
FNDA:0,(anonymous_7)
FNDA:0,(anonymous_8)
FNDA:0,(anonymous_9)
FNDA:0,(anonymous_10)
FNDA:0,(anonymous_11)
DA:3,4
DA:5,4
DA:8,0
DA:9,0
DA:13,0
DA:18,0
DA:19,0
DA:28,0
DA:29,0
DA:33,0
DA:38,0
DA:39,0
DA:48,0
DA:49,0
DA:50,0
DA:52,0
DA:53,0
DA:59,0
DA:64,0
DA:65,0
DA:74,0
DA:75,0
DA:78,0
DA:79,0
DA:86,0
DA:95,0
DA:97,0
DA:103,0
DA:106,0
DA:107,0
DA:108,0
DA:114,0
DA:123,0
DA:124,0
DA:125,0
DA:127,0
DA:133,0
DA:134,0
DA:140,0
DA:146,0
DA:149,0
DA:150,0
DA:151,0
DA:157,0
DA:166,0
DA:167,0
DA:169,0
DA:171,0
DA:172,0
DA:178,0
DA:183,0
DA:184,0
DA:193,0
DA:194,0
DA:196,0
DA:198,0
DA:199,0
DA:205,0
DA:206,0
DA:208,0
DA:214,0
DA:215,0
DA:224,0
DA:225,0
DA:227,0
DA:228,0
DA:235,0
DA:236,0
DA:239,0
DA:241,0
DA:246,0
DA:247,0
LF:72
LH:2
BRDA:52,0,0,0
BRDA:78,1,0,0
BRDA:78,2,0,0
BRDA:78,2,1,0
BRDA:78,2,2,0
BRDA:90,3,0,0
BRDA:90,3,1,0
BRDA:91,4,0,0
BRDA:91,4,1,0
BRDA:92,5,0,0
BRDA:92,5,1,0
BRDA:106,6,0,0
BRDA:133,7,0,0
BRDA:149,8,0,0
BRDA:171,9,0,0
BRDA:198,10,0,0
BRDA:210,11,0,0
BRDA:210,11,1,0
BRDA:227,12,0,0
BRF:19
BRH:0
end_of_record
TN:
SF:src/controllers/mietfachController.ts
FN:7,(anonymous_1)
FN:17,(anonymous_2)
FN:130,(anonymous_3)
FN:144,(anonymous_4)
FN:185,(anonymous_5)
FN:209,(anonymous_6)
FN:225,(anonymous_7)
FNF:7
FNH:0
FNDA:0,(anonymous_1)
FNDA:0,(anonymous_2)
FNDA:0,(anonymous_3)
FNDA:0,(anonymous_4)
FNDA:0,(anonymous_5)
FNDA:0,(anonymous_6)
FNDA:0,(anonymous_7)
DA:2,4
DA:7,4
DA:8,0
DA:9,0
DA:10,0
DA:12,0
DA:17,4
DA:18,0
DA:20,0
DA:121,0
DA:123,0
DA:124,0
DA:130,4
DA:131,0
DA:132,0
DA:133,0
DA:134,0
DA:135,0
DA:137,0
DA:139,0
DA:144,4
DA:145,0
DA:146,0
DA:149,0
DA:150,0
DA:154,0
DA:157,0
DA:158,0
DA:160,0
DA:161,0
DA:163,0
DA:165,0
DA:167,0
DA:168,0
DA:172,0
DA:176,0
DA:177,0
DA:185,4
DA:186,0
DA:187,0
DA:193,0
DA:194,0
DA:195,0
DA:198,0
DA:200,0
DA:201,0
DA:202,0
DA:204,0
DA:209,4
DA:210,0
DA:211,0
DA:213,0
DA:214,0
DA:215,0
DA:218,0
DA:220,0
DA:225,4
DA:226,0
DA:227,0
DA:228,0
DA:229,0
DA:231,0
LF:62
LH:8
BRDA:133,0,0,0
BRDA:149,1,0,0
BRDA:149,2,0,0
BRDA:149,2,1,0
BRDA:167,3,0,0
BRDA:167,4,0,0
BRDA:167,4,1,0
BRDA:167,4,2,0
BRDA:167,4,3,0
BRDA:170,5,0,0
BRDA:170,5,1,0
BRDA:176,6,0,0
BRDA:176,6,1,0
BRDA:193,7,0,0
BRDA:200,8,0,0
BRDA:200,9,0,0
BRDA:200,9,1,0
BRDA:200,9,2,0
BRDA:200,9,3,0
BRDA:213,10,0,0
BRF:20
BRH:0
end_of_record
TN:
SF:src/controllers/newsletterController.ts
FN:8,(anonymous_1)
FN:161,(anonymous_2)
FN:235,(anonymous_3)
FNF:3
FNH:0
FNDA:0,(anonymous_1)
FNDA:0,(anonymous_2)
FNDA:0,(anonymous_3)
DA:3,4
DA:4,4
DA:5,4
DA:8,4
DA:9,0
DA:11,0
DA:12,0
DA:14,0
DA:16,0
DA:17,0
DA:18,0
DA:19,0
DA:23,0
DA:24,0
DA:25,0
DA:26,0
DA:27,0
DA:30,0
DA:33,0
DA:35,0
DA:36,0
DA:39,0
DA:40,0
DA:41,0
DA:45,0
DA:49,0
DA:50,0
DA:51,0
DA:53,0
DA:56,0
DA:57,0
DA:58,0
DA:59,0
DA:60,0
DA:61,0
DA:63,0
DA:64,0
DA:65,0
DA:67,0
DA:68,0
DA:72,0
DA:76,0
DA:77,0
DA:79,0
DA:80,0
DA:81,0
DA:85,0
DA:88,0
DA:89,0
DA:93,0
DA:96,0
DA:99,0
DA:100,0
DA:101,0
DA:104,0
DA:106,0
DA:121,0
DA:122,0
DA:123,0
DA:125,0
DA:126,0
DA:130,0
DA:134,0
DA:135,0
DA:137,0
DA:138,0
DA:139,0
DA:143,0
DA:146,0
DA:147,0
DA:152,0
DA:153,0
DA:161,4
DA:162,0
DA:163,0
DA:165,0
DA:166,0
DA:167,0
DA:170,0
DA:172,0
DA:177,0
DA:179,0
DA:180,0
DA:182,0
DA:183,0
DA:184,0
DA:185,0
DA:186,0
DA:188,0
DA:192,0
DA:194,0
DA:195,0
DA:199,0
DA:203,0
DA:207,0
DA:210,0
DA:213,0
DA:214,0
DA:215,0
DA:216,0
DA:218,0
DA:219,0
DA:221,0
DA:226,0
DA:227,0
DA:235,4
DA:236,0
DA:237,0
DA:239,0
DA:240,0
DA:241,0
DA:244,0
DA:246,0
DA:247,0
DA:251,0
DA:255,0
DA:256,0
DA:258,0
DA:260,0
DA:265,0
DA:266,0
LF:121
LH:6
BRDA:12,0,0,0
BRDA:12,1,0,0
BRDA:16,2,0,0
BRDA:24,3,0,0
BRDA:35,4,0,0
BRDA:39,5,0,0
BRDA:39,6,0,0
BRDA:39,6,1,0
BRDA:79,7,0,0
BRDA:110,8,0,0
BRDA:110,8,1,0
BRDA:137,9,0,0
BRDA:165,10,0,0
BRDA:177,11,0,0
BRDA:179,12,0,0
BRDA:182,13,0,0
BRDA:182,13,1,0
BRDA:239,14,0,0
BRDA:246,15,0,0
BRF:19
BRH:0
end_of_record
TN:
SF:src/controllers/tagController.ts
FN:6,(anonymous_0)
FN:31,(anonymous_1)
FN:35,(anonymous_2)
FN:57,(anonymous_3)
FN:98,(anonymous_4)
FN:142,(anonymous_5)
FN:198,(anonymous_6)
FN:237,(anonymous_7)
FN:275,(anonymous_8)
FNF:9
FNH:0
FNDA:0,(anonymous_0)
FNDA:0,(anonymous_1)
FNDA:0,(anonymous_2)
FNDA:0,(anonymous_3)
FNDA:0,(anonymous_4)
FNDA:0,(anonymous_5)
FNDA:0,(anonymous_6)
FNDA:0,(anonymous_7)
FNDA:0,(anonymous_8)
DA:2,4
DA:3,4
DA:6,4
DA:7,0
DA:8,0
DA:10,0
DA:11,0
DA:12,0
DA:14,0
DA:16,0
DA:22,0
DA:23,0
DA:31,4
DA:32,0
DA:33,0
DA:35,0
DA:36,0
DA:37,0
DA:39,0
DA:40,0
DA:43,0
DA:48,0
DA:49,0
DA:57,4
DA:58,0
DA:59,0
DA:62,0
DA:63,0
DA:64,0
DA:67,0
DA:68,0
DA:72,0
DA:76,0
DA:81,0
DA:89,0
DA:90,0
DA:98,4
DA:99,0
DA:100,0
DA:103,0
DA:108,0
DA:109,0
DA:113,0
DA:116,0
DA:125,0
DA:127,0
DA:133,0
DA:134,0
DA:142,4
DA:143,0
DA:144,0
DA:145,0
DA:147,0
DA:148,0
DA:149,0
DA:153,0
DA:157,0
DA:158,0
DA:164,0
DA:165,0
DA:169,0
DA:174,0
DA:175,0
DA:176,0
DA:177,0
DA:178,0
DA:179,0
DA:181,0
DA:183,0
DA:189,0
DA:190,0
DA:198,4
DA:199,0
DA:200,0
DA:202,0
DA:203,0
DA:204,0
DA:208,0
DA:212,0
DA:213,0
DA:214,0
DA:218,0
DA:221,0
DA:223,0
DA:228,0
DA:229,0
DA:237,4
DA:238,0
DA:239,0
DA:241,0
DA:242,0
DA:246,0
DA:249,0
DA:254,0
DA:256,0
DA:260,0
DA:266,0
DA:267,0
DA:275,4
DA:276,0
DA:277,0
DA:279,0
DA:280,0
DA:284,0
DA:287,0
DA:289,0
DA:295,0
DA:296,0
LF:108
LH:10
BRDA:11,0,0,0
BRDA:12,1,0,0
BRDA:36,2,0,0
BRDA:63,3,0,0
BRDA:67,4,0,0
BRDA:105,5,0,0
BRDA:105,5,1,0
BRDA:108,6,0,0
BRDA:118,7,0,0
BRDA:118,7,1,0
BRDA:118,8,0,0
BRDA:118,8,1,0
BRDA:119,9,0,0
BRDA:119,9,1,0
BRDA:148,10,0,0
BRDA:157,11,0,0
BRDA:157,12,0,0
BRDA:157,12,1,0
BRDA:160,13,0,0
BRDA:160,13,1,0
BRDA:164,14,0,0
BRDA:174,15,0,0
BRDA:175,16,0,0
BRDA:175,17,0,0
BRDA:175,17,1,0
BRDA:175,18,0,0
BRDA:175,18,1,0
BRDA:176,19,0,0
BRDA:177,20,0,0
BRDA:178,21,0,0
BRDA:179,22,0,0
BRDA:203,23,0,0
BRDA:213,24,0,0
BRDA:239,25,0,0
BRDA:241,26,0,0
BRDA:241,27,0,0
BRDA:241,27,1,0
BRDA:254,28,0,0
BRDA:277,29,0,0
BRDA:279,30,0,0
BRDA:279,31,0,0
BRDA:279,31,1,0
BRF:42
BRH:0
end_of_record
TN:
SF:src/controllers/userController.ts
FN:5,(anonymous_1)
FN:15,(anonymous_2)
FN:29,(anonymous_3)
FN:49,(anonymous_4)
FN:74,(anonymous_5)
FNF:5
FNH:0
FNDA:0,(anonymous_1)
FNDA:0,(anonymous_2)
FNDA:0,(anonymous_3)
FNDA:0,(anonymous_4)
FNDA:0,(anonymous_5)
DA:2,4
DA:5,4
DA:6,0
DA:7,0
DA:8,0
DA:10,0
DA:15,4
DA:16,0
DA:17,0
DA:18,0
DA:19,0
DA:20,0
DA:22,0
DA:24,0
DA:29,4
DA:30,0
DA:31,0
DA:32,0
DA:35,0
DA:36,0
DA:38,0
DA:40,0
DA:41,0
DA:42,0
DA:44,0
DA:49,4
DA:50,0
DA:53,0
DA:54,0
DA:56,0
DA:62,0
DA:63,0
DA:64,0
DA:67,0
DA:69,0
DA:74,4
DA:75,0
DA:76,0
DA:78,0
DA:79,0
DA:80,0
DA:83,0
DA:85,0
LF:43
LH:6
BRDA:18,0,0,0
BRDA:40,1,0,0
BRDA:40,2,0,0
BRDA:40,2,1,0
BRDA:40,2,2,0
BRDA:40,2,3,0
BRDA:54,3,0,0
BRDA:62,4,0,0
BRDA:78,5,0,0
BRF:9
BRH:0
end_of_record
TN:
SF:src/controllers/vendorAuthController.ts
FN:19,(anonymous_1)
FN:163,(anonymous_2)
FN:349,(anonymous_3)
FN:435,(anonymous_4)
FN:507,(anonymous_5)
FN:611,(anonymous_6)
FN:673,(anonymous_7)
FN:773,(anonymous_8)
FN:903,(anonymous_9)
FN:911,(anonymous_10)
FN:978,(anonymous_11)
FN:988,(anonymous_12)
FN:1001,(anonymous_13)
FN:1012,(anonymous_14)
FN:1015,(anonymous_15)
FN:1060,(anonymous_16)
FN:1096,(anonymous_17)
FN:1140,(anonymous_18)
FN:1214,(anonymous_19)
FN:1216,(anonymous_20)
FN:1231,(anonymous_21)
FN:1232,(anonymous_22)
FN:1239,(anonymous_23)
FN:1239,(anonymous_24)
FN:1240,(anonymous_25)
FN:1241,(anonymous_26)
FN:1245,(anonymous_27)
FN:1319,(anonymous_28)
FN:1407,(anonymous_29)
FN:1469,(anonymous_30)
FN:1473,(anonymous_31)
FN:1480,(anonymous_32)
FN:1492,(anonymous_33)
FN:1564,(anonymous_34)
FN:1622,(anonymous_35)
FN:1678,(anonymous_36)
FN:1725,(anonymous_37)
FN:1729,(anonymous_38)
FN:1833,(anonymous_39)
FN:1887,(anonymous_40)
FN:1895,(anonymous_41)
FN:1902,(anonymous_42)
FN:1943,(anonymous_43)
FN:2008,(anonymous_44)
FN:2015,(anonymous_45)
FN:2039,(anonymous_46)
FN:2100,(anonymous_47)
FN:2122,(anonymous_48)
FN:2153,(anonymous_49)
FN:2188,(anonymous_50)
FN:2190,(anonymous_51)
FN:2194,(anonymous_52)
FN:2204,(anonymous_53)
FN:2222,(anonymous_54)
FN:2308,(anonymous_55)
FNF:55
FNH:5
FNDA:7,(anonymous_1)
FNDA:1,(anonymous_2)
FNDA:0,(anonymous_3)
FNDA:5,(anonymous_4)
FNDA:0,(anonymous_5)
FNDA:0,(anonymous_6)
FNDA:1,(anonymous_7)
FNDA:1,(anonymous_8)
FNDA:0,(anonymous_9)
FNDA:0,(anonymous_10)
FNDA:0,(anonymous_11)
FNDA:0,(anonymous_12)
FNDA:0,(anonymous_13)
FNDA:0,(anonymous_14)
FNDA:0,(anonymous_15)
FNDA:0,(anonymous_16)
FNDA:0,(anonymous_17)
FNDA:0,(anonymous_18)
FNDA:0,(anonymous_19)
FNDA:0,(anonymous_20)
FNDA:0,(anonymous_21)
FNDA:0,(anonymous_22)
FNDA:0,(anonymous_23)
FNDA:0,(anonymous_24)
FNDA:0,(anonymous_25)
FNDA:0,(anonymous_26)
FNDA:0,(anonymous_27)
FNDA:0,(anonymous_28)
FNDA:0,(anonymous_29)
FNDA:0,(anonymous_30)
FNDA:0,(anonymous_31)
FNDA:0,(anonymous_32)
FNDA:0,(anonymous_33)
FNDA:0,(anonymous_34)
FNDA:0,(anonymous_35)
FNDA:0,(anonymous_36)
FNDA:0,(anonymous_37)
FNDA:0,(anonymous_38)
FNDA:0,(anonymous_39)
FNDA:0,(anonymous_40)
FNDA:0,(anonymous_41)
FNDA:0,(anonymous_42)
FNDA:0,(anonymous_43)
FNDA:0,(anonymous_44)
FNDA:0,(anonymous_45)
FNDA:0,(anonymous_46)
FNDA:0,(anonymous_47)
FNDA:0,(anonymous_48)
FNDA:0,(anonymous_49)
FNDA:0,(anonymous_50)
FNDA:0,(anonymous_51)
FNDA:0,(anonymous_52)
FNDA:0,(anonymous_53)
FNDA:0,(anonymous_54)
FNDA:0,(anonymous_55)
DA:3,4
DA:4,4
DA:5,4
DA:6,4
DA:7,4
DA:8,4
DA:9,4
DA:10,4
DA:11,4
DA:12,4
DA:13,4
DA:14,4
DA:15,4
DA:16,4
DA:19,4
DA:20,7
DA:37,7
DA:39,7
DA:42,7
DA:43,1
DA:47,1
DA:51,6
DA:52,6
DA:53,1
DA:57,1
DA:61,5
DA:62,5
DA:63,1
DA:67,1
DA:71,4
DA:72,4
DA:73,1
DA:77,1
DA:81,3
DA:82,3
DA:85,3
DA:88,3
DA:122,3
DA:123,3
DA:126,3
DA:134,3
DA:135,3
DA:139,3
DA:141,0
DA:145,3
DA:154,0
DA:155,0
DA:163,4
DA:164,1
DA:165,1
DA:166,1
DA:167,1
DA:168,1
DA:169,1
DA:170,1
DA:171,1
DA:172,1
DA:194,1
DA:197,1
DA:200,1
DA:201,0
DA:205,0
DA:209,1
DA:210,0
DA:214,0
DA:218,1
DA:219,1
DA:220,1
DA:224,1
DA:228,0
DA:229,0
DA:230,0
DA:234,0
DA:238,0
DA:241,0
DA:242,0
DA:243,0
DA:247,0
DA:251,0
DA:252,0
DA:255,0
DA:258,0
DA:259,0
DA:260,0
DA:263,0
DA:264,0
DA:268,0
DA:270,0
DA:272,0
DA:273,0
DA:274,0
DA:275,0
DA:276,0
DA:279,0
DA:280,0
DA:281,0
DA:282,0
DA:283,0
DA:284,0
DA:286,0
DA:288,0
DA:291,0
DA:293,0
DA:306,0
DA:321,0
DA:322,0
DA:329,0
DA:330,0
DA:339,0
DA:341,0
DA:350,0
DA:351,0
DA:352,0
DA:391,0
DA:393,0
DA:394,0
DA:395,0
DA:398,0
DA:399,0
DA:400,0
DA:402,0
DA:409,0
DA:410,0
DA:411,0
DA:415,0
DA:418,0
DA:420,0
DA:426,0
DA:427,0
DA:435,4
DA:436,5
DA:437,5
DA:439,5
DA:440,1
DA:444,1
DA:448,4
DA:454,4
DA:455,2
DA:459,2
DA:463,2
DA:464,2
DA:465,1
DA:469,1
DA:473,1
DA:483,1
DA:498,0
DA:499,0
DA:507,4
DA:508,0
DA:509,0
DA:511,0
DA:514,0
DA:515,0
DA:519,0
DA:522,0
DA:528,0
DA:530,0
DA:531,0
DA:532,0
DA:535,0
DA:540,0
DA:541,0
DA:542,0
DA:543,0
DA:544,0
DA:545,0
DA:547,0
DA:549,0
DA:554,0
DA:556,0
DA:557,0
DA:561,0
DA:565,0
DA:569,0
DA:573,0
DA:574,0
DA:575,0
DA:576,0
DA:578,0
DA:582,0
DA:583,0
DA:587,0
DA:588,0
DA:596,0
DA:602,0
DA:603,0
DA:611,4
DA:612,0
DA:613,0
DA:615,0
DA:616,0
DA:617,0
DA:621,0
DA:624,0
DA:625,0
DA:629,0
DA:633,0
DA:636,0
DA:637,0
DA:641,0
DA:645,0
DA:647,0
DA:648,0
DA:652,0
DA:656,0
DA:657,0
DA:659,0
DA:664,0
DA:665,0
DA:673,4
DA:674,1
DA:675,1
DA:676,1
DA:679,1
DA:680,0
DA:684,0
DA:687,1
DA:692,1
DA:693,0
DA:697,0
DA:701,1
DA:759,1
DA:764,0
DA:765,0
DA:773,4
DA:774,1
DA:775,1
DA:776,1
DA:779,1
DA:780,0
DA:784,0
DA:803,1
DA:805,1
DA:806,1
DA:807,0
DA:811,0
DA:815,1
DA:816,1
DA:819,1
DA:820,0
DA:822,0
DA:823,0
DA:824,0
DA:825,0
DA:828,0
DA:841,1
DA:842,1
DA:845,1
DA:847,1
DA:848,1
DA:849,1
DA:850,1
DA:851,1
DA:854,1
DA:855,0
DA:857,0
DA:858,0
DA:859,0
DA:861,0
DA:864,0
DA:865,0
DA:866,0
DA:869,0
DA:871,0
DA:872,0
DA:873,0
DA:878,0
DA:882,1
DA:883,0
DA:884,0
DA:887,0
DA:889,0
DA:890,0
DA:892,0
DA:893,0
DA:895,0
DA:896,0
DA:900,0
DA:901,0
DA:902,0
DA:903,0
DA:904,0
DA:908,0
DA:909,0
DA:910,0
DA:911,0
DA:912,0
DA:917,1
DA:918,0
DA:919,0
DA:922,0
DA:924,0
DA:925,0
DA:927,0
DA:928,0
DA:930,0
DA:931,0
DA:933,0
DA:934,0
DA:939,1
DA:940,0
DA:941,0
DA:944,0
DA:946,0
DA:947,0
DA:949,0
DA:950,0
DA:952,0
DA:953,0
DA:957,1
DA:958,1
DA:959,1
DA:961,1
DA:963,1
DA:968,0
DA:969,0
DA:977,4
DA:979,0
DA:982,0
DA:983,0
DA:986,0
DA:990,0
DA:991,0
DA:992,0
DA:996,4
DA:1003,0
DA:1004,0
DA:1006,0
DA:1012,4
DA:1013,0
DA:1015,0
DA:1016,0
DA:1017,0
DA:1018,0
DA:1019,0
DA:1023,0
DA:1026,0
DA:1030,0
DA:1033,0
DA:1034,0
DA:1038,0
DA:1042,0
DA:1044,0
DA:1051,0
DA:1052,0
DA:1060,4
DA:1061,0
DA:1072,0
DA:1075,0
DA:1084,0
DA:1085,0
DA:1088,0
DA:1096,0
DA:1098,0
DA:1107,0
DA:1108,0
DA:1109,0
DA:1111,0
DA:1112,0
DA:1114,0
DA:1115,0
DA:1118,0
DA:1125,0
DA:1126,0
DA:1132,0
DA:1133,0
DA:1138,0
DA:1139,0
DA:1140,0
DA:1142,0
DA:1143,0
DA:1148,0
DA:1149,0
DA:1150,0
DA:1151,0
DA:1156,0
DA:1157,0
DA:1158,0
DA:1159,0
DA:1164,0
DA:1165,0
DA:1166,0
DA:1169,0
DA:1170,0
DA:1171,0
DA:1172,0
DA:1174,0
DA:1175,0
DA:1176,0
DA:1177,0
DA:1178,0
DA:1179,0
DA:1180,0
DA:1181,0
DA:1185,0
DA:1199,0
DA:1213,0
DA:1214,0
DA:1215,0
DA:1216,0
DA:1217,0
DA:1218,0
DA:1229,0
DA:1231,0
DA:1232,0
DA:1239,0
DA:1240,0
DA:1241,0
DA:1245,0
DA:1296,0
DA:1310,0
DA:1311,0
DA:1319,4
DA:1320,0
DA:1321,0
DA:1323,0
DA:1324,0
DA:1328,0
DA:1332,0
DA:1342,0
DA:1343,0
DA:1347,0
DA:1351,0
DA:1393,0
DA:1398,0
DA:1399,0
DA:1407,4
DA:1408,0
DA:1409,0
DA:1412,0
DA:1413,0
DA:1414,0
DA:1418,0
DA:1469,0
DA:1473,0
DA:1480,0
DA:1483,0
DA:1485,0
DA:1486,0
DA:1492,4
DA:1493,0
DA:1494,0
DA:1495,0
DA:1498,0
DA:1499,0
DA:1503,0
DA:1507,0
DA:1508,0
DA:1509,0
DA:1513,0
DA:1517,0
DA:1518,0
DA:1522,0
DA:1526,0
DA:1527,0
DA:1530,0
DA:1531,0
DA:1534,0
DA:1537,0
DA:1538,0
DA:1539,0
DA:1545,0
DA:1549,0
DA:1555,0
DA:1556,0
DA:1564,4
DA:1565,0
DA:1566,0
DA:1567,0
DA:1568,0
DA:1570,0
DA:1571,0
DA:1573,0
DA:1575,0
DA:1576,0
DA:1577,0
DA:1581,0
DA:1584,0
DA:1585,0
DA:1586,0
DA:1590,0
DA:1594,0
DA:1595,0
DA:1596,0
DA:1597,0
DA:1600,0
DA:1601,0
DA:1606,0
DA:1607,0
DA:1608,0
DA:1613,0
DA:1617,0
DA:1620,0
DA:1623,0
DA:1626,0
DA:1632,0
DA:1642,0
DA:1643,0
DA:1645,0
DA:1647,0
DA:1654,0
DA:1657,0
DA:1658,0
DA:1662,0
DA:1665,0
DA:1678,4
DA:1679,0
DA:1680,0
DA:1682,0
DA:1683,0
DA:1686,0
DA:1687,0
DA:1688,0
DA:1692,0
DA:1696,0
DA:1697,0
DA:1698,0
DA:1700,0
DA:1701,0
DA:1702,0
DA:1706,0
DA:1718,0
DA:1721,0
DA:1725,0
DA:1729,0
DA:1740,0
DA:1742,0
DA:1751,0
DA:1754,0
DA:1757,0
DA:1758,0
DA:1775,0
DA:1781,0
DA:1783,0
DA:1784,0
DA:1787,0
DA:1789,0
DA:1793,0
DA:1794,0
DA:1810,0
DA:1812,0
DA:1816,0
DA:1824,0
DA:1825,0
DA:1833,4
DA:1834,0
DA:1835,0
DA:1836,0
DA:1839,0
DA:1840,0
DA:1844,0
DA:1848,0
DA:1849,0
DA:1850,0
DA:1854,0
DA:1858,0
DA:1862,0
DA:1865,0
DA:1866,0
DA:1881,0
DA:1882,0
DA:1887,0
DA:1888,0
DA:1895,0
DA:1902,0
DA:1911,0
DA:1912,0
DA:1917,0
DA:1918,0
DA:1919,0
DA:1920,0
DA:1922,0
DA:1934,0
DA:1935,0
DA:1943,4
DA:1944,0
DA:1945,0
DA:1948,0
DA:1949,0
DA:1953,0
DA:1957,0
DA:1958,0
DA:1959,0
DA:1960,0
DA:1964,0
DA:1967,0
DA:1982,0
DA:1986,0
DA:1990,0
DA:1993,0
DA:1994,0
DA:1998,0
DA:2001,0
DA:2008,0
DA:2015,0
DA:2024,0
DA:2030,0
DA:2031,0
DA:2039,4
DA:2040,0
DA:2041,0
DA:2044,0
DA:2045,0
DA:2049,0
DA:2052,0
DA:2053,0
DA:2054,0
DA:2058,0
DA:2061,0
DA:2064,0
DA:2065,0
DA:2077,0
DA:2078,0
DA:2087,0
DA:2088,0
DA:2100,0
DA:2101,0
DA:2102,0
DA:2104,0
DA:2107,0
DA:2113,0
DA:2114,0
DA:2122,4
DA:2123,0
DA:2124,0
DA:2126,0
DA:2127,0
DA:2131,0
DA:2136,0
DA:2138,0
DA:2144,0
DA:2145,0
DA:2153,4
DA:2154,0
DA:2155,0
DA:2156,0
DA:2160,0
DA:2163,0
DA:2164,0
DA:2165,0
DA:2169,0
DA:2172,0
DA:2173,0
DA:2175,0
DA:2176,0
DA:2177,0
DA:2178,0
DA:2179,0
DA:2183,0
DA:2188,0
DA:2190,0
DA:2194,0
DA:2200,0
DA:2204,0
DA:2207,0
DA:2213,0
DA:2214,0
DA:2222,4
DA:2223,0
DA:2224,0
DA:2225,0
DA:2227,0
DA:2228,0
DA:2232,0
DA:2235,0
DA:2236,0
DA:2237,0
DA:2241,0
DA:2245,0
DA:2251,0
DA:2252,0
DA:2256,0
DA:2260,0
DA:2261,0
DA:2265,0
DA:2268,0
DA:2269,0
DA:2273,0
DA:2277,0
DA:2278,0
DA:2279,0
DA:2280,0
DA:2283,0
DA:2286,0
DA:2287,0
DA:2289,0
DA:2293,0
DA:2299,0
DA:2300,0
DA:2308,4
DA:2309,0
DA:2310,0
DA:2312,0
DA:2313,0
DA:2317,0
DA:2320,0
DA:2321,0
DA:2322,0
DA:2326,0
DA:2330,0
DA:2331,0
DA:2335,0
DA:2339,0
DA:2345,0
DA:2346,0
DA:2350,0
DA:2354,0
DA:2371,0
DA:2374,0
DA:2375,0
DA:2390,0
DA:2392,0
DA:2396,0
DA:2403,0
DA:2404,0
LF:715
LH:133
BRDA:42,0,0,1
BRDA:42,1,0,7
BRDA:42,1,1,7
BRDA:42,1,2,7
BRDA:42,1,3,6
BRDA:42,1,4,6
BRDA:42,1,5,6
BRDA:42,1,6,6
BRDA:52,2,0,1
BRDA:62,3,0,1
BRDA:72,4,0,1
BRDA:72,5,0,4
BRDA:72,5,1,1
BRDA:126,6,0,3
BRDA:126,6,1,0
BRDA:126,7,0,3
BRDA:126,7,1,3
BRDA:168,8,0,1
BRDA:171,9,0,0
BRDA:171,9,1,1
BRDA:171,10,0,1
BRDA:171,10,1,1
BRDA:172,11,0,0
BRDA:172,11,1,1
BRDA:172,12,0,1
BRDA:172,12,1,1
BRDA:200,13,0,0
BRDA:200,14,0,1
BRDA:200,14,1,1
BRDA:200,14,2,1
BRDA:200,14,3,1
BRDA:200,14,4,1
BRDA:200,14,5,1
BRDA:200,14,6,1
BRDA:200,14,7,1
BRDA:209,15,0,0
BRDA:219,16,0,1
BRDA:229,17,0,0
BRDA:242,18,0,0
BRDA:242,19,0,0
BRDA:242,19,1,0
BRDA:268,20,0,0
BRDA:268,20,1,0
BRDA:268,21,0,0
BRDA:268,21,1,0
BRDA:279,22,0,0
BRDA:279,22,1,0
BRDA:316,23,0,0
BRDA:316,23,1,0
BRDA:321,24,0,0
BRDA:323,25,0,0
BRDA:323,25,1,0
BRDA:346,26,0,0
BRDA:346,26,1,0
BRDA:348,27,0,0
BRDA:348,27,1,0
BRDA:349,28,0,0
BRDA:349,28,1,0
BRDA:375,29,0,0
BRDA:375,29,1,0
BRDA:379,30,0,0
BRDA:379,30,1,0
BRDA:394,31,0,0
BRDA:394,31,1,0
BRDA:394,32,0,0
BRDA:394,32,1,0
BRDA:409,33,0,0
BRDA:439,34,0,1
BRDA:439,35,0,5
BRDA:439,35,1,5
BRDA:454,36,0,2
BRDA:464,37,0,1
BRDA:514,38,0,0
BRDA:528,39,0,0
BRDA:530,40,0,0
BRDA:540,41,0,0
BRDA:540,41,1,0
BRDA:582,42,0,0
BRDA:582,43,0,0
BRDA:582,43,1,0
BRDA:587,44,0,0
BRDA:587,45,0,0
BRDA:587,45,1,0
BRDA:587,45,2,0
BRDA:616,46,0,0
BRDA:616,47,0,0
BRDA:616,47,1,0
BRDA:624,48,0,0
BRDA:636,49,0,0
BRDA:647,50,0,0
BRDA:676,51,0,0
BRDA:676,51,1,1
BRDA:676,52,0,1
BRDA:676,52,1,1
BRDA:679,53,0,0
BRDA:692,54,0,0
BRDA:692,55,0,1
BRDA:692,55,1,1
BRDA:704,56,0,1
BRDA:704,56,1,1
BRDA:705,57,0,1
BRDA:705,57,1,1
BRDA:705,58,0,1
BRDA:705,58,1,0
BRDA:705,59,0,1
BRDA:705,59,1,1
BRDA:706,60,0,1
BRDA:706,60,1,1
BRDA:706,61,0,1
BRDA:706,61,1,0
BRDA:706,62,0,1
BRDA:706,62,1,1
BRDA:707,63,0,1
BRDA:707,63,1,1
BRDA:707,64,0,1
BRDA:707,64,1,0
BRDA:707,65,0,1
BRDA:707,65,1,1
BRDA:708,66,0,1
BRDA:708,66,1,1
BRDA:708,67,0,1
BRDA:708,67,1,0
BRDA:708,68,0,1
BRDA:708,68,1,1
BRDA:709,69,0,0
BRDA:709,69,1,1
BRDA:720,70,0,1
BRDA:720,70,1,1
BRDA:720,71,0,1
BRDA:720,71,1,0
BRDA:720,72,0,1
BRDA:720,72,1,1
BRDA:730,73,0,1
BRDA:730,73,1,1
BRDA:730,74,0,1
BRDA:730,74,1,0
BRDA:730,75,0,1
BRDA:730,75,1,1
BRDA:732,76,0,1
BRDA:732,76,1,1
BRDA:732,77,0,1
BRDA:732,77,1,0
BRDA:732,78,0,1
BRDA:732,78,1,1
BRDA:732,79,0,1
BRDA:732,79,1,0
BRDA:732,80,0,1
BRDA:732,80,1,1
BRDA:733,81,0,1
BRDA:733,81,1,1
BRDA:733,82,0,1
BRDA:733,82,1,0
BRDA:733,83,0,1
BRDA:733,83,1,1
BRDA:733,84,0,1
BRDA:733,84,1,0
BRDA:733,85,0,1
BRDA:733,85,1,1
BRDA:734,86,0,1
BRDA:734,86,1,1
BRDA:734,87,0,1
BRDA:734,87,1,0
BRDA:734,88,0,1
BRDA:734,88,1,1
BRDA:734,89,0,1
BRDA:734,89,1,0
BRDA:734,90,0,1
BRDA:734,90,1,1
BRDA:735,91,0,1
BRDA:735,91,1,1
BRDA:735,92,0,1
BRDA:735,92,1,0
BRDA:735,93,0,1
BRDA:735,93,1,1
BRDA:735,94,0,1
BRDA:735,94,1,0
BRDA:735,95,0,1
BRDA:735,95,1,1
BRDA:736,96,0,1
BRDA:736,96,1,1
BRDA:736,97,0,1
BRDA:736,97,1,0
BRDA:736,98,0,1
BRDA:736,98,1,1
BRDA:736,99,0,1
BRDA:736,99,1,0
BRDA:736,100,0,1
BRDA:736,100,1,1
BRDA:739,101,0,1
BRDA:739,101,1,1
BRDA:739,102,0,1
BRDA:739,102,1,0
BRDA:739,103,0,1
BRDA:739,103,1,1
BRDA:739,104,0,1
BRDA:739,104,1,0
BRDA:739,105,0,1
BRDA:739,105,1,1
BRDA:740,106,0,1
BRDA:740,106,1,1
BRDA:740,107,0,1
BRDA:740,107,1,0
BRDA:740,108,0,1
BRDA:740,108,1,1
BRDA:740,109,0,1
BRDA:740,109,1,0
BRDA:740,110,0,1
BRDA:740,110,1,1
BRDA:741,111,0,1
BRDA:741,111,1,1
BRDA:741,112,0,1
BRDA:741,112,1,0
BRDA:741,113,0,1
BRDA:741,113,1,1
BRDA:741,114,0,1
BRDA:741,114,1,0
BRDA:741,115,0,1
BRDA:741,115,1,1
BRDA:742,116,0,1
BRDA:742,116,1,1
BRDA:742,117,0,1
BRDA:742,117,1,0
BRDA:742,118,0,1
BRDA:742,118,1,1
BRDA:742,119,0,1
BRDA:742,119,1,0
BRDA:742,120,0,1
BRDA:742,120,1,1
BRDA:745,121,0,1
BRDA:745,121,1,1
BRDA:745,122,0,1
BRDA:745,122,1,0
BRDA:745,123,0,1
BRDA:745,123,1,1
BRDA:745,124,0,1
BRDA:745,124,1,0
BRDA:745,125,0,1
BRDA:745,125,1,1
BRDA:746,126,0,1
BRDA:746,126,1,1
BRDA:746,127,0,1
BRDA:746,127,1,0
BRDA:746,128,0,1
BRDA:746,128,1,1
BRDA:746,129,0,1
BRDA:746,129,1,0
BRDA:746,130,0,1
BRDA:746,130,1,1
BRDA:747,131,0,1
BRDA:747,131,1,1
BRDA:747,132,0,1
BRDA:747,132,1,0
BRDA:747,133,0,1
BRDA:747,133,1,1
BRDA:747,134,0,1
BRDA:747,134,1,0
BRDA:747,135,0,1
BRDA:747,135,1,1
BRDA:750,136,0,1
BRDA:750,136,1,1
BRDA:750,137,0,1
BRDA:750,137,1,0
BRDA:750,138,0,1
BRDA:750,138,1,1
BRDA:751,139,0,1
BRDA:751,139,1,1
BRDA:751,140,0,1
BRDA:751,140,1,0
BRDA:751,141,0,1
BRDA:751,141,1,1
BRDA:752,142,0,1
BRDA:752,142,1,1
BRDA:752,143,0,1
BRDA:752,143,1,0
BRDA:752,144,0,1
BRDA:752,144,1,1
BRDA:756,145,0,1
BRDA:756,145,1,1
BRDA:756,146,0,1
BRDA:756,146,1,0
BRDA:756,147,0,1
BRDA:756,147,1,1
BRDA:776,148,0,0
BRDA:776,148,1,1
BRDA:776,149,0,1
BRDA:776,149,1,1
BRDA:779,150,0,0
BRDA:806,151,0,0
BRDA:806,152,0,1
BRDA:806,152,1,1
BRDA:815,153,0,0
BRDA:816,154,0,1
BRDA:819,155,0,0
BRDA:820,156,0,0
BRDA:820,156,1,0
BRDA:822,157,0,0
BRDA:822,157,1,0
BRDA:823,158,0,0
BRDA:823,158,1,0
BRDA:824,159,0,0
BRDA:824,159,1,0
BRDA:825,160,0,0
BRDA:825,160,1,0
BRDA:841,161,0,1
BRDA:847,162,0,0
BRDA:848,163,0,1
BRDA:849,164,0,0
BRDA:850,165,0,0
BRDA:851,166,0,0
BRDA:854,167,0,0
BRDA:858,168,0,0
BRDA:858,168,1,0
BRDA:859,169,0,0
BRDA:859,169,1,0
BRDA:865,170,0,0
BRDA:865,171,0,0
BRDA:865,171,1,0
BRDA:869,172,0,0
BRDA:869,173,0,0
BRDA:869,173,1,0
BRDA:869,173,2,0
BRDA:871,174,0,0
BRDA:871,174,1,0
BRDA:872,175,0,0
BRDA:882,176,0,0
BRDA:883,177,0,0
BRDA:889,178,0,0
BRDA:892,179,0,0
BRDA:895,180,0,0
BRDA:900,181,0,0
BRDA:908,182,0,0
BRDA:917,183,0,0
BRDA:918,184,0,0
BRDA:924,185,0,0
BRDA:927,186,0,0
BRDA:930,187,0,0
BRDA:933,188,0,0
BRDA:939,189,0,0
BRDA:940,190,0,0
BRDA:946,191,0,0
BRDA:949,192,0,0
BRDA:952,193,0,0
BRDA:957,194,0,0
BRDA:958,195,0,0
BRDA:959,196,0,0
BRDA:982,197,0,0
BRDA:1003,198,0,0
BRDA:1003,198,1,0
BRDA:1016,199,0,0
BRDA:1017,200,0,0
BRDA:1018,201,0,0
BRDA:1028,202,0,0
BRDA:1028,202,1,0
BRDA:1033,203,0,0
BRDA:1068,204,0,0
BRDA:1069,205,0,0
BRDA:1070,206,0,0
BRDA:1071,207,0,0
BRDA:1084,208,0,0
BRDA:1084,209,0,0
BRDA:1084,209,1,0
BRDA:1084,209,2,0
BRDA:1107,210,0,0
BRDA:1108,211,0,0
BRDA:1108,211,1,0
BRDA:1112,212,0,0
BRDA:1112,213,0,0
BRDA:1112,213,1,0
BRDA:1114,214,0,0
BRDA:1114,214,1,0
BRDA:1125,215,0,0
BRDA:1132,216,0,0
BRDA:1138,217,0,0
BRDA:1139,218,0,0
BRDA:1139,218,1,0
BRDA:1140,219,0,0
BRDA:1140,219,1,0
BRDA:1142,220,0,0
BRDA:1148,221,0,0
BRDA:1148,222,0,0
BRDA:1148,222,1,0
BRDA:1150,223,0,0
BRDA:1156,224,0,0
BRDA:1156,225,0,0
BRDA:1156,225,1,0
BRDA:1158,226,0,0
BRDA:1164,227,0,0
BRDA:1164,227,1,0
BRDA:1165,228,0,0
BRDA:1165,228,1,0
BRDA:1171,229,0,0
BRDA:1171,229,1,0
BRDA:1172,230,0,0
BRDA:1172,230,1,0
BRDA:1174,231,0,0
BRDA:1174,231,1,0
BRDA:1176,232,0,0
BRDA:1176,232,1,0
BRDA:1178,233,0,0
BRDA:1178,233,1,0
BRDA:1180,234,0,0
BRDA:1215,235,0,0
BRDA:1215,236,0,0
BRDA:1215,236,1,0
BRDA:1215,237,0,0
BRDA:1215,237,1,0
BRDA:1217,238,0,0
BRDA:1217,239,0,0
BRDA:1217,239,1,0
BRDA:1239,240,0,0
BRDA:1239,240,1,0
BRDA:1239,241,0,0
BRDA:1239,241,1,0
BRDA:1239,242,0,0
BRDA:1239,242,1,0
BRDA:1240,243,0,0
BRDA:1240,243,1,0
BRDA:1240,244,0,0
BRDA:1240,244,1,0
BRDA:1240,245,0,0
BRDA:1240,245,1,0
BRDA:1246,246,0,0
BRDA:1246,246,1,0
BRDA:1246,247,0,0
BRDA:1246,247,1,0
BRDA:1246,248,0,0
BRDA:1246,248,1,0
BRDA:1248,249,0,0
BRDA:1248,249,1,0
BRDA:1248,250,0,0
BRDA:1248,250,1,0
BRDA:1248,251,0,0
BRDA:1248,251,1,0
BRDA:1249,252,0,0
BRDA:1249,252,1,0
BRDA:1249,253,0,0
BRDA:1249,253,1,0
BRDA:1249,254,0,0
BRDA:1249,254,1,0
BRDA:1250,255,0,0
BRDA:1250,255,1,0
BRDA:1250,256,0,0
BRDA:1250,256,1,0
BRDA:1250,257,0,0
BRDA:1250,257,1,0
BRDA:1251,258,0,0
BRDA:1251,258,1,0
BRDA:1251,259,0,0
BRDA:1251,259,1,0
BRDA:1251,260,0,0
BRDA:1251,260,1,0
BRDA:1252,261,0,0
BRDA:1252,261,1,0
BRDA:1254,262,0,0
BRDA:1254,262,1,0
BRDA:1254,263,0,0
BRDA:1254,263,1,0
BRDA:1267,264,0,0
BRDA:1267,264,1,0
BRDA:1267,265,0,0
BRDA:1267,265,1,0
BRDA:1267,266,0,0
BRDA:1267,266,1,0
BRDA:1269,267,0,0
BRDA:1269,267,1,0
BRDA:1269,268,0,0
BRDA:1269,268,1,0
BRDA:1269,269,0,0
BRDA:1269,269,1,0
BRDA:1269,270,0,0
BRDA:1269,270,1,0
BRDA:1269,271,0,0
BRDA:1269,271,1,0
BRDA:1270,272,0,0
BRDA:1270,272,1,0
BRDA:1270,273,0,0
BRDA:1270,273,1,0
BRDA:1270,274,0,0
BRDA:1270,274,1,0
BRDA:1270,275,0,0
BRDA:1270,275,1,0
BRDA:1270,276,0,0
BRDA:1270,276,1,0
BRDA:1271,277,0,0
BRDA:1271,277,1,0
BRDA:1271,278,0,0
BRDA:1271,278,1,0
BRDA:1271,279,0,0
BRDA:1271,279,1,0
BRDA:1271,280,0,0
BRDA:1271,280,1,0
BRDA:1271,281,0,0
BRDA:1271,281,1,0
BRDA:1272,282,0,0
BRDA:1272,282,1,0
BRDA:1272,283,0,0
BRDA:1272,283,1,0
BRDA:1272,284,0,0
BRDA:1272,284,1,0
BRDA:1272,285,0,0
BRDA:1272,285,1,0
BRDA:1272,286,0,0
BRDA:1272,286,1,0
BRDA:1273,287,0,0
BRDA:1273,287,1,0
BRDA:1273,288,0,0
BRDA:1273,288,1,0
BRDA:1273,289,0,0
BRDA:1273,289,1,0
BRDA:1273,290,0,0
BRDA:1273,290,1,0
BRDA:1273,291,0,0
BRDA:1273,291,1,0
BRDA:1276,292,0,0
BRDA:1276,292,1,0
BRDA:1276,293,0,0
BRDA:1276,293,1,0
BRDA:1276,294,0,0
BRDA:1276,294,1,0
BRDA:1276,295,0,0
BRDA:1276,295,1,0
BRDA:1276,296,0,0
BRDA:1276,296,1,0
BRDA:1277,297,0,0
BRDA:1277,297,1,0
BRDA:1277,298,0,0
BRDA:1277,298,1,0
BRDA:1277,299,0,0
BRDA:1277,299,1,0
BRDA:1277,300,0,0
BRDA:1277,300,1,0
BRDA:1277,301,0,0
BRDA:1277,301,1,0
BRDA:1278,302,0,0
BRDA:1278,302,1,0
BRDA:1278,303,0,0
BRDA:1278,303,1,0
BRDA:1278,304,0,0
BRDA:1278,304,1,0
BRDA:1278,305,0,0
BRDA:1278,305,1,0
BRDA:1278,306,0,0
BRDA:1278,306,1,0
BRDA:1279,307,0,0
BRDA:1279,307,1,0
BRDA:1279,308,0,0
BRDA:1279,308,1,0
BRDA:1279,309,0,0
BRDA:1279,309,1,0
BRDA:1279,310,0,0
BRDA:1279,310,1,0
BRDA:1279,311,0,0
BRDA:1279,311,1,0
BRDA:1282,312,0,0
BRDA:1282,312,1,0
BRDA:1282,313,0,0
BRDA:1282,313,1,0
BRDA:1282,314,0,0
BRDA:1282,314,1,0
BRDA:1283,315,0,0
BRDA:1283,315,1,0
BRDA:1283,316,0,0
BRDA:1283,316,1,0
BRDA:1283,317,0,0
BRDA:1283,317,1,0
BRDA:1284,318,0,0
BRDA:1284,318,1,0
BRDA:1284,319,0,0
BRDA:1284,319,1,0
BRDA:1284,320,0,0
BRDA:1284,320,1,0
BRDA:1288,321,0,0
BRDA:1288,321,1,0
BRDA:1288,322,0,0
BRDA:1288,322,1,0
BRDA:1288,323,0,0
BRDA:1288,323,1,0
BRDA:1289,324,0,0
BRDA:1289,324,1,0
BRDA:1289,325,0,0
BRDA:1289,325,1,0
BRDA:1289,326,0,0
BRDA:1289,326,1,0
BRDA:1323,327,0,0
BRDA:1342,328,0,0
BRDA:1352,329,0,0
BRDA:1352,329,1,0
BRDA:1352,330,0,0
BRDA:1352,330,1,0
BRDA:1352,331,0,0
BRDA:1352,331,1,0
BRDA:1354,332,0,0
BRDA:1354,332,1,0
BRDA:1354,333,0,0
BRDA:1354,333,1,0
BRDA:1354,334,0,0
BRDA:1354,334,1,0
BRDA:1355,335,0,0
BRDA:1355,335,1,0
BRDA:1355,336,0,0
BRDA:1355,336,1,0
BRDA:1355,337,0,0
BRDA:1355,337,1,0
BRDA:1356,338,0,0
BRDA:1356,338,1,0
BRDA:1356,339,0,0
BRDA:1356,339,1,0
BRDA:1356,340,0,0
BRDA:1356,340,1,0
BRDA:1357,341,0,0
BRDA:1357,341,1,0
BRDA:1357,342,0,0
BRDA:1357,342,1,0
BRDA:1357,343,0,0
BRDA:1357,343,1,0
BRDA:1358,344,0,0
BRDA:1358,344,1,0
BRDA:1360,345,0,0
BRDA:1360,345,1,0
BRDA:1371,346,0,0
BRDA:1371,346,1,0
BRDA:1371,347,0,0
BRDA:1371,347,1,0
BRDA:1371,348,0,0
BRDA:1371,348,1,0
BRDA:1381,349,0,0
BRDA:1381,349,1,0
BRDA:1381,350,0,0
BRDA:1381,350,1,0
BRDA:1381,351,0,0
BRDA:1381,351,1,0
BRDA:1382,352,0,0
BRDA:1382,352,1,0
BRDA:1382,353,0,0
BRDA:1382,353,1,0
BRDA:1382,354,0,0
BRDA:1382,354,1,0
BRDA:1383,355,0,0
BRDA:1383,355,1,0
BRDA:1383,356,0,0
BRDA:1383,356,1,0
BRDA:1383,357,0,0
BRDA:1383,357,1,0
BRDA:1384,358,0,0
BRDA:1384,358,1,0
BRDA:1384,359,0,0
BRDA:1384,359,1,0
BRDA:1384,360,0,0
BRDA:1384,360,1,0
BRDA:1388,361,0,0
BRDA:1388,361,1,0
BRDA:1388,362,0,0
BRDA:1388,362,1,0
BRDA:1388,363,0,0
BRDA:1388,363,1,0
BRDA:1412,364,0,0
BRDA:1412,365,0,0
BRDA:1412,365,1,0
BRDA:1412,366,0,0
BRDA:1412,366,1,0
BRDA:1478,367,0,0
BRDA:1478,367,1,0
BRDA:1498,368,0,0
BRDA:1498,369,0,0
BRDA:1498,369,1,0
BRDA:1498,370,0,0
BRDA:1498,370,1,0
BRDA:1508,371,0,0
BRDA:1508,372,0,0
BRDA:1508,372,1,0
BRDA:1517,373,0,0
BRDA:1530,374,0,0
BRDA:1570,375,0,0
BRDA:1571,376,0,0
BRDA:1571,376,1,0
BRDA:1571,377,0,0
BRDA:1571,377,1,0
BRDA:1575,378,0,0
BRDA:1575,379,0,0
BRDA:1575,379,1,0
BRDA:1584,380,0,0
BRDA:1596,381,0,0
BRDA:1596,381,1,0
BRDA:1596,382,0,0
BRDA:1596,382,1,0
BRDA:1596,383,0,0
BRDA:1596,383,1,0
BRDA:1596,384,0,0
BRDA:1596,384,1,0
BRDA:1596,385,0,0
BRDA:1596,385,1,0
BRDA:1606,386,0,0
BRDA:1626,387,0,0
BRDA:1626,387,1,0
BRDA:1636,388,0,0
BRDA:1636,388,1,0
BRDA:1637,389,0,0
BRDA:1637,389,1,0
BRDA:1638,390,0,0
BRDA:1638,390,1,0
BRDA:1657,391,0,0
BRDA:1657,392,0,0
BRDA:1657,392,1,0
BRDA:1667,393,0,0
BRDA:1667,393,1,0
BRDA:1686,394,0,0
BRDA:1686,395,0,0
BRDA:1686,395,1,0
BRDA:1687,396,0,0
BRDA:1687,396,1,0
BRDA:1687,397,0,0
BRDA:1687,397,1,0
BRDA:1698,398,0,0
BRDA:1698,398,1,0
BRDA:1698,399,0,0
BRDA:1698,399,1,0
BRDA:1698,400,0,0
BRDA:1698,400,1,0
BRDA:1698,401,0,0
BRDA:1698,401,1,0
BRDA:1700,402,0,0
BRDA:1700,403,0,0
BRDA:1700,403,1,0
BRDA:1701,404,0,0
BRDA:1701,404,1,0
BRDA:1701,405,0,0
BRDA:1701,405,1,0
BRDA:1765,406,0,0
BRDA:1765,406,1,0
BRDA:1768,407,0,0
BRDA:1768,407,1,0
BRDA:1783,408,0,0
BRDA:1836,409,0,0
BRDA:1836,410,0,0
BRDA:1839,411,0,0
BRDA:1839,412,0,0
BRDA:1839,412,1,0
BRDA:1849,413,0,0
BRDA:1849,414,0,0
BRDA:1849,414,1,0
BRDA:1865,415,0,0
BRDA:1868,416,0,0
BRDA:1868,416,1,0
BRDA:1869,417,0,0
BRDA:1869,417,1,0
BRDA:1874,418,0,0
BRDA:1874,418,1,0
BRDA:1874,419,0,0
BRDA:1874,419,1,0
BRDA:1874,420,0,0
BRDA:1874,420,1,0
BRDA:1875,421,0,0
BRDA:1875,421,1,0
BRDA:1875,422,0,0
BRDA:1875,422,1,0
BRDA:1875,423,0,0
BRDA:1875,423,1,0
BRDA:1876,424,0,0
BRDA:1876,424,1,0
BRDA:1876,425,0,0
BRDA:1876,425,1,0
BRDA:1876,426,0,0
BRDA:1876,426,1,0
BRDA:1877,427,0,0
BRDA:1877,427,1,0
BRDA:1877,428,0,0
BRDA:1877,428,1,0
BRDA:1877,429,0,0
BRDA:1877,429,1,0
BRDA:1881,430,0,0
BRDA:1881,431,0,0
BRDA:1881,431,1,0
BRDA:1890,432,0,0
BRDA:1890,432,1,0
BRDA:1896,433,0,0
BRDA:1896,433,1,0
BRDA:1896,434,0,0
BRDA:1896,434,1,0
BRDA:1896,435,0,0
BRDA:1896,435,1,0
BRDA:1896,436,0,0
BRDA:1896,436,1,0
BRDA:1897,437,0,0
BRDA:1897,437,1,0
BRDA:1897,438,0,0
BRDA:1897,438,1,0
BRDA:1898,439,0,0
BRDA:1898,439,1,0
BRDA:1898,440,0,0
BRDA:1898,440,1,0
BRDA:1902,441,0,0
BRDA:1902,441,1,0
BRDA:1904,442,0,0
BRDA:1904,442,1,0
BRDA:1904,443,0,0
BRDA:1904,443,1,0
BRDA:1906,444,0,0
BRDA:1906,444,1,0
BRDA:1911,445,0,0
BRDA:1911,446,0,0
BRDA:1911,446,1,0
BRDA:1917,447,0,0
BRDA:1917,447,1,0
BRDA:1918,448,0,0
BRDA:1918,448,1,0
BRDA:1948,449,0,0
BRDA:1948,450,0,0
BRDA:1948,450,1,0
BRDA:1957,451,0,0
BRDA:1959,452,0,0
BRDA:1959,453,0,0
BRDA:1959,453,1,0
BRDA:1959,453,2,0
BRDA:1969,454,0,0
BRDA:1969,454,1,0
BRDA:1970,455,0,0
BRDA:1970,455,1,0
BRDA:1975,456,0,0
BRDA:1975,456,1,0
BRDA:1975,457,0,0
BRDA:1975,457,1,0
BRDA:1975,458,0,0
BRDA:1975,458,1,0
BRDA:1976,459,0,0
BRDA:1976,459,1,0
BRDA:1976,460,0,0
BRDA:1976,460,1,0
BRDA:1976,461,0,0
BRDA:1976,461,1,0
BRDA:1977,462,0,0
BRDA:1977,462,1,0
BRDA:1977,463,0,0
BRDA:1977,463,1,0
BRDA:1977,464,0,0
BRDA:1977,464,1,0
BRDA:1978,465,0,0
BRDA:1978,465,1,0
BRDA:1978,466,0,0
BRDA:1978,466,1,0
BRDA:1978,467,0,0
BRDA:1978,467,1,0
BRDA:1993,468,0,0
BRDA:2003,469,0,0
BRDA:2003,469,1,0
BRDA:2009,470,0,0
BRDA:2009,470,1,0
BRDA:2009,471,0,0
BRDA:2009,471,1,0
BRDA:2009,472,0,0
BRDA:2009,472,1,0
BRDA:2009,473,0,0
BRDA:2009,473,1,0
BRDA:2010,474,0,0
BRDA:2010,474,1,0
BRDA:2010,475,0,0
BRDA:2010,475,1,0
BRDA:2011,476,0,0
BRDA:2011,476,1,0
BRDA:2011,477,0,0
BRDA:2011,477,1,0
BRDA:2015,478,0,0
BRDA:2015,478,1,0
BRDA:2017,479,0,0
BRDA:2017,479,1,0
BRDA:2017,480,0,0
BRDA:2017,480,1,0
BRDA:2019,481,0,0
BRDA:2019,481,1,0
BRDA:2044,482,0,0
BRDA:2044,483,0,0
BRDA:2044,483,1,0
BRDA:2053,484,0,0
BRDA:2053,485,0,0
BRDA:2053,485,1,0
BRDA:2064,486,0,0
BRDA:2064,487,0,0
BRDA:2064,487,1,0
BRDA:2072,488,0,0
BRDA:2072,488,1,0
BRDA:2077,489,0,0
BRDA:2077,489,1,0
BRDA:2087,490,0,0
BRDA:2101,491,0,0
BRDA:2126,492,0,0
BRDA:2155,493,0,0
BRDA:2164,494,0,0
BRDA:2164,495,0,0
BRDA:2164,495,1,0
BRDA:2175,496,0,0
BRDA:2175,497,0,0
BRDA:2175,497,1,0
BRDA:2190,498,0,0
BRDA:2190,498,1,0
BRDA:2190,499,0,0
BRDA:2190,499,1,0
BRDA:2190,500,0,0
BRDA:2190,500,1,0
BRDA:2191,501,0,0
BRDA:2191,501,1,0
BRDA:2194,502,0,0
BRDA:2194,502,1,0
BRDA:2195,503,0,0
BRDA:2195,503,1,0
BRDA:2204,504,0,0
BRDA:2204,504,1,0
BRDA:2227,505,0,0
BRDA:2236,506,0,0
BRDA:2236,507,0,0
BRDA:2236,507,1,0
BRDA:2251,508,0,0
BRDA:2260,509,0,0
BRDA:2268,510,0,0
BRDA:2279,511,0,0
BRDA:2279,511,1,0
BRDA:2283,512,0,0
BRDA:2283,512,1,0
BRDA:2287,513,0,0
BRDA:2287,513,1,0
BRDA:2312,514,0,0
BRDA:2321,515,0,0
BRDA:2321,516,0,0
BRDA:2321,516,1,0
BRDA:2330,517,0,0
BRDA:2345,518,0,0
BRF:924
BRH:199
end_of_record
TN:
SF:src/controllers/vendorContestController.ts
FN:9,(anonymous_1)
FN:31,(anonymous_2)
FN:56,(anonymous_3)
FN:71,(anonymous_4)
FN:110,(anonymous_5)
FN:130,(anonymous_6)
FN:164,(anonymous_7)
FN:201,(anonymous_8)
FN:229,(anonymous_9)
FN:238,(anonymous_10)
FN:239,(anonymous_11)
FN:245,(anonymous_12)
FN:247,(anonymous_13)
FNF:13
FNH:0
FNDA:0,(anonymous_1)
FNDA:0,(anonymous_2)
FNDA:0,(anonymous_3)
FNDA:0,(anonymous_4)
FNDA:0,(anonymous_5)
FNDA:0,(anonymous_6)
FNDA:0,(anonymous_7)
FNDA:0,(anonymous_8)
FNDA:0,(anonymous_9)
FNDA:0,(anonymous_10)
FNDA:0,(anonymous_11)
FNDA:0,(anonymous_12)
FNDA:0,(anonymous_13)
DA:3,4
DA:4,4
DA:9,4
DA:10,0
DA:13,0
DA:14,0
DA:17,0
DA:18,0
DA:21,0
DA:22,0
DA:23,0
DA:27,0
DA:28,0
DA:31,0
DA:32,0
DA:34,0
DA:35,0
DA:40,0
DA:41,0
DA:42,0
DA:43,0
DA:47,0
DA:56,4
DA:57,0
DA:58,0
DA:61,0
DA:62,0
DA:63,0
DA:64,0
DA:68,0
DA:71,0
DA:77,0
DA:78,0
DA:81,0
DA:82,0
DA:89,0
DA:93,0
DA:99,0
DA:100,0
DA:110,4
DA:111,0
DA:112,0
DA:113,0
DA:119,0
DA:120,0
DA:130,4
DA:131,0
DA:132,0
DA:134,0
DA:135,0
DA:139,0
DA:143,0
DA:144,0
DA:145,0
DA:148,0
DA:153,0
DA:154,0
DA:164,4
DA:165,0
DA:167,0
DA:171,0
DA:177,0
DA:178,0
DA:182,0
DA:185,0
DA:190,0
DA:191,0
DA:201,4
DA:202,0
DA:203,0
DA:205,0
DA:206,0
DA:210,0
DA:213,0
DA:218,0
DA:219,0
DA:229,4
DA:230,0
DA:231,0
DA:232,0
DA:235,0
DA:236,0
DA:238,0
DA:239,0
DA:240,0
DA:244,0
DA:245,0
DA:247,0
DA:249,0
DA:258,0
DA:259,0
LF:91
LH:9
BRDA:13,0,0,0
BRDA:13,1,0,0
BRDA:13,1,1,0
BRDA:17,2,0,0
BRDA:17,2,1,0
BRDA:17,3,0,0
BRDA:17,3,1,0
BRDA:22,4,0,0
BRDA:27,5,0,0
BRDA:27,5,1,0
BRDA:27,6,0,0
BRDA:27,6,1,0
BRDA:27,6,2,0
BRDA:32,7,0,0
BRDA:32,7,1,0
BRDA:34,8,0,0
BRDA:40,9,0,0
BRDA:40,10,0,0
BRDA:40,10,1,0
BRDA:42,11,0,0
BRDA:49,12,0,0
BRDA:49,12,1,0
BRDA:62,13,0,0
BRDA:72,14,0,0
BRDA:72,14,1,0
BRDA:72,15,0,0
BRDA:72,15,1,0
BRDA:72,16,0,0
BRDA:72,16,1,0
BRDA:134,17,0,0
BRDA:143,18,0,0
BRDA:177,19,0,0
BRDA:205,20,0,0
BRDA:240,21,0,0
BRDA:240,21,1,0
BRF:35
BRH:0
end_of_record
TN:
SF:src/controllers/vendorContractController.ts
FN:12,(anonymous_1)
FN:85,(anonymous_2)
FN:122,(anonymous_3)
FN:124,(anonymous_4)
FN:153,(anonymous_5)
FN:173,(anonymous_6)
FN:182,(anonymous_7)
FN:214,(anonymous_8)
FN:237,(anonymous_9)
FN:275,(anonymous_10)
FNF:10
FNH:0
FNDA:0,(anonymous_1)
FNDA:0,(anonymous_2)
FNDA:0,(anonymous_3)
FNDA:0,(anonymous_4)
FNDA:0,(anonymous_5)
FNDA:0,(anonymous_6)
FNDA:0,(anonymous_7)
FNDA:0,(anonymous_8)
FNDA:0,(anonymous_9)
FNDA:0,(anonymous_10)
DA:2,4
DA:3,4
DA:4,4
DA:5,4
DA:7,4
DA:13,0
DA:14,0
DA:15,0
DA:18,0
DA:19,0
DA:21,0
DA:22,0
DA:26,0
DA:29,0
DA:30,0
DA:34,0
DA:37,0
DA:38,0
DA:42,0
DA:45,0
DA:46,0
DA:50,0
DA:54,0
DA:57,0
DA:58,0
DA:64,0
DA:68,0
DA:73,0
DA:74,0
DA:86,0
DA:87,0
DA:89,0
DA:90,0
DA:91,0
DA:95,0
DA:99,0
DA:107,0
DA:108,0
DA:109,0
DA:110,0
DA:111,0
DA:114,0
DA:122,0
DA:124,0
DA:141,0
DA:142,0
DA:154,0
DA:155,0
DA:156,0
DA:158,0
DA:160,0
DA:161,0
DA:164,0
DA:165,0
DA:168,0
DA:173,0
DA:182,0
DA:194,0
DA:202,0
DA:203,0
DA:215,0
DA:216,0
DA:218,0
DA:220,0
DA:225,0
DA:226,0
DA:238,0
DA:239,0
DA:240,0
DA:242,0
DA:246,0
DA:247,0
DA:251,0
DA:255,0
DA:256,0
DA:260,0
DA:263,0
DA:275,0
DA:292,0
DA:297,0
DA:298,0
DA:306,4
LF:82
LH:6
BRDA:21,0,0,0
BRDA:21,1,0,0
BRDA:21,1,1,0
BRDA:29,2,0,0
BRDA:37,3,0,0
BRDA:45,4,0,0
BRDA:59,5,0,0
BRDA:59,5,1,0
BRDA:59,5,2,0
BRDA:59,6,0,0
BRDA:59,6,1,0
BRDA:59,7,0,0
BRDA:59,7,1,0
BRDA:60,8,0,0
BRDA:60,8,1,0
BRDA:60,8,2,0
BRDA:60,9,0,0
BRDA:60,9,1,0
BRDA:60,10,0,0
BRDA:60,10,1,0
BRDA:61,11,0,0
BRDA:61,11,1,0
BRDA:76,12,0,0
BRDA:76,12,1,0
BRDA:90,13,0,0
BRDA:108,14,0,0
BRDA:108,15,0,0
BRDA:108,15,1,0
BRDA:126,16,0,0
BRDA:126,16,1,0
BRDA:136,17,0,0
BRDA:136,17,1,0
BRDA:160,18,0,0
BRDA:160,19,0,0
BRDA:160,19,1,0
BRDA:164,20,0,0
BRDA:179,21,0,0
BRDA:179,21,1,0
BRDA:179,22,0,0
BRDA:179,22,1,0
BRDA:184,23,0,0
BRDA:184,23,1,0
BRDA:246,24,0,0
BRDA:255,25,0,0
BRDA:270,26,0,0
BRDA:270,26,1,0
BRDA:270,27,0,0
BRDA:270,27,1,0
BRDA:277,28,0,0
BRDA:277,28,1,0
BRF:50
BRH:0
end_of_record
TN:
SF:src/controllers/vertragController.ts
FN:7,(anonymous_10)
FN:15,(anonymous_11)
FN:20,(anonymous_12)
FN:21,(anonymous_13)
FN:35,(anonymous_14)
FN:67,(anonymous_15)
FN:95,(anonymous_16)
FN:97,(anonymous_17)
FN:122,(anonymous_18)
FN:154,(anonymous_19)
FN:180,(anonymous_20)
FN:200,(anonymous_21)
FN:248,(anonymous_22)
FN:349,(anonymous_23)
FNF:14
FNH:0
FNDA:0,(anonymous_10)
FNDA:0,(anonymous_11)
FNDA:0,(anonymous_12)
FNDA:0,(anonymous_13)
FNDA:0,(anonymous_14)
FNDA:0,(anonymous_15)
FNDA:0,(anonymous_16)
FNDA:0,(anonymous_17)
FNDA:0,(anonymous_18)
FNDA:0,(anonymous_19)
FNDA:0,(anonymous_20)
FNDA:0,(anonymous_21)
FNDA:0,(anonymous_22)
FNDA:0,(anonymous_23)
DA:3,4
DA:7,4
DA:8,0
DA:9,0
DA:15,0
DA:16,0
DA:17,0
DA:20,0
DA:21,0
DA:22,0
DA:25,0
DA:27,0
DA:35,0
DA:53,0
DA:58,0
DA:59,0
DA:67,4
DA:68,0
DA:69,0
DA:73,0
DA:74,0
DA:78,0
DA:81,0
DA:86,0
DA:87,0
DA:95,4
DA:96,0
DA:97,0
DA:100,0
DA:103,0
DA:108,0
DA:113,0
DA:114,0
DA:122,4
DA:123,0
DA:124,0
DA:132,0
DA:133,0
DA:137,0
DA:140,0
DA:145,0
DA:146,0
DA:154,4
DA:155,0
DA:156,0
DA:158,0
DA:159,0
DA:163,0
DA:166,0
DA:171,0
DA:172,0
DA:180,4
DA:181,0
DA:182,0
DA:183,0
DA:186,0
DA:191,0
DA:192,0
DA:200,4
DA:201,0
DA:202,0
DA:203,0
DA:205,0
DA:207,0
DA:208,0
DA:212,0
DA:215,0
DA:216,0
DA:219,0
DA:223,0
DA:228,0
DA:229,0
DA:237,4
DA:248,4
DA:249,0
DA:250,0
DA:259,0
DA:260,0
DA:263,0
DA:264,0
DA:267,0
DA:268,0
DA:272,0
DA:274,0
DA:275,0
DA:277,0
DA:280,0
DA:281,0
DA:284,0
DA:285,0
DA:290,0
DA:291,0
DA:292,0
DA:293,0
DA:296,0
DA:297,0
DA:300,0
DA:302,0
DA:304,0
DA:307,0
DA:308,0
DA:310,0
DA:321,0
DA:322,0
DA:323,0
DA:329,0
DA:330,0
DA:331,0
DA:332,0
DA:333,0
DA:334,0
DA:336,0
DA:340,0
DA:349,0
DA:350,0
DA:351,0
DA:354,0
DA:371,0
DA:384,0
DA:387,0
DA:391,0
DA:397,0
DA:398,0
LF:123
LH:10
BRDA:21,0,0,0
BRDA:21,0,1,0
BRDA:22,1,0,0
BRDA:22,1,1,0
BRDA:22,2,0,0
BRDA:22,2,1,0
BRDA:22,2,2,0
BRDA:32,3,0,0
BRDA:32,3,1,0
BRDA:32,3,2,0
BRDA:32,4,0,0
BRDA:32,4,1,0
BRDA:32,5,0,0
BRDA:32,5,1,0
BRDA:33,6,0,0
BRDA:33,6,1,0
BRDA:33,7,0,0
BRDA:33,7,1,0
BRDA:33,8,0,0
BRDA:33,8,1,0
BRDA:37,9,0,0
BRDA:37,9,1,0
BRDA:38,10,0,0
BRDA:38,10,1,0
BRDA:39,11,0,0
BRDA:39,11,1,0
BRDA:41,12,0,0
BRDA:41,12,1,0
BRDA:42,13,0,0
BRDA:42,13,1,0
BRDA:42,14,0,0
BRDA:42,14,1,0
BRDA:73,15,0,0
BRDA:116,16,0,0
BRDA:116,16,1,0
BRDA:132,17,0,0
BRDA:158,18,0,0
BRDA:207,19,0,0
BRDA:253,20,0,0
BRDA:253,20,1,0
BRDA:254,21,0,0
BRDA:254,21,1,0
BRDA:254,22,0,0
BRDA:254,22,1,0
BRDA:255,23,0,0
BRDA:255,23,1,0
BRDA:255,24,0,0
BRDA:255,24,1,0
BRDA:272,25,0,0
BRDA:272,25,1,0
BRDA:275,26,0,0
BRDA:275,26,1,0
BRDA:280,27,0,0
BRDA:280,27,1,0
BRDA:293,28,0,0
BRDA:293,28,1,0
BRDA:304,29,0,0
BRDA:304,29,1,0
BRDA:307,30,0,0
BRDA:321,31,0,0
BRDA:321,32,0,0
BRDA:321,32,1,0
BRDA:321,33,0,0
BRDA:321,33,1,0
BRDA:322,34,0,0
BRDA:322,34,1,0
BRDA:322,34,2,0
BRDA:330,35,0,0
BRDA:330,36,0,0
BRDA:330,36,1,0
BRDA:332,37,0,0
BRDA:332,37,1,0
BRDA:332,38,0,0
BRDA:332,38,1,0
BRDA:350,39,0,0
BRDA:350,39,1,0
BRDA:361,40,0,0
BRDA:361,40,1,0
BRDA:377,41,0,0
BRDA:377,41,1,0
BRDA:400,42,0,0
BRDA:400,42,1,0
BRF:82
BRH:0
end_of_record
TN:
SF:src/jobs/revenueCalculationJob.ts
FN:13,(anonymous_9)
FN:55,(anonymous_10)
FN:65,(anonymous_11)
FN:80,(anonymous_12)
FN:86,(anonymous_13)
FN:97,(anonymous_14)
FN:109,(anonymous_15)
FN:116,(anonymous_16)
FNF:8
FNH:6
FNDA:2,(anonymous_9)
FNDA:0,(anonymous_10)
FNDA:2,(anonymous_11)
FNDA:5,(anonymous_12)
FNDA:0,(anonymous_13)
FNDA:19,(anonymous_14)
FNDA:5,(anonymous_15)
FNDA:2,(anonymous_16)
DA:1,6
DA:2,6
DA:4,6
DA:5,6
DA:8,6
DA:14,2
DA:16,2
DA:17,2
DA:18,2
DA:21,2
DA:27,1
DA:32,1
DA:35,1
DA:36,1
DA:39,0
DA:44,1
DA:46,1
DA:47,1
DA:50,0
DA:54,1
DA:55,1
DA:56,0
DA:57,0
DA:66,2
DA:68,2
DA:69,2
DA:70,1
DA:72,1
DA:73,1
DA:81,5
DA:82,1
DA:83,1
DA:86,4
DA:90,4
DA:91,4
DA:98,19
DA:99,3
DA:100,3
DA:101,3
DA:102,3
DA:110,5
DA:117,2
DA:120,1
DA:121,1
DA:123,1
DA:127,6
LF:46
LH:42
BRDA:47,0,0,1
BRDA:47,0,1,0
BRDA:81,1,0,1
BRDA:98,2,0,3
BRDA:117,3,0,1
BRF:5
BRH:4
end_of_record
TN:
SF:src/middleware/auth.ts
FN:12,(anonymous_1)
FN:40,(anonymous_2)
FN:79,(anonymous_3)
FNF:3
FNH:2
FNDA:0,(anonymous_1)
FNDA:13,(anonymous_2)
FNDA:4,(anonymous_3)
DA:3,4
DA:4,4
DA:12,4
DA:14,0
DA:17,0
DA:18,0
DA:19,0
DA:22,0
DA:24,0
DA:32,0
DA:33,0
DA:35,0
DA:40,4
DA:42,13
DA:43,13
DA:46,13
DA:47,13
DA:50,13
DA:51,3
DA:52,3
DA:55,10
DA:57,10
DA:65,0
DA:66,0
DA:67,0
DA:71,0
DA:72,0
DA:74,10
DA:79,4
DA:81,4
DA:82,4
DA:86,4
DA:87,1
DA:91,1
DA:94,3
DA:96,3
DA:103,2
DA:104,0
DA:108,0
DA:112,2
DA:113,2
DA:115,1
LF:42
LH:26
BRDA:17,0,0,0
BRDA:43,1,0,10
BRDA:43,1,1,3
BRDA:43,2,0,13
BRDA:43,2,1,10
BRDA:47,3,0,13
BRDA:47,3,1,3
BRDA:50,4,0,3
BRDA:65,5,0,0
BRDA:82,6,0,3
BRDA:82,6,1,1
BRDA:82,7,0,4
BRDA:82,7,1,3
BRDA:86,8,0,1
BRDA:103,9,0,0
BRF:15
BRH:12
end_of_record
TN:
SF:src/middleware/cacheMiddleware.ts
FN:8,(anonymous_0)
FN:9,(anonymous_1)
FN:32,(anonymous_2)
FN:57,(anonymous_3)
FN:59,(anonymous_4)
FN:61,(anonymous_5)
FN:71,(anonymous_6)
FN:72,(anonymous_7)
FN:77,(anonymous_8)
FN:80,(anonymous_9)
FNF:10
FNH:1
FNDA:12,(anonymous_0)
FNDA:0,(anonymous_1)
FNDA:0,(anonymous_2)
FNDA:0,(anonymous_3)
FNDA:0,(anonymous_4)
FNDA:0,(anonymous_5)
FNDA:0,(anonymous_6)
FNDA:0,(anonymous_7)
FNDA:0,(anonymous_8)
FNDA:0,(anonymous_9)
DA:2,4
DA:8,4
DA:9,12
DA:11,0
DA:12,0
DA:16,0
DA:18,0
DA:20,0
DA:22,0
DA:24,0
DA:25,0
DA:29,0
DA:32,0
DA:34,0
DA:35,0
DA:39,0
DA:42,0
DA:45,0
DA:47,0
DA:49,0
DA:57,4
DA:58,0
DA:59,0
DA:61,0
DA:63,0
DA:64,0
DA:71,4
DA:72,0
DA:74,0
DA:77,0
DA:79,0
DA:80,0
DA:81,0
DA:86,0
DA:89,0
DA:93,4
LF:36
LH:6
BRDA:8,0,0,0
BRDA:11,1,0,0
BRDA:22,2,0,0
BRDA:34,3,0,0
BRDA:34,4,0,0
BRDA:34,4,1,0
BRDA:79,5,0,0
BRDA:79,6,0,0
BRDA:79,6,1,0
BRF:9
BRH:0
end_of_record
TN:
SF:src/middleware/monitoring.ts
FN:10,(anonymous_1)
FN:18,(anonymous_2)
FN:49,(anonymous_3)
FN:63,(anonymous_4)
FN:86,(anonymous_5)
FN:112,(anonymous_6)
FN:118,(anonymous_7)
FN:127,(anonymous_8)
FN:142,(anonymous_9)
FN:163,(anonymous_10)
FN:205,(anonymous_11)
FN:210,(anonymous_12)
FN:245,(anonymous_13)
FN:249,(anonymous_14)
FN:256,(anonymous_15)
FNF:15
FNH:6
FNDA:1,(anonymous_1)
FNDA:1,(anonymous_2)
FNDA:1,(anonymous_3)
FNDA:0,(anonymous_4)
FNDA:0,(anonymous_5)
FNDA:2,(anonymous_6)
FNDA:0,(anonymous_7)
FNDA:0,(anonymous_8)
FNDA:0,(anonymous_9)
FNDA:0,(anonymous_10)
FNDA:2,(anonymous_11)
FNDA:0,(anonymous_12)
FNDA:2,(anonymous_13)
FNDA:0,(anonymous_14)
FNDA:0,(anonymous_15)
DA:3,2
DA:4,2
DA:5,2
DA:10,2
DA:11,1
DA:14,1
DA:15,1
DA:18,1
DA:19,1
DA:22,1
DA:33,1
DA:34,0
DA:38,1
DA:39,0
DA:45,1
DA:49,1
DA:51,1
DA:55,1
DA:57,1
DA:63,2
DA:65,0
DA:71,0
DA:80,0
DA:86,2
DA:88,0
DA:89,0
DA:92,0
DA:94,0
DA:96,0
DA:97,0
DA:100,0
DA:102,0
DA:104,0
DA:112,2
DA:113,2
DA:114,2
DA:115,2
DA:116,2
DA:118,2
DA:119,0
DA:121,0
DA:123,0
DA:124,0
DA:127,0
DA:128,0
DA:129,0
DA:130,0
DA:132,0
DA:138,0
DA:139,0
DA:142,0
DA:143,0
DA:144,0
DA:145,0
DA:147,0
DA:152,0
DA:155,0
DA:163,2
DA:168,0
DA:169,0
DA:172,0
DA:173,0
DA:174,0
DA:176,0
DA:177,0
DA:178,0
DA:180,0
DA:182,0
DA:191,0
DA:192,0
DA:196,0
DA:197,0
DA:205,2
DA:206,2
DA:207,2
DA:208,2
DA:210,2
DA:211,0
DA:212,0
DA:215,0
DA:216,0
DA:217,0
DA:222,0
DA:223,0
DA:224,0
DA:227,0
DA:228,0
DA:231,0
DA:237,0
DA:245,2
DA:246,2
DA:247,2
DA:249,2
DA:250,0
DA:252,0
DA:253,0
DA:256,0
DA:257,0
DA:258,0
DA:259,0
DA:261,0
DA:266,0
DA:270,2
LF:103
LH:36
BRDA:24,0,0,1
BRDA:24,0,1,0
BRDA:24,0,2,0
BRDA:24,1,0,0
BRDA:24,1,1,1
BRDA:24,2,0,1
BRDA:24,2,1,1
BRDA:28,3,0,1
BRDA:28,3,1,0
BRDA:28,3,2,0
BRDA:28,4,0,0
BRDA:28,4,1,0
BRDA:28,5,0,0
BRDA:28,5,1,0
BRDA:28,6,0,0
BRDA:28,6,1,0
BRDA:28,7,0,0
BRDA:28,7,1,0
BRDA:29,8,0,1
BRDA:29,8,1,0
BRDA:29,9,0,1
BRDA:29,9,1,1
BRDA:33,10,0,0
BRDA:38,11,0,0
BRDA:88,12,0,0
BRDA:96,13,0,0
BRDA:123,14,0,0
BRDA:138,15,0,0
BRDA:177,16,0,0
BRDA:177,16,1,0
BRDA:191,17,0,0
BRDA:196,18,0,0
BRDA:211,19,0,0
BRDA:211,19,1,0
BRDA:211,19,2,0
BRDA:211,20,0,0
BRDA:211,20,1,0
BRDA:211,21,0,0
BRDA:211,21,1,0
BRDA:216,22,0,0
BRDA:222,23,0,0
BRDA:222,23,1,0
BRDA:227,24,0,0
BRDA:252,25,0,0
BRF:44
BRH:8
end_of_record
TN:
SF:src/migrations/001_add_booking_status_fields.ts
FN:13,(anonymous_1)
FN:37,(anonymous_2)
FN:116,(anonymous_3)
FNF:3
FNH:3
FNDA:4,(anonymous_1)
FNDA:3,(anonymous_2)
FNDA:2,(anonymous_3)
DA:1,1
DA:13,1
DA:14,4
DA:15,4
DA:16,0
DA:19,4
DA:21,4
DA:23,4
DA:33,4
DA:36,4
DA:37,4
DA:39,4
DA:52,4
DA:55,4
DA:68,4
DA:71,4
DA:73,4
DA:74,3
DA:75,3
DA:76,3
DA:77,3
DA:79,3
DA:90,4
DA:93,4
DA:94,3
DA:95,3
DA:96,2
DA:108,4
DA:111,0
DA:112,0
DA:116,1
DA:117,2
DA:118,2
DA:119,0
DA:122,2
DA:124,2
DA:126,2
DA:142,2
DA:158,2
DA:161,0
DA:162,0
DA:167,1
LF:42
LH:36
BRDA:15,0,0,0
BRDA:74,1,0,3
BRDA:74,1,1,0
BRDA:75,2,0,3
BRDA:75,2,1,0
BRDA:95,3,0,2
BRDA:95,4,0,3
BRDA:95,4,1,2
BRDA:101,5,0,1
BRDA:101,5,1,1
BRDA:101,6,0,2
BRDA:101,6,1,2
BRDA:101,7,0,0
BRDA:101,7,1,2
BRDA:101,8,0,2
BRDA:101,8,1,2
BRDA:118,9,0,0
BRF:17
BRH:12
end_of_record
TN:
SF:src/migrations/002_add_trial_fields_to_vertrag.ts
FN:17,(anonymous_0)
FN:21,(anonymous_1)
FN:57,(anonymous_2)
FN:94,(anonymous_3)
FN:122,(anonymous_4)
FN:149,(anonymous_5)
FN:203,runTrialFieldsMigration
FN:231,rollbackTrialFieldsMigration
FNF:8
FNH:0
FNDA:0,(anonymous_0)
FNDA:0,(anonymous_1)
FNDA:0,(anonymous_2)
FNDA:0,(anonymous_3)
FNDA:0,(anonymous_4)
FNDA:0,(anonymous_5)
FNDA:0,runTrialFieldsMigration
FNDA:0,rollbackTrialFieldsMigration
DA:2,1
DA:14,1
DA:18,0
DA:22,0
DA:23,0
DA:26,0
DA:38,0
DA:41,0
DA:43,0
DA:49,0
DA:50,0
DA:58,0
DA:59,0
DA:62,0
DA:75,0
DA:78,0
DA:80,0
DA:86,0
DA:87,0
DA:95,0
DA:98,0
DA:109,0
DA:110,0
DA:111,0
DA:112,0
DA:115,0
DA:116,0
DA:123,0
DA:125,0
DA:133,0
DA:134,0
DA:135,0
DA:136,0
DA:139,0
DA:140,0
DA:150,0
DA:152,0
DA:154,0
DA:162,0
DA:163,0
DA:167,0
DA:172,0
DA:173,0
DA:177,0
DA:182,0
DA:183,0
DA:186,0
DA:191,0
DA:192,0
DA:203,1
DA:204,0
DA:206,0
DA:207,0
DA:208,0
DA:210,0
DA:211,0
DA:213,0
DA:215,0
DA:216,0
DA:217,0
DA:218,0
DA:222,0
DA:224,0
DA:231,1
DA:232,0
DA:234,0
DA:235,0
DA:236,0
DA:238,0
DA:239,0
DA:241,0
DA:246,1
LF:72
LH:5
BRDA:52,0,0,0
BRDA:52,0,1,0
BRDA:89,1,0,0
BRDA:89,1,1,0
BRDA:115,2,0,0
BRDA:115,3,0,0
BRDA:115,3,1,0
BRDA:139,4,0,0
BRDA:139,5,0,0
BRDA:139,5,1,0
BRDA:162,6,0,0
BRDA:172,7,0,0
BRDA:182,8,0,0
BRDA:191,9,0,0
BRDA:191,9,1,0
BRDA:213,10,0,0
BRDA:216,11,0,0
BRF:17
BRH:0
end_of_record
TN:
SF:src/migrations/migrationRunner.ts
FN:18,(anonymous_10)
FN:22,(anonymous_11)
FN:28,(anonymous_12)
FN:33,(anonymous_13)
FN:35,(anonymous_14)
FN:42,(anonymous_15)
FN:49,(anonymous_16)
FN:62,(anonymous_17)
FN:65,(anonymous_18)
FN:72,(anonymous_19)
FN:109,(anonymous_20)
FN:123,(anonymous_21)
FNF:12
FNH:0
FNDA:0,(anonymous_10)
FNDA:0,(anonymous_11)
FNDA:0,(anonymous_12)
FNDA:0,(anonymous_13)
FNDA:0,(anonymous_14)
FNDA:0,(anonymous_15)
FNDA:0,(anonymous_16)
FNDA:0,(anonymous_17)
FNDA:0,(anonymous_18)
FNDA:0,(anonymous_19)
FNDA:0,(anonymous_20)
FNDA:0,(anonymous_21)
DA:1,0
DA:2,0
DA:3,0
DA:4,0
DA:6,0
DA:19,0
DA:23,0
DA:24,0
DA:25,0
DA:29,0
DA:30,0
DA:34,0
DA:35,0
DA:38,0
DA:40,0
DA:41,0
DA:42,0
DA:43,0
DA:46,0
DA:50,0
DA:51,0
DA:52,0
DA:56,0
DA:57,0
DA:58,0
DA:61,0
DA:62,0
DA:66,0
DA:67,0
DA:69,0
DA:70,0
DA:72,0
DA:74,0
DA:75,0
DA:76,0
DA:79,0
DA:81,0
DA:82,0
DA:84,0
DA:85,0
DA:88,0
DA:94,0
DA:97,0
DA:98,0
DA:102,0
DA:105,0
DA:110,0
DA:111,0
DA:113,0
DA:114,0
DA:116,0
DA:117,0
DA:118,0
DA:122,0
DA:123,0
DA:125,0
DA:126,0
DA:127,0
DA:130,0
DA:131,0
DA:132,0
DA:135,0
DA:137,0
DA:138,0
DA:141,0
DA:145,0
DA:148,0
DA:149,0
DA:153,0
DA:159,0
DA:160,0
DA:162,0
DA:164,0
DA:165,0
DA:168,0
DA:169,0
DA:170,0
DA:173,0
DA:174,0
DA:175,0
DA:176,0
DA:179,0
LF:82
LH:0
BRDA:23,0,0,0
BRDA:23,0,1,0
BRDA:35,1,0,0
BRDA:35,1,1,0
BRDA:51,2,0,0
BRDA:57,3,0,0
BRDA:74,4,0,0
BRDA:116,5,0,0
BRDA:122,6,0,0
BRDA:122,6,1,0
BRDA:125,7,0,0
BRDA:130,8,0,0
BRDA:162,9,0,0
BRDA:162,9,1,0
BRDA:162,9,2,0
BRDA:168,10,0,0
BRDA:168,10,1,0
BRF:17
BRH:0
end_of_record
TN:
SF:src/models/Contact.ts
FNF:0
FNH:0
DA:2,4
DA:16,4
DA:57,4
LF:3
LH:3
BRF:0
BRH:0
end_of_record
TN:
SF:src/models/FAQ.ts
FNF:0
FNH:0
DA:2,4
DA:15,4
DA:52,4
DA:53,4
DA:54,4
DA:56,4
LF:6
LH:6
BRF:0
BRH:0
end_of_record
TN:
SF:src/models/Mietfach.ts
FN:53,(anonymous_9)
FN:85,(anonymous_10)
FNF:2
FNH:1
FNDA:1,(anonymous_9)
FNDA:0,(anonymous_10)
DA:1,10
DA:2,10
DA:4,10
DA:53,10
DA:54,1
DA:58,1
DA:60,1
DA:68,0
DA:81,1
DA:85,10
DA:86,0
DA:87,0
DA:89,0
DA:90,0
DA:91,0
DA:92,0
DA:96,0
DA:100,10
DA:101,10
DA:103,10
LF:20
LH:12
BRDA:58,0,0,1
BRDA:58,0,1,0
BRDA:91,1,0,0
BRF:3
BRH:1
end_of_record
TN:
SF:src/models/MonthlyRevenue.ts
FN:70,(anonymous_9)
FNF:1
FNH:1
FNDA:5,(anonymous_9)
DA:1,9
DA:5,9
DA:32,9
DA:70,9
DA:71,5
DA:72,5
DA:76,9
DA:77,9
DA:79,9
LF:9
LH:9
BRF:0
BRH:0
end_of_record
TN:
SF:src/models/Product.ts
FN:210,(anonymous_9)
FN:214,(anonymous_10)
FN:240,(anonymous_11)
FN:248,(anonymous_12)
FN:267,(anonymous_13)
FNF:5
FNH:0
FNDA:0,(anonymous_9)
FNDA:0,(anonymous_10)
FNDA:0,(anonymous_11)
FNDA:0,(anonymous_12)
FNDA:0,(anonymous_13)
DA:1,4
DA:56,4
DA:74,4
DA:89,4
DA:202,4
DA:203,4
DA:204,4
DA:205,4
DA:206,4
DA:207,4
DA:210,4
DA:211,0
DA:212,0
DA:215,0
DA:218,0
DA:224,0
DA:228,0
DA:229,0
DA:230,0
DA:233,0
DA:236,0
DA:240,4
DA:241,0
DA:242,0
DA:244,0
DA:248,4
DA:249,0
DA:250,0
DA:253,0
DA:254,0
DA:255,0
DA:256,0
DA:259,0
DA:260,0
DA:263,0
DA:267,4
DA:268,0
DA:269,0
DA:278,4
LF:39
LH:15
BRDA:211,0,0,0
BRDA:211,1,0,0
BRDA:211,1,1,0
BRDA:218,2,0,0
BRDA:218,2,1,0
BRDA:228,3,0,0
BRDA:228,3,1,0
BRDA:228,4,0,0
BRDA:228,4,1,0
BRDA:229,5,0,0
BRDA:241,6,0,0
BRDA:241,7,0,0
BRDA:241,7,1,0
BRDA:242,8,0,0
BRDA:242,8,1,0
BRDA:249,9,0,0
BRDA:249,10,0,0
BRDA:249,10,1,0
BRDA:259,11,0,0
BRDA:260,12,0,0
BRDA:260,12,1,0
BRDA:263,13,0,0
BRDA:263,13,1,0
BRDA:267,14,0,0
BRF:24
BRH:0
end_of_record
TN:
SF:src/models/Settings.ts
FN:66,(anonymous_9)
FN:171,(anonymous_10)
FN:180,(anonymous_11)
FN:199,(anonymous_12)
FN:215,(anonymous_13)
FN:225,(anonymous_14)
FNF:6
FNH:3
FNDA:12,(anonymous_9)
FNDA:9,(anonymous_10)
FNDA:0,(anonymous_11)
FNDA:0,(anonymous_12)
FNDA:0,(anonymous_13)
FNDA:9,(anonymous_14)
DA:1,6
DA:52,6
DA:67,12
DA:171,6
DA:172,9
DA:173,9
DA:174,0
DA:176,9
DA:180,6
DA:186,0
DA:187,0
DA:188,0
DA:189,0
DA:190,0
DA:192,0
DA:193,0
DA:195,0
DA:199,6
DA:204,0
DA:211,0
DA:215,6
DA:216,0
DA:225,6
DA:227,9
DA:228,0
DA:232,9
DA:233,0
DA:236,9
DA:237,9
DA:240,9
DA:241,9
DA:242,9
DA:245,0
DA:249,9
DA:252,6
DA:254,6
LF:36
LH:21
BRDA:173,0,0,0
BRDA:189,1,0,0
BRDA:192,2,0,0
BRDA:208,3,0,0
BRDA:208,3,1,0
BRDA:227,4,0,0
BRDA:232,5,0,0
BRDA:240,6,0,9
BRDA:240,6,1,0
BRF:9
BRH:1
end_of_record
TN:
SF:src/models/Tag.ts
FN:64,(anonymous_9)
FN:68,(anonymous_10)
FN:82,(anonymous_11)
FNF:3
FNH:2
FNDA:27,(anonymous_9)
FNDA:6,(anonymous_10)
FNDA:0,(anonymous_11)
DA:1,4
DA:16,4
DA:59,4
DA:60,4
DA:61,4
DA:64,4
DA:65,27
DA:66,27
DA:69,6
DA:72,6
DA:78,27
DA:82,4
DA:83,0
DA:85,0
DA:86,0
DA:88,0
DA:89,0
DA:94,0
DA:97,0
DA:100,0
DA:107,4
LF:21
LH:13
BRDA:65,0,0,27
BRDA:65,1,0,27
BRDA:65,1,1,0
BRDA:72,2,0,6
BRDA:72,2,1,0
BRDA:82,3,0,0
BRDA:88,4,0,0
BRF:7
BRH:3
end_of_record
TN:
SF:src/models/User.ts
FN:141,(anonymous_9)
FN:150,(anonymous_10)
FN:181,(anonymous_11)
FNF:3
FNH:3
FNDA:93,(anonymous_9)
FNDA:93,(anonymous_10)
FNDA:52,(anonymous_11)
DA:1,11
DA:5,11
DA:23,11
DA:41,11
DA:54,11
DA:65,11
DA:75,11
DA:117,11
DA:138,11
DA:142,93
DA:151,93
DA:183,52
DA:202,11
LF:13
LH:13
BRDA:183,0,0,29
BRDA:183,0,1,23
BRF:2
BRH:2
end_of_record
TN:
SF:src/models/VendorContest.ts
FNF:0
FNH:0
DA:2,4
DA:14,4
DA:45,4
LF:3
LH:3
BRF:0
BRH:0
end_of_record
TN:
SF:src/models/Vertrag.ts
FN:43,(anonymous_9)
FN:55,(anonymous_10)
FN:60,(anonymous_11)
FN:84,(anonymous_12)
FN:88,(anonymous_13)
FN:92,(anonymous_14)
FN:96,(anonymous_15)
FNF:7
FNH:4
FNDA:39,(anonymous_9)
FNDA:39,(anonymous_10)
FNDA:22,(anonymous_11)
FNDA:22,(anonymous_12)
FNDA:0,(anonymous_13)
FNDA:0,(anonymous_14)
FNDA:0,(anonymous_15)
DA:1,10
DA:2,10
DA:6,10
DA:13,10
DA:43,39
DA:55,39
DA:60,10
DA:61,22
DA:63,22
DA:65,22
DA:68,5
DA:71,17
DA:75,22
DA:80,22
DA:84,10
DA:85,22
DA:88,10
DA:89,0
DA:92,10
DA:93,0
DA:96,10
DA:97,0
DA:101,10
DA:102,10
DA:103,10
DA:105,10
DA:106,10
DA:107,10
DA:109,10
LF:29
LH:26
BRDA:61,0,0,22
BRDA:61,1,0,22
BRDA:61,1,1,22
BRDA:65,2,0,5
BRDA:65,2,1,17
BRF:5
BRH:5
end_of_record
TN:
SF:src/models/index.ts
FN:17,(anonymous_1)
FN:18,(anonymous_2)
FNF:2
FNH:0
FNDA:0,(anonymous_1)
FNDA:0,(anonymous_2)
DA:1,0
DA:2,0
DA:3,0
DA:4,0
DA:5,0
DA:6,0
DA:7,0
DA:8,0
DA:11,0
DA:12,0
DA:13,0
DA:14,0
DA:15,0
DA:16,0
DA:17,0
DA:18,0
LF:16
LH:0
BRF:0
BRH:0
end_of_record
TN:
SF:src/routes/adminRoutes.ts
FN:12,(anonymous_10)
FN:19,(anonymous_11)
FN:92,(anonymous_12)
FN:101,(anonymous_13)
FN:110,(anonymous_14)
FN:150,(anonymous_15)
FN:156,(anonymous_16)
FN:182,(anonymous_17)
FNF:8
FNH:0
FNDA:0,(anonymous_10)
FNDA:0,(anonymous_11)
FNDA:0,(anonymous_12)
FNDA:0,(anonymous_13)
FNDA:0,(anonymous_14)
FNDA:0,(anonymous_15)
FNDA:0,(anonymous_16)
FNDA:0,(anonymous_17)
DA:2,4
DA:3,4
DA:4,4
DA:5,4
DA:7,4
DA:9,4
DA:12,4
DA:13,0
DA:14,0
DA:15,0
DA:19,4
DA:20,0
DA:21,0
DA:22,0
DA:23,0
DA:27,4
DA:30,4
DA:33,4
DA:34,4
DA:35,4
DA:41,4
DA:42,4
DA:43,4
DA:47,4
DA:53,4
DA:54,4
DA:57,4
DA:58,4
DA:61,4
DA:62,4
DA:63,4
DA:64,4
DA:67,4
DA:68,4
DA:71,4
DA:74,4
DA:77,4
DA:78,4
DA:81,4
DA:82,4
DA:85,4
DA:86,4
DA:87,4
DA:88,4
DA:89,4
DA:92,4
DA:93,0
DA:94,0
DA:95,0
DA:97,0
DA:101,4
DA:102,0
DA:103,0
DA:104,0
DA:106,0
DA:110,4
DA:111,0
DA:112,0
DA:113,0
DA:115,0
DA:120,4
DA:123,4
DA:124,4
DA:125,4
DA:128,4
DA:129,4
DA:130,4
DA:133,4
DA:134,4
DA:135,4
DA:136,4
DA:139,4
DA:140,4
DA:143,4
DA:150,4
DA:151,0
DA:152,0
DA:153,0
DA:154,0
DA:156,4
DA:157,0
DA:158,0
DA:159,0
DA:160,0
DA:162,4
DA:163,4
DA:166,4
DA:169,4
DA:172,4
DA:178,4
DA:181,4
DA:182,4
DA:183,0
DA:184,0
DA:185,0
DA:186,0
DA:188,4
DA:189,4
DA:192,4
LF:99
LH:68
BRDA:97,0,0,0
BRDA:97,0,1,0
BRDA:106,1,0,0
BRDA:106,1,1,0
BRDA:115,2,0,0
BRDA:115,2,1,0
BRF:6
BRH:0
end_of_record
TN:
SF:src/routes/authRoutes.ts
FN:12,(anonymous_9)
FNF:1
FNH:0
FNDA:0,(anonymous_9)
DA:2,4
DA:3,4
DA:4,4
DA:6,4
DA:8,4
DA:9,4
DA:12,4
DA:13,0
DA:16,4
LF:9
LH:8
BRF:0
BRH:0
end_of_record
TN:
SF:src/routes/contactRoutes.ts
FN:20,(anonymous_0)
FNF:1
FNH:0
FNDA:0,(anonymous_0)
DA:2,4
DA:3,4
DA:11,4
DA:13,4
DA:20,4
DA:21,0
DA:33,4
DA:40,4
DA:51,4
DA:58,4
DA:65,4
DA:72,4
DA:74,4
LF:13
LH:12
BRF:0
BRH:0
end_of_record
TN:
SF:src/routes/faqRoutes.ts
FNF:0
FNH:0
DA:2,4
DA:3,4
DA:4,4
DA:6,4
DA:9,4
DA:12,4
DA:13,4
DA:14,4
DA:15,4
DA:16,4
DA:17,4
DA:18,4
DA:20,4
LF:13
LH:13
BRF:0
BRH:0
end_of_record
TN:
SF:src/routes/index.ts
FN:36,(anonymous_1)
FN:50,(anonymous_2)
FN:70,(anonymous_3)
FNF:3
FNH:0
FNDA:0,(anonymous_1)
FNDA:0,(anonymous_2)
FNDA:0,(anonymous_3)
DA:2,4
DA:3,4
DA:4,4
DA:5,4
DA:6,4
DA:7,4
DA:8,4
DA:9,4
DA:10,4
DA:11,4
DA:12,4
DA:13,4
DA:14,4
DA:15,4
DA:16,4
DA:17,4
DA:19,4
DA:21,4
DA:22,4
DA:23,4
DA:24,4
DA:25,4
DA:26,4
DA:27,4
DA:28,4
DA:29,4
DA:30,4
DA:31,4
DA:32,4
DA:33,4
DA:36,4
DA:37,0
DA:38,0
DA:39,0
DA:41,0
DA:50,4
DA:51,0
DA:52,0
DA:53,0
DA:58,0
DA:70,4
DA:71,0
DA:72,0
DA:74,0
DA:83,0
DA:84,0
DA:91,4
LF:47
LH:34
BRDA:64,0,0,0
BRDA:64,0,1,0
BRF:2
BRH:0
end_of_record
TN:
SF:src/routes/mietfachRoutes.ts
FNF:0
FNH:0
DA:1,4
DA:2,4
DA:5,4
DA:11,4
DA:12,4
DA:13,4
DA:14,4
DA:15,4
DA:16,4
DA:17,4
DA:19,4
LF:11
LH:11
BRF:0
BRH:0
end_of_record
TN:
SF:src/routes/newsletterRoutes.ts
FN:10,(anonymous_9)
FNF:1
FNH:0
FNDA:0,(anonymous_9)
DA:3,4
DA:4,4
DA:5,4
DA:7,4
DA:10,4
DA:11,0
DA:12,0
DA:13,0
DA:18,0
DA:26,4
DA:27,4
DA:28,4
DA:30,4
LF:13
LH:9
BRDA:15,0,0,0
BRDA:15,0,1,0
BRDA:21,1,0,0
BRDA:21,1,1,0
BRF:4
BRH:0
end_of_record
TN:
SF:src/routes/publicRoutes.ts
FN:10,(anonymous_1)
FN:42,(anonymous_2)
FN:70,(anonymous_3)
FNF:3
FNH:0
FNDA:0,(anonymous_1)
FNDA:0,(anonymous_2)
FNDA:0,(anonymous_3)
DA:2,4
DA:3,4
DA:5,4
DA:7,4
[...]
BRDA:337,15,0,0
BRDA:337,16,0,0
BRDA:337,16,1,0
BRDA:357,17,0,0
BRDA:359,18,0,0
BRDA:359,19,0,0
BRDA:359,19,1,0
BRDA:373,20,0,0
BRDA:373,21,0,0
BRDA:373,21,1,0
BRDA:401,22,0,0
BRDA:421,23,0,0
BRDA:421,24,0,0
BRDA:421,24,1,0
BRF:38
BRH:8
end_of_record
TN:
SF:src/utils/emailService.ts
FN:25,(anonymous_9)
FN:53,(anonymous_10)
FN:66,(anonymous_11)
FN:71,(anonymous_12)
FN:171,(anonymous_13)
FN:195,(anonymous_14)
FN:202,(anonymous_15)
FN:206,(anonymous_16)
FN:355,(anonymous_17)
FN:371,(anonymous_18)
FN:467,(anonymous_19)
FN:484,(anonymous_20)
FN:485,(anonymous_21)
FN:642,(anonymous_22)
FN:860,(anonymous_23)
FN:953,sendVendorContestEmail
FN:1008,(anonymous_25)
FN:1055,(anonymous_26)
FN:1151,(anonymous_27)
FN:1172,(anonymous_28)
FN:1307,(anonymous_29)
FN:1327,(anonymous_30)
FN:1471,(anonymous_31)
FN:1491,(anonymous_32)
FN:1623,(anonymous_33)
FN:1639,(anonymous_34)
FN:1749,(anonymous_35)
FN:1767,(anonymous_36)
FN:1769,(anonymous_37)
FN:1842,(anonymous_38)
FN:1994,(anonymous_39)
FN:2056,(anonymous_40)
FN:2090,(anonymous_41)
FN:2223,(anonymous_42)
FN:2252,(anonymous_43)
FN:2300,(anonymous_44)
FN:2306,(anonymous_45)
FN:2313,(anonymous_46)
FN:2339,(anonymous_47)
FN:2492,(anonymous_48)
FN:2509,(anonymous_49)
FN:2590,(anonymous_50)
FNF:42
FNH:2
FNDA:3,(anonymous_9)
FNDA:3,(anonymous_10)
FNDA:0,(anonymous_11)
FNDA:0,(anonymous_12)
FNDA:0,(anonymous_13)
FNDA:0,(anonymous_14)
FNDA:0,(anonymous_15)
FNDA:0,(anonymous_16)
FNDA:0,(anonymous_17)
FNDA:0,(anonymous_18)
FNDA:0,(anonymous_19)
FNDA:0,(anonymous_20)
FNDA:0,(anonymous_21)
FNDA:0,(anonymous_22)
FNDA:0,(anonymous_23)
FNDA:0,sendVendorContestEmail
FNDA:0,(anonymous_25)
FNDA:0,(anonymous_26)
FNDA:0,(anonymous_27)
FNDA:0,(anonymous_28)
FNDA:0,(anonymous_29)
FNDA:0,(anonymous_30)
FNDA:0,(anonymous_31)
FNDA:0,(anonymous_32)
FNDA:0,(anonymous_33)
FNDA:0,(anonymous_34)
FNDA:0,(anonymous_35)
FNDA:0,(anonymous_36)
FNDA:0,(anonymous_37)
FNDA:0,(anonymous_38)
FNDA:0,(anonymous_39)
FNDA:0,(anonymous_40)
FNDA:0,(anonymous_41)
FNDA:0,(anonymous_42)
FNDA:0,(anonymous_43)
FNDA:0,(anonymous_44)
FNDA:0,(anonymous_45)
FNDA:0,(anonymous_46)
FNDA:0,(anonymous_47)
FNDA:0,(anonymous_48)
FNDA:0,(anonymous_49)
FNDA:0,(anonymous_50)
DA:2,6
DA:3,6
DA:5,6
DA:25,6
DA:26,3
DA:41,3
DA:49,3
DA:53,6
DA:54,3
DA:55,3
DA:56,3
DA:57,3
DA:58,3
DA:60,0
DA:61,0
DA:66,6
DA:67,0
DA:71,6
DA:72,0
DA:73,0
DA:76,0
DA:78,0
DA:79,0
DA:80,0
DA:83,0
DA:84,0
DA:85,0
DA:87,0
DA:89,0
DA:91,0
DA:124,0
DA:131,0
DA:137,0
DA:138,0
DA:139,0
DA:140,0
DA:142,0
DA:144,0
DA:145,0
DA:146,0
DA:147,0
DA:150,0
DA:153,0
DA:154,0
DA:158,0
DA:161,0
DA:162,0
DA:163,0
DA:166,0
DA:171,6
DA:172,0
DA:173,0
DA:174,0
DA:175,0
DA:177,0
DA:178,0
DA:179,0
DA:182,0
DA:184,0
DA:185,0
DA:186,0
DA:187,0
DA:190,0
DA:192,0
DA:195,0
DA:196,0
DA:197,0
DA:198,0
DA:199,0
DA:201,0
DA:202,0
DA:205,0
DA:206,0
DA:209,0
DA:218,0
DA:220,0
DA:308,0
DA:315,0
DA:321,0
DA:322,0
DA:323,0
DA:324,0
DA:326,0
DA:328,0
DA:329,0
DA:330,0
DA:331,0
DA:334,0
DA:337,0
DA:338,0
DA:342,0
DA:345,0
DA:346,0
DA:347,0
DA:350,0
DA:355,6
DA:356,0
DA:357,0
DA:360,0
DA:362,0
DA:363,0
DA:364,0
DA:367,0
DA:369,0
DA:371,0
DA:372,0
DA:380,0
DA:427,0
DA:434,0
DA:440,0
DA:441,0
DA:442,0
DA:443,0
DA:445,0
DA:447,0
DA:448,0
DA:449,0
DA:452,0
DA:455,0
DA:457,0
DA:458,0
DA:459,0
DA:462,0
DA:467,6
DA:468,0
DA:469,0
DA:472,0
DA:474,0
DA:475,0
DA:476,0
DA:479,0
DA:481,0
DA:484,0
DA:485,0
DA:499,0
DA:501,0
DA:596,0
DA:603,0
DA:609,0
DA:610,0
DA:611,0
DA:612,0
DA:614,0
DA:616,0
DA:617,0
DA:618,0
DA:621,0
DA:624,0
DA:625,0
DA:629,0
DA:632,0
DA:633,0
DA:634,0
DA:637,0
DA:642,6
DA:643,0
DA:644,0
DA:647,0
DA:649,0
DA:650,0
DA:651,0
DA:654,0
DA:657,0
DA:659,0
DA:717,0
DA:719,0
DA:782,0
DA:791,0
DA:798,0
DA:804,0
DA:805,0
DA:808,0
DA:813,0
DA:818,0
DA:820,0
DA:822,0
DA:823,0
DA:824,0
DA:827,0
DA:830,0
DA:831,0
DA:835,0
DA:838,0
DA:839,0
DA:840,0
DA:843,0
DA:860,6
DA:861,0
DA:862,0
DA:864,0
DA:866,0
DA:870,0
DA:937,0
DA:943,0
DA:944,0
DA:946,0
DA:948,0
DA:949,0
DA:953,6
DA:954,0
DA:955,0
DA:957,0
DA:958,0
DA:959,0
DA:960,0
DA:963,0
DA:966,0
DA:968,0
DA:970,0
DA:1008,0
DA:1030,0
DA:1032,0
DA:1055,0
DA:1094,0
DA:1101,0
DA:1108,0
DA:1110,0
DA:1111,0
DA:1113,0
DA:1118,0
DA:1119,0
DA:1121,0
DA:1123,0
DA:1124,0
DA:1125,0
DA:1128,0
DA:1131,0
DA:1132,0
DA:1136,0
DA:1139,0
DA:1140,0
DA:1141,0
DA:1144,0
DA:1151,6
DA:1157,0
DA:1158,0
DA:1161,0
DA:1163,0
DA:1164,0
DA:1165,0
DA:1168,0
DA:1170,0
DA:1172,0
DA:1173,0
DA:1181,0
DA:1271,0
DA:1278,0
DA:1279,0
DA:1280,0
DA:1281,0
DA:1283,0
DA:1285,0
DA:1286,0
DA:1287,0
DA:1290,0
DA:1293,0
DA:1295,0
DA:1296,0
DA:1297,0
DA:1300,0
DA:1307,6
DA:1312,0
DA:1313,0
DA:1316,0
DA:1318,0
DA:1319,0
DA:1320,0
DA:1323,0
DA:1325,0
DA:1327,0
DA:1328,0
DA:1336,0
DA:1435,0
DA:1442,0
DA:1443,0
DA:1444,0
DA:1445,0
DA:1447,0
DA:1449,0
DA:1450,0
DA:1451,0
DA:1454,0
DA:1457,0
DA:1459,0
DA:1460,0
DA:1461,0
DA:1464,0
DA:1471,6
DA:1476,0
DA:1477,0
DA:1480,0
DA:1482,0
DA:1483,0
DA:1484,0
DA:1487,0
DA:1489,0
DA:1491,0
DA:1492,0
DA:1500,0
DA:1589,0
DA:1596,0
DA:1597,0
DA:1598,0
DA:1599,0
DA:1601,0
DA:1603,0
DA:1604,0
DA:1605,0
DA:1608,0
DA:1611,0
DA:1613,0
DA:1614,0
DA:1615,0
DA:1618,0
DA:1623,6
DA:1624,0
DA:1625,0
DA:1628,0
DA:1630,0
DA:1631,0
DA:1632,0
DA:1635,0
DA:1637,0
DA:1639,0
DA:1640,0
DA:1641,0
DA:1648,0
DA:1697,0
DA:1704,0
DA:1705,0
DA:1706,0
DA:1707,0
DA:1709,0
DA:1711,0
DA:1712,0
DA:1713,0
DA:1716,0
DA:1719,0
DA:1721,0
DA:1722,0
DA:1723,0
DA:1726,0
DA:1749,6
DA:1750,0
DA:1751,0
DA:1754,0
DA:1756,0
DA:1757,0
DA:1758,0
DA:1761,0
DA:1763,0
DA:1766,0
DA:1768,0
DA:1769,0
DA:1770,0
DA:1777,0
DA:1782,0
DA:1783,0
DA:1784,0
DA:1786,0
DA:1797,0
DA:1843,0
DA:1844,0
DA:1920,0
DA:1927,0
DA:1933,0
DA:1934,0
DA:1935,0
DA:1936,0
DA:1938,0
DA:1940,0
DA:1941,0
DA:1942,0
DA:1945,0
DA:1948,0
DA:1949,0
DA:1953,0
DA:1956,0
DA:1957,0
DA:1958,0
DA:1961,0
DA:1994,6
DA:1995,0
DA:1996,0
DA:1999,0
DA:2001,0
DA:2002,0
DA:2003,0
DA:2006,0
DA:2008,0
DA:2011,0
DA:2012,0
DA:2013,0
DA:2021,0
DA:2023,0
DA:2024,0
DA:2025,0
DA:2027,0
DA:2028,0
DA:2030,0
DA:2033,0
DA:2034,0
DA:2035,0
DA:2036,0
DA:2038,0
DA:2039,0
DA:2041,0
DA:2044,0
DA:2045,0
DA:2046,0
DA:2047,0
DA:2049,0
DA:2050,0
DA:2052,0
DA:2056,0
DA:2058,0
DA:2090,0
DA:2177,0
DA:2184,0
DA:2190,0
DA:2191,0
DA:2192,0
DA:2193,0
DA:2195,0
DA:2197,0
DA:2198,0
DA:2199,0
DA:2202,0
DA:2205,0
DA:2206,0
DA:2210,0
DA:2213,0
DA:2214,0
DA:2215,0
DA:2218,0
DA:2223,6
DA:2232,0
DA:2233,0
DA:2235,0
DA:2236,0
DA:2237,0
DA:2238,0
DA:2239,0
DA:2240,0
DA:2242,0
DA:2245,0
DA:2246,0
DA:2248,0
DA:2252,0
DA:2258,0
DA:2299,0
DA:2301,0
DA:2307,0
DA:2308,0
DA:2313,0
DA:2314,0
DA:2316,0
DA:2319,0
DA:2320,0
DA:2321,0
DA:2322,0
DA:2324,0
DA:2339,6
DA:2340,0
DA:2341,0
DA:2344,0
DA:2346,0
DA:2347,0
DA:2348,0
DA:2351,0
DA:2354,0
DA:2360,0
DA:2361,0
DA:2370,0
DA:2372,0
DA:2451,0
DA:2458,0
DA:2465,0
DA:2466,0
DA:2467,0
DA:2468,0
DA:2470,0
DA:2472,0
DA:2473,0
DA:2474,0
DA:2477,0
DA:2480,0
DA:2482,0
DA:2483,0
DA:2484,0
DA:2487,0
DA:2492,6
DA:2493,0
DA:2494,0
DA:2497,0
DA:2499,0
DA:2500,0
DA:2501,0
DA:2504,0
DA:2506,0
DA:2509,0
DA:2510,0
DA:2519,0
DA:2523,0
DA:2524,0
DA:2527,0
DA:2590,0
DA:2683,0
DA:2690,0
DA:2698,0
DA:2699,0
DA:2700,0
DA:2701,0
DA:2703,0
DA:2705,0
DA:2706,0
DA:2707,0
DA:2710,0
DA:2713,0
DA:2715,0
DA:2716,0
DA:2717,0
DA:2720,0
LF:523
LH:30
BRDA:28,0,0,3
BRDA:28,0,1,0
BRDA:46,1,0,3
BRDA:46,1,1,0
BRDA:67,2,0,0
BRDA:67,2,1,0
BRDA:67,2,2,0
BRDA:76,3,0,0
BRDA:76,4,0,0
BRDA:76,4,1,0
BRDA:76,4,2,0
BRDA:76,4,3,0
BRDA:79,5,0,0
BRDA:79,5,1,0
BRDA:84,6,0,0
BRDA:84,6,1,0
BRDA:89,7,0,0
BRDA:89,7,1,0
BRDA:125,8,0,0
BRDA:125,8,1,0
BRDA:144,9,0,0
BRDA:153,10,0,0
BRDA:153,10,1,0
BRDA:161,11,0,0
BRDA:177,12,0,0
BRDA:177,12,1,0
BRDA:182,13,0,0
BRDA:182,14,0,0
BRDA:182,14,1,0
BRDA:182,14,2,0
BRDA:182,14,3,0
BRDA:196,15,0,0
BRDA:196,15,1,0
BRDA:197,16,0,0
BRDA:197,16,1,0
BRDA:198,17,0,0
BRDA:198,17,1,0
BRDA:199,18,0,0
BRDA:199,18,1,0
BRDA:201,19,0,0
BRDA:201,19,1,0
BRDA:205,20,0,0
BRDA:205,20,1,0
BRDA:309,21,0,0
BRDA:309,21,1,0
BRDA:328,22,0,0
BRDA:337,23,0,0
BRDA:337,23,1,0
BRDA:345,24,0,0
BRDA:360,25,0,0
BRDA:360,26,0,0
BRDA:360,26,1,0
BRDA:360,26,2,0
BRDA:360,26,3,0
BRDA:399,27,0,0
BRDA:399,27,1,0
BRDA:428,28,0,0
BRDA:428,28,1,0
BRDA:447,29,0,0
BRDA:457,30,0,0
BRDA:472,31,0,0
BRDA:472,32,0,0
BRDA:472,32,1,0
BRDA:472,32,2,0
BRDA:472,32,3,0
BRDA:490,33,0,0
BRDA:490,33,1,0
BRDA:491,34,0,0
BRDA:491,34,1,0
BRDA:491,35,0,0
BRDA:491,35,1,0
BRDA:491,36,0,0
BRDA:491,36,1,0
BRDA:491,37,0,0
BRDA:491,37,1,0
BRDA:491,38,0,0
BRDA:491,38,1,0
BRDA:491,39,0,0
BRDA:491,39,1,0
BRDA:492,40,0,0
BRDA:492,40,1,0
BRDA:494,41,0,0
BRDA:494,41,1,0
BRDA:539,42,0,0
BRDA:539,42,1,0
BRDA:539,43,0,0
BRDA:539,43,1,0
BRDA:539,44,0,0
BRDA:539,44,1,0
BRDA:539,45,0,0
BRDA:539,45,1,0
BRDA:539,46,0,0
BRDA:539,46,1,0
BRDA:543,47,0,0
BRDA:543,47,1,0
BRDA:543,48,0,0
BRDA:543,48,1,0
BRDA:543,49,0,0
BRDA:543,49,1,0
BRDA:564,50,0,0
BRDA:564,50,1,0
BRDA:597,51,0,0
BRDA:597,51,1,0
BRDA:616,52,0,0
BRDA:624,53,0,0
BRDA:624,53,1,0
BRDA:632,54,0,0
BRDA:647,55,0,0
BRDA:647,56,0,0
BRDA:647,56,1,0
BRDA:647,56,2,0
BRDA:647,56,3,0
BRDA:681,57,0,0
BRDA:681,57,1,0
BRDA:783,58,0,0
BRDA:783,58,1,0
BRDA:784,59,0,0
BRDA:784,59,1,0
BRDA:792,60,0,0
BRDA:792,60,1,0
BRDA:822,61,0,0
BRDA:830,62,0,0
BRDA:830,62,1,0
BRDA:838,63,0,0
BRDA:866,64,0,0
BRDA:866,64,1,0
BRDA:954,65,0,0
BRDA:957,66,0,0
BRDA:996,67,0,0
BRDA:996,67,1,0
BRDA:1095,68,0,0
BRDA:1095,68,1,0
BRDA:1096,69,0,0
BRDA:1096,69,1,0
BRDA:1102,70,0,0
BRDA:1102,70,1,0
BRDA:1123,71,0,0
BRDA:1131,72,0,0
BRDA:1131,72,1,0
BRDA:1139,73,0,0
BRDA:1161,74,0,0
BRDA:1161,75,0,0
BRDA:1161,75,1,0
BRDA:1161,75,2,0
BRDA:1161,75,3,0
BRDA:1230,76,0,0
BRDA:1230,76,1,0
BRDA:1272,77,0,0
BRDA:1272,77,1,0
BRDA:1285,78,0,0
BRDA:1295,79,0,0
BRDA:1316,80,0,0
BRDA:1316,81,0,0
BRDA:1316,81,1,0
BRDA:1316,81,2,0
BRDA:1316,81,3,0
BRDA:1392,82,0,0
BRDA:1392,82,1,0
BRDA:1436,83,0,0
BRDA:1436,83,1,0
BRDA:1449,84,0,0
BRDA:1459,85,0,0
BRDA:1480,86,0,0
BRDA:1480,87,0,0
BRDA:1480,87,1,0
BRDA:1480,87,2,0
BRDA:1480,87,3,0
BRDA:1590,88,0,0
BRDA:1590,88,1,0
BRDA:1603,89,0,0
BRDA:1613,90,0,0
BRDA:1628,91,0,0
BRDA:1628,92,0,0
BRDA:1628,92,1,0
BRDA:1628,92,2,0
BRDA:1628,92,3,0
BRDA:1640,93,0,0
BRDA:1663,94,0,0
BRDA:1663,94,1,0
BRDA:1698,95,0,0
BRDA:1698,95,1,0
BRDA:1711,96,0,0
BRDA:1721,97,0,0
BRDA:1754,98,0,0
BRDA:1754,99,0,0
BRDA:1754,99,1,0
BRDA:1754,99,2,0
BRDA:1754,99,3,0
BRDA:1766,100,0,0
BRDA:1766,100,1,0
BRDA:1768,101,0,0
BRDA:1769,102,0,0
BRDA:1769,102,1,0
BRDA:1769,103,0,0
BRDA:1769,103,1,0
BRDA:1772,104,0,0
BRDA:1772,104,1,0
BRDA:1772,105,0,0
BRDA:1772,105,1,0
BRDA:1772,106,0,0
BRDA:1772,106,1,0
BRDA:1773,107,0,0
BRDA:1773,107,1,0
BRDA:1773,108,0,0
BRDA:1773,108,1,0
BRDA:1773,109,0,0
BRDA:1773,109,1,0
BRDA:1774,110,0,0
BRDA:1774,110,1,0
BRDA:1774,111,0,0
BRDA:1774,111,1,0
BRDA:1774,112,0,0
BRDA:1774,112,1,0
BRDA:1824,113,0,0
BRDA:1824,113,1,0
BRDA:1840,114,0,0
BRDA:1840,114,1,0
BRDA:1840,115,0,0
BRDA:1840,115,1,0
BRDA:1843,116,0,0
BRDA:1853,117,0,0
BRDA:1853,117,1,0
BRDA:1853,118,0,0
BRDA:1853,118,1,0
BRDA:1859,119,0,0
BRDA:1859,119,1,0
BRDA:1868,120,0,0
BRDA:1868,120,1,0
BRDA:1881,121,0,0
BRDA:1881,121,1,0
BRDA:1921,122,0,0
BRDA:1921,122,1,0
BRDA:1940,123,0,0
BRDA:1948,124,0,0
BRDA:1948,124,1,0
BRDA:1956,125,0,0
BRDA:1999,126,0,0
BRDA:1999,127,0,0
BRDA:1999,127,1,0
BRDA:1999,127,2,0
BRDA:1999,127,3,0
BRDA:2021,128,0,0
BRDA:2021,128,1,0
BRDA:2028,129,0,0
BRDA:2028,129,1,0
BRDA:2033,130,0,0
BRDA:2033,130,1,0
BRDA:2039,131,0,0
BRDA:2039,131,1,0
BRDA:2050,132,0,0
BRDA:2050,132,1,0
BRDA:2077,133,0,0
BRDA:2077,133,1,0
BRDA:2077,134,0,0
BRDA:2077,134,1,0
BRDA:2078,135,0,0
BRDA:2078,135,1,0
BRDA:2081,136,0,0
BRDA:2081,136,1,0
BRDA:2120,137,0,0
BRDA:2120,137,1,0
BRDA:2141,138,0,0
BRDA:2141,138,1,0
BRDA:2142,139,0,0
BRDA:2142,139,1,0
BRDA:2150,140,0,0
BRDA:2150,140,1,0
BRDA:2150,141,0,0
BRDA:2150,141,1,0
BRDA:2150,142,0,0
BRDA:2150,142,1,0
BRDA:2178,143,0,0
BRDA:2178,143,1,0
BRDA:2197,144,0,0
BRDA:2205,145,0,0
BRDA:2205,145,1,0
BRDA:2213,146,0,0
BRDA:2235,147,0,0
BRDA:2237,148,0,0
BRDA:2248,149,0,0
BRDA:2248,149,1,0
BRDA:2253,150,0,0
BRDA:2253,150,1,0
BRDA:2273,151,0,0
BRDA:2273,151,1,0
BRDA:2283,152,0,0
BRDA:2283,152,1,0
BRDA:2289,153,0,0
BRDA:2289,153,1,0
BRDA:2302,154,0,0
BRDA:2302,154,1,0
BRDA:2320,155,0,0
BRDA:2344,156,0,0
BRDA:2344,157,0,0
BRDA:2344,157,1,0
BRDA:2344,157,2,0
BRDA:2344,157,3,0
BRDA:2407,158,0,0
BRDA:2407,158,1,0
BRDA:2407,159,0,0
BRDA:2407,159,1,0
BRDA:2417,160,0,0
BRDA:2417,160,1,0
BRDA:2417,161,0,0
BRDA:2417,161,1,0
BRDA:2423,162,0,0
BRDA:2423,162,1,0
BRDA:2428,163,0,0
BRDA:2428,163,1,0
BRDA:2432,164,0,0
BRDA:2432,164,1,0
BRDA:2452,165,0,0
BRDA:2452,165,1,0
BRDA:2472,166,0,0
BRDA:2482,167,0,0
BRDA:2497,168,0,0
BRDA:2497,169,0,0
BRDA:2497,169,1,0
BRDA:2497,169,2,0
BRDA:2497,169,3,0
BRDA:2519,170,0,0
BRDA:2519,170,1,0
BRDA:2524,171,0,0
BRDA:2524,171,1,0
BRDA:2573,172,0,0
BRDA:2573,172,1,0
BRDA:2599,173,0,0
BRDA:2599,173,1,0
BRDA:2604,174,0,0
BRDA:2604,174,1,0
BRDA:2618,175,0,0
BRDA:2618,175,1,0
BRDA:2619,176,0,0
BRDA:2619,176,1,0
BRDA:2619,177,0,0
BRDA:2619,177,1,0
BRDA:2619,178,0,0
BRDA:2619,178,1,0
BRDA:2620,179,0,0
BRDA:2620,179,1,0
BRDA:2620,180,0,0
BRDA:2620,180,1,0
BRDA:2639,181,0,0
BRDA:2639,181,1,0
BRDA:2684,182,0,0
BRDA:2684,182,1,0
BRDA:2705,183,0,0
BRDA:2715,184,0,0
BRF:348
BRH:2
end_of_record
TN:
SF:src/utils/performanceMonitor.ts
FN:66,(anonymous_0)
FN:71,(anonymous_1)
FN:78,(anonymous_2)
FN:88,(anonymous_3)
FN:110,(anonymous_4)
FN:132,(anonymous_5)
FN:150,(anonymous_6)
FN:155,(anonymous_7)
FN:156,(anonymous_8)
FN:157,(anonymous_9)
FN:160,(anonymous_10)
FN:164,(anonymous_11)
FN:165,(anonymous_12)
FN:168,(anonymous_13)
FN:172,(anonymous_14)
FN:213,(anonymous_15)
FN:220,(anonymous_16)
FN:227,(anonymous_17)
FN:233,(anonymous_18)
FN:244,(anonymous_19)
FN:245,(anonymous_20)
FN:246,(anonymous_21)
FN:259,(anonymous_22)
FN:305,(anonymous_23)
FN:316,(anonymous_24)
FN:323,(anonymous_25)
FN:324,(anonymous_26)
FN:325,(anonymous_27)
FN:341,(anonymous_28)
FN:356,(anonymous_29)
FN:361,(anonymous_30)
FN:381,(anonymous_31)
FNF:32
FNH:22
FNDA:5,(anonymous_0)
FNDA:0,(anonymous_1)
FNDA:5,(anonymous_2)
FNDA:7,(anonymous_3)
FNDA:2,(anonymous_4)
FNDA:1,(anonymous_5)
FNDA:6,(anonymous_6)
FNDA:6,(anonymous_7)
FNDA:6,(anonymous_8)
FNDA:6,(anonymous_9)
FNDA:6,(anonymous_10)
FNDA:2,(anonymous_11)
FNDA:2,(anonymous_12)
FNDA:2,(anonymous_13)
FNDA:1,(anonymous_14)
FNDA:0,(anonymous_15)
FNDA:0,(anonymous_16)
FNDA:1,(anonymous_17)
FNDA:2,(anonymous_18)
FNDA:2,(anonymous_19)
FNDA:2,(anonymous_20)
FNDA:2,(anonymous_21)
FNDA:1,(anonymous_22)
FNDA:14,(anonymous_23)
FNDA:0,(anonymous_24)
FNDA:0,(anonymous_25)
FNDA:0,(anonymous_26)
FNDA:0,(anonymous_27)
FNDA:9,(anonymous_28)
FNDA:0,(anonymous_29)
FNDA:0,(anonymous_30)
FNDA:0,(anonymous_31)
DA:57,5
DA:59,5
DA:60,5
DA:61,5
DA:62,5
DA:63,5
DA:68,5
DA:71,5
DA:72,0
DA:75,5
DA:79,5
DA:80,5
DA:82,5
DA:89,7
DA:95,7
DA:96,1
DA:100,7
DA:101,1
DA:104,7
DA:111,2
DA:117,2
DA:118,0
DA:122,2
DA:123,0
DA:126,2
DA:133,1
DA:139,1
DA:142,1
DA:143,0
DA:151,6
DA:152,6
DA:155,6
DA:156,6
DA:157,6
DA:159,6
DA:160,6
DA:164,6
DA:165,6
DA:167,6
DA:168,2
DA:172,6
DA:175,6
DA:176,6
DA:178,6
DA:214,0
DA:221,0
DA:233,2
DA:235,1
DA:236,0
DA:244,2
DA:245,2
DA:246,2
DA:248,1
DA:263,1
DA:264,1
DA:267,1
DA:268,1
DA:272,1
DA:273,0
DA:277,1
DA:278,0
DA:281,1
DA:282,0
DA:286,1
DA:287,1
DA:288,0
DA:292,1
DA:293,0
DA:296,1
DA:306,14
DA:307,14
DA:308,14
DA:309,14
DA:310,14
DA:317,0
DA:319,0
DA:320,0
DA:321,0
DA:323,0
DA:324,0
DA:325,0
DA:327,0
DA:329,0
DA:330,0
DA:331,0
DA:333,0
DA:334,0
DA:342,9
DA:343,0
DA:346,9
DA:347,0
DA:353,5
DA:356,5
DA:357,0
DA:360,0
DA:361,0
DA:362,0
DA:364,0
DA:374,0
DA:377,0
DA:381,5
DA:386,0
DA:387,0
DA:390,0
DA:391,0
DA:392,0
DA:394,0
DA:395,0
DA:396,0
DA:398,0
DA:400,0
DA:410,5
LF:112
LH:68
BRDA:79,0,0,5
BRDA:95,1,0,1
BRDA:100,2,0,1
BRDA:117,3,0,0
BRDA:122,4,0,0
BRDA:142,5,0,0
BRDA:159,6,0,4
BRDA:159,6,1,2
BRDA:167,7,0,2
BRDA:167,7,1,4
BRDA:176,8,0,6
BRDA:176,8,1,0
BRDA:183,9,0,4
BRDA:183,9,1,2
BRDA:191,10,0,2
BRDA:191,10,1,4
BRDA:213,11,0,0
BRDA:220,12,0,0
BRDA:235,13,0,0
BRDA:267,14,0,1
BRDA:272,15,0,0
BRDA:277,16,0,0
BRDA:281,17,0,0
BRDA:287,18,0,0
BRDA:292,19,0,0
BRDA:333,20,0,0
BRDA:333,21,0,0
BRDA:333,21,1,0
BRDA:333,21,2,0
BRDA:342,22,0,0
BRDA:346,23,0,0
BRDA:366,24,0,0
BRDA:366,24,1,0
BRDA:366,24,2,0
BRDA:366,25,0,0
BRDA:366,25,1,0
BRDA:366,26,0,0
BRDA:366,26,1,0
BRDA:370,27,0,0
BRDA:370,27,1,0
BRDA:371,28,0,0
BRDA:371,28,1,0
BRDA:371,29,0,0
BRDA:371,29,1,0
BRDA:395,30,0,0
BRDA:395,30,1,0
BRF:46
BRH:13
end_of_record
TN:
SF:src/utils/queryCache.ts
FN:12,(anonymous_0)
FN:19,(anonymous_1)
FN:28,(anonymous_2)
FN:48,(anonymous_3)
FN:62,(anonymous_4)
FN:78,(anonymous_5)
FN:95,(anonymous_6)
FN:105,(anonymous_7)
FN:116,cached
FN:117,(anonymous_9)
FN:120,(anonymous_10)
FN:124,(anonymous_11)
FN:153,(anonymous_12)
FN:162,(anonymous_13)
FN:169,(anonymous_14)
FN:178,(anonymous_15)
FNF:16
FNH:3
FNDA:10,(anonymous_0)
FNDA:0,(anonymous_1)
FNDA:0,(anonymous_2)
FNDA:0,(anonymous_3)
FNDA:88,(anonymous_4)
FNDA:0,(anonymous_5)
FNDA:0,(anonymous_6)
FNDA:0,(anonymous_7)
FNDA:0,cached
FNDA:0,(anonymous_9)
FNDA:0,(anonymous_10)
FNDA:0,(anonymous_11)
FNDA:22,(anonymous_12)
FNDA:0,(anonymous_13)
FNDA:0,(anonymous_14)
FNDA:0,(anonymous_15)
DA:1,10
DA:13,10
DA:14,10
DA:20,0
DA:21,0
DA:22,0
DA:29,0
DA:30,0
DA:32,0
DA:33,0
DA:37,0
DA:38,0
DA:39,0
DA:42,0
DA:49,0
DA:50,0
DA:51,0
DA:53,0
DA:63,88
DA:65,88
DA:66,0
DA:67,0
DA:68,0
DA:72,88
DA:79,0
DA:80,0
DA:82,0
DA:83,0
DA:84,0
DA:85,0
DA:89,0
DA:96,0
DA:106,0
DA:111,10
DA:116,10
DA:117,0
DA:118,0
DA:120,0
DA:122,0
DA:125,0
DA:130,0
DA:131,0
DA:132,0
DA:133,0
DA:137,0
DA:138,0
DA:140,0
DA:142,0
DA:145,0
DA:152,10
DA:154,22
DA:163,0
DA:170,0
DA:178,10
DA:179,0
DA:180,0
DA:181,0
DA:185,10
LF:58
LH:12
BRDA:32,0,0,0
BRDA:37,1,0,0
BRDA:50,2,0,0
BRDA:50,2,1,0
BRDA:66,3,0,0
BRDA:83,4,0,0
BRDA:125,5,0,0
BRDA:125,5,1,0
BRDA:125,6,0,0
BRDA:125,6,1,0
BRDA:131,7,0,0
BRDA:180,8,0,0
BRF:12
BRH:0
end_of_record
TN:
SF:src/utils/seedTags.ts
FN:203,(anonymous_0)
FN:211,(anonymous_1)
FN:216,(anonymous_2)
FN:225,(anonymous_3)
FN:259,(anonymous_4)
FN:266,(anonymous_5)
FNF:6
FNH:5
FNDA:1,(anonymous_0)
FNDA:27,(anonymous_1)
FNDA:0,(anonymous_2)
FNDA:6,(anonymous_3)
FNDA:10,(anonymous_4)
FNDA:2,(anonymous_5)
DA:1,1
DA:4,1
DA:203,1
DA:204,1
DA:205,1
DA:207,1
DA:208,1
DA:211,27
DA:212,1
DA:216,1
DA:219,1
DA:220,27
DA:221,27
DA:223,27
DA:226,6
DA:229,6
DA:235,27
DA:239,27
DA:240,27
DA:242,0
DA:245,0
DA:249,1
DA:250,1
DA:253,1
DA:254,1
DA:256,1
DA:258,1
DA:259,1
DA:260,10
DA:261,10
DA:262,10
DA:265,1
DA:266,1
DA:267,2
DA:271,1
DA:273,0
DA:274,0
LF:37
LH:33
BRDA:221,0,0,27
BRDA:221,0,1,0
BRDA:229,1,0,6
BRDA:229,1,1,0
BRDA:256,2,0,1
BRDA:260,3,0,2
BRF:6
BRH:4
end_of_record
TN:
SF:src/utils/validation.ts
FN:24,(anonymous_0)
FN:75,(anonymous_1)
FN:138,(anonymous_2)
FN:220,(anonymous_3)
FN:226,(anonymous_4)
FN:232,(anonymous_5)
FNF:6
FNH:2
FNDA:0,(anonymous_0)
FNDA:0,(anonymous_1)
FNDA:1,(anonymous_2)
FNDA:1,(anonymous_3)
FNDA:0,(anonymous_4)
FNDA:0,(anonymous_5)
DA:2,1
DA:5,1
DA:24,1
DA:25,0
DA:26,0
DA:29,0
DA:31,0
DA:32,0
DA:35,0
DA:36,0
DA:43,0
DA:46,0
DA:53,0
DA:54,0
DA:55,0
DA:62,0
DA:75,1
DA:79,0
DA:80,0
DA:83,0
DA:84,0
DA:86,0
DA:88,0
DA:89,0
DA:90,0
DA:94,0
DA:95,0
DA:96,0
DA:100,0
DA:101,0
DA:102,0
DA:105,0
DA:106,0
DA:107,0
DA:110,0
DA:111,0
DA:112,0
DA:116,0
DA:119,0
DA:120,0
DA:126,0
DA:138,1
DA:139,1
DA:140,0
DA:147,1
DA:154,1
DA:155,1
DA:156,1
DA:164,0
DA:165,0
DA:172,0
DA:173,0
DA:174,0
DA:180,0
DA:181,0
DA:189,0
DA:192,0
DA:199,0
DA:200,0
DA:206,0
DA:207,0
DA:208,0
DA:209,0
DA:216,0
DA:220,1
DA:221,1
DA:222,1
DA:226,1
DA:227,0
DA:228,0
DA:232,1
DA:234,0
DA:235,0
DA:236,0
LF:74
LH:15
BRDA:25,0,0,0
BRDA:31,1,0,0
BRDA:35,2,0,0
BRDA:54,3,0,0
BRDA:79,4,0,0
BRDA:88,5,0,0
BRDA:94,6,0,0
BRDA:100,7,0,0
BRDA:100,8,0,0
BRDA:100,8,1,0
BRDA:105,9,0,0
BRDA:110,10,0,0
BRDA:119,11,0,0
BRDA:139,12,0,0
BRDA:139,13,0,1
BRDA:139,13,1,1
BRDA:155,14,0,1
BRDA:164,15,0,0
BRDA:173,16,0,0
BRDA:173,17,0,0
BRDA:173,17,1,0
BRDA:180,18,0,0
BRDA:180,19,0,0
BRDA:180,19,1,0
BRDA:189,20,0,0
BRDA:189,21,0,0
BRDA:189,21,1,0
BRDA:189,21,2,0
BRDA:199,22,0,0
BRDA:199,23,0,0
BRDA:199,23,1,0
BRDA:208,24,0,0
BRDA:208,25,0,0
BRDA:208,25,1,0
BRF:34
BRH:3
end_of_record
